#
# A fatal error has been detected by the Java Runtime Environment:
#
#  Internal Error (sharedRuntime.cpp:834), pid=4964, tid=0x0000000000004e03
#  fatal error: exception happened outside interpreter, nmethods and vtable stubs at pc 0x0000000109df37b0
#
# JRE version: Java(TM) SE Runtime Environment (8.0_102-b14) (build 1.8.0_102-b14)
# Java VM: Java HotSpot(TM) 64-Bit Server VM (25.102-b14 mixed mode bsd-amd64 compressed oops)
# Failed to write core dump. Core dumps have been disabled. To enable core dumping, try "ulimit -c unlimited" before starting Java again
#
# If you would like to submit a bug report, please visit:
#   http://bugreport.java.com/bugreport/crash.jsp
#

---------------  T H R E A D  ---------------

Current thread (0x00007fe162d15800):  JavaThread "localhost-startStop-1" daemon [_thread_in_Java, id=19971, stack(0x00007000010ca000,0x00007000011ca000)]

Stack: [0x00007000010ca000,0x00007000011ca000],  sp=0x00007000011c6570,  free space=1009k
Native frames: (J=compiled Java code, j=interpreted, Vv=VM code, C=native code)
V  [libjvm.dylib+0x5afd6a]
V  [libjvm.dylib+0x1e7afb]
V  [libjvm.dylib+0x4e747f]
V  [libjvm.dylib+0x48b1ab]
V  [libjvm.dylib+0x487513]
C  [libsystem_platform.dylib+0x252a]  _sigtramp+0x1a
V  [libjvm.dylib+0x38f62d]
J 472 C2 java.lang.String.toCharArray()[C (25 bytes) @ 0x0000000109ff45de [0x0000000109ff4520+0xbe]
C  0x00007000011c7080


---------------  P R O C E S S  ---------------

Java Threads: ( => current thread )
  0x00007fe16310d000 JavaThread "Thread-2" daemon [_thread_in_native, id=20483, stack(0x00007000011cd000,0x00007000012cd000)]
=>0x00007fe162d15800 JavaThread "localhost-startStop-1" daemon [_thread_in_Java, id=19971, stack(0x00007000010ca000,0x00007000011ca000)]
  0x00007fe162dbb800 JavaThread "Tomcat-startStop-1" daemon [_thread_blocked, id=19459, stack(0x0000700000fc7000,0x00007000010c7000)]
  0x00007fe16303b800 JavaThread "Service Thread" daemon [_thread_blocked, id=18435, stack(0x0000700000dc1000,0x0000700000ec1000)]
  0x00007fe163038800 JavaThread "C1 CompilerThread2" daemon [_thread_blocked, id=17923, stack(0x0000700000cbe000,0x0000700000dbe000)]
  0x00007fe163030000 JavaThread "C2 CompilerThread1" daemon [_thread_blocked, id=17411, stack(0x0000700000bbb000,0x0000700000cbb000)]
  0x00007fe16302e800 JavaThread "C2 CompilerThread0" daemon [_thread_in_native, id=16899, stack(0x0000700000ab8000,0x0000700000bb8000)]
  0x00007fe163021000 JavaThread "Signal Dispatcher" daemon [_thread_blocked, id=13839, stack(0x00007000009b5000,0x0000700000ab5000)]
  0x00007fe16400b800 JavaThread "Finalizer" daemon [_thread_blocked, id=12291, stack(0x000070000082f000,0x000070000092f000)]
  0x00007fe16301c800 JavaThread "Reference Handler" daemon [_thread_blocked, id=11779, stack(0x000070000072c000,0x000070000082c000)]
  0x00007fe163802000 JavaThread "main" [_thread_blocked, id=5891, stack(0x000070000011a000,0x000070000021a000)]

Other Threads:
  0x00007fe16400b000 VMThread [stack: 0x0000700000629000,0x0000700000729000] [id=11267]
  0x00007fe163858000 WatcherThread [stack: 0x0000700000ec4000,0x0000700000fc4000] [id=18947]

VM state:not at safepoint (normal execution)

VM Mutex/Monitor currently owned by a thread: None

Heap:
 PSYoungGen      total 272896K, used 133657K [0x000000076ab00000, 0x0000000781000000, 0x00000007c0000000)
  eden space 262144K, 46% used [0x000000076ab00000,0x000000077230bf00,0x000000077ab00000)
  from space 10752K, 99% used [0x000000077ab00000,0x000000077b57a838,0x000000077b580000)
  to   space 33792K, 0% used [0x000000077ef00000,0x000000077ef00000,0x0000000781000000)
 ParOldGen       total 117248K, used 46601K [0x00000006c0000000, 0x00000006c7280000, 0x000000076ab00000)
  object space 117248K, 39% used [0x00000006c0000000,0x00000006c2d82760,0x00000006c7280000)
 Metaspace       used 30250K, capacity 30960K, committed 31360K, reserved 1077248K
  class space    used 3641K, capacity 3888K, committed 3968K, reserved 1048576K

Card table byte_map: [0x0000000119161000,0x0000000119962000] byte_map_base: 0x0000000115b61000

Marking Bits: (ParMarkBitMap*) 0x00000001096efd20
 Begin Bits: [0x0000000119eb8000, 0x000000011deb8000)
 End Bits:   [0x000000011deb8000, 0x0000000121eb8000)

Polling page: 0x0000000108593000

CodeCache: size=245760Kb used=15238Kb max_used=15254Kb free=230521Kb
 bounds [0x0000000109da1000, 0x000000010ac91000, 0x0000000118da1000]
 total_blobs=4787 nmethods=4388 adapters=312
 compilation: enabled

Compilation events (10 events):
Event: 6.366 Thread 0x00007fe163038800 nmethod 4422 0x000000010ac825d0 code [0x000000010ac82860, 0x000000010ac839a8]
Event: 6.366 Thread 0x00007fe163038800 4423       3       com.sun.beans.TypeResolver::resolveInClass (9 bytes)
Event: 6.367 Thread 0x00007fe163038800 nmethod 4423 0x000000010ac84290 code [0x000000010ac84460, 0x000000010ac84ac8]
Event: 6.368 Thread 0x00007fe163038800 4425       3       org.springframework.context.annotation.ConfigurationClassBeanDefinitionReader$ConfigurationClassBeanDefinition::isFactoryMethod (21 bytes)
Event: 6.368 Thread 0x00007fe163038800 nmethod 4425 0x000000010ac84e10 code [0x000000010ac84fc0, 0x000000010ac85538]
Event: 6.368 Thread 0x00007fe163038800 4424       3       java.lang.Class$MethodArray::hasDefaults (13 bytes)
Event: 6.368 Thread 0x00007fe163038800 nmethod 4424 0x000000010ac856d0 code [0x000000010ac85840, 0x000000010ac859f0]
Event: 6.370 Thread 0x00007fe16302e800 nmethod 4400 0x000000010ac89750 code [0x000000010ac899a0, 0x000000010ac8aa20]
Event: 6.370 Thread 0x00007fe16302e800 4405  s!   4       sun.misc.URLClassPath::getLoader (197 bytes)
Event: 6.371 Thread 0x00007fe163030000 nmethod 4404 0x000000010ac8bb50 code [0x000000010ac8bd80, 0x000000010ac8ce30]

GC Heap History (10 events):
Event: 2.224 GC heap before
{Heap before GC invocations=2 (full 0):
 PSYoungGen      total 76288K, used 75045K [0x000000076ab00000, 0x0000000774000000, 0x00000007c0000000)
  eden space 65536K, 100% used [0x000000076ab00000,0x000000076eb00000,0x000000076eb00000)
  from space 10752K, 88% used [0x000000076eb00000,0x000000076f4497b0,0x000000076f580000)
  to   space 10752K, 0% used [0x0000000773580000,0x0000000773580000,0x0000000774000000)
 ParOldGen       total 175104K, used 16K [0x00000006c0000000, 0x00000006cab00000, 0x000000076ab00000)
  object space 175104K, 0% used [0x00000006c0000000,0x00000006c0004000,0x00000006cab00000)
 Metaspace       used 15500K, capacity 15786K, committed 16128K, reserved 1062912K
  class space    used 1888K, capacity 2011K, committed 2048K, reserved 1048576K
Event: 2.245 GC heap after
Heap after GC invocations=2 (full 0):
 PSYoungGen      total 141824K, used 9574K [0x000000076ab00000, 0x0000000774000000, 0x00000007c0000000)
  eden space 131072K, 0% used [0x000000076ab00000,0x000000076ab00000,0x0000000772b00000)
  from space 10752K, 89% used [0x0000000773580000,0x0000000773ed9a80,0x0000000774000000)
  to   space 10752K, 0% used [0x0000000772b00000,0x0000000772b00000,0x0000000773580000)
 ParOldGen       total 175104K, used 24K [0x00000006c0000000, 0x00000006cab00000, 0x000000076ab00000)
  object space 175104K, 0% used [0x00000006c0000000,0x00000006c0006000,0x00000006cab00000)
 Metaspace       used 15500K, capacity 15786K, committed 16128K, reserved 1062912K
  class space    used 1888K, capacity 2011K, committed 2048K, reserved 1048576K
}
Event: 3.137 GC heap before
{Heap before GC invocations=3 (full 0):
 PSYoungGen      total 141824K, used 73837K [0x000000076ab00000, 0x0000000774000000, 0x00000007c0000000)
  eden space 131072K, 49% used [0x000000076ab00000,0x000000076e9c1b98,0x0000000772b00000)
  from space 10752K, 89% used [0x0000000773580000,0x0000000773ed9a80,0x0000000774000000)
  to   space 10752K, 0% used [0x0000000772b00000,0x0000000772b00000,0x0000000773580000)
 ParOldGen       total 175104K, used 24K [0x00000006c0000000, 0x00000006cab00000, 0x000000076ab00000)
  object space 175104K, 0% used [0x00000006c0000000,0x00000006c0006000,0x00000006cab00000)
 Metaspace       used 20750K, capacity 21178K, committed 21296K, reserved 1069056K
  class space    used 2481K, capacity 2653K, committed 2688K, reserved 1048576K
Event: 3.155 GC heap after
Heap after GC invocations=3 (full 0):
 PSYoungGen      total 141824K, used 10734K [0x000000076ab00000, 0x000000077c000000, 0x00000007c0000000)
  eden space 131072K, 0% used [0x000000076ab00000,0x000000076ab00000,0x0000000772b00000)
  from space 10752K, 99% used [0x0000000772b00000,0x000000077357bae0,0x0000000773580000)
  to   space 10752K, 0% used [0x000000077b580000,0x000000077b580000,0x000000077c000000)
 ParOldGen       total 175104K, used 2183K [0x00000006c0000000, 0x00000006cab00000, 0x000000076ab00000)
  object space 175104K, 1% used [0x00000006c0000000,0x00000006c0221ee0,0x00000006cab00000)
 Metaspace       used 20750K, capacity 21178K, committed 21296K, reserved 1069056K
  class space    used 2481K, capacity 2653K, committed 2688K, reserved 1048576K
}
Event: 3.155 GC heap before
{Heap before GC invocations=4 (full 1):
 PSYoungGen      total 141824K, used 10734K [0x000000076ab00000, 0x000000077c000000, 0x00000007c0000000)
  eden space 131072K, 0% used [0x000000076ab00000,0x000000076ab00000,0x0000000772b00000)
  from space 10752K, 99% used [0x0000000772b00000,0x000000077357bae0,0x0000000773580000)
  to   space 10752K, 0% used [0x000000077b580000,0x000000077b580000,0x000000077c000000)
 ParOldGen       total 175104K, used 2183K [0x00000006c0000000, 0x00000006cab00000, 0x000000076ab00000)
  object space 175104K, 1% used [0x00000006c0000000,0x00000006c0221ee0,0x00000006cab00000)
 Metaspace       used 20750K, capacity 21178K, committed 21296K, reserved 1069056K
  class space    used 2481K, capacity 2653K, committed 2688K, reserved 1048576K
Event: 3.219 GC heap after
Heap after GC invocations=4 (full 1):
 PSYoungGen      total 141824K, used 0K [0x000000076ab00000, 0x000000077c000000, 0x00000007c0000000)
  eden space 131072K, 0% used [0x000000076ab00000,0x000000076ab00000,0x0000000772b00000)
  from space 10752K, 0% used [0x0000000772b00000,0x0000000772b00000,0x0000000773580000)
  to   space 10752K, 0% used [0x000000077b580000,0x000000077b580000,0x000000077c000000)
 ParOldGen       total 117248K, used 12735K [0x00000006c0000000, 0x00000006c7280000, 0x000000076ab00000)
  object space 117248K, 10% used [0x00000006c0000000,0x00000006c0c6ffc0,0x00000006c7280000)
 Metaspace       used 20750K, capacity 21178K, committed 21296K, reserved 1069056K
  class space    used 2481K, capacity 2653K, committed 2688K, reserved 1048576K
}
Event: 4.231 GC heap before
{Heap before GC invocations=5 (full 1):
 PSYoungGen      total 141824K, used 131072K [0x000000076ab00000, 0x000000077c000000, 0x00000007c0000000)
  eden space 131072K, 100% used [0x000000076ab00000,0x0000000772b00000,0x0000000772b00000)
  from space 10752K, 0% used [0x0000000772b00000,0x0000000772b00000,0x0000000773580000)
  to   space 10752K, 0% used [0x000000077b580000,0x000000077b580000,0x000000077c000000)
 ParOldGen       total 117248K, used 12735K [0x00000006c0000000, 0x00000006c7280000, 0x000000076ab00000)
  object space 117248K, 10% used [0x00000006c0000000,0x00000006c0c6ffc0,0x00000006c7280000)
 Metaspace       used 22727K, capacity 23244K, committed 23344K, reserved 1069056K
  class space    used 2687K, capacity 2859K, committed 2944K, reserved 1048576K
Event: 4.256 GC heap after
Heap after GC invocations=5 (full 1):
 PSYoungGen      total 203776K, used 10729K [0x000000076ab00000, 0x000000077c000000, 0x00000007c0000000)
  eden space 193024K, 0% used [0x000000076ab00000,0x000000076ab00000,0x0000000776780000)
  from space 10752K, 99% used [0x000000077b580000,0x000000077bffa7a8,0x000000077c000000)
  to   space 10752K, 0% used [0x000000077ab00000,0x000000077ab00000,0x000000077b580000)
 ParOldGen       total 117248K, used 22667K [0x00000006c0000000, 0x00000006c7280000, 0x000000076ab00000)
  object space 117248K, 19% used [0x00000006c0000000,0x00000006c1622ce0,0x00000006c7280000)
 Metaspace       used 22727K, capacity 23244K, committed 23344K, reserved 1069056K
  class space    used 2687K, capacity 2859K, committed 2944K, reserved 1048576K
}
Event: 5.107 GC heap before
{Heap before GC invocations=6 (full 1):
 PSYoungGen      total 203776K, used 203753K [0x000000076ab00000, 0x000000077c000000, 0x00000007c0000000)
  eden space 193024K, 100% used [0x000000076ab00000,0x0000000776780000,0x0000000776780000)
  from space 10752K, 99% used [0x000000077b580000,0x000000077bffa7a8,0x000000077c000000)
  to   space 10752K, 0% used [0x000000077ab00000,0x000000077ab00000,0x000000077b580000)
 ParOldGen       total 117248K, used 22667K [0x00000006c0000000, 0x00000006c7280000, 0x000000076ab00000)
  object space 117248K, 19% used [0x00000006c0000000,0x00000006c1622ce0,0x00000006c7280000)
 Metaspace       used 22753K, capacity 23278K, committed 23344K, reserved 1069056K
  class space    used 2690K, capacity 2893K, committed 2944K, reserved 1048576K
Event: 5.144 GC heap after
Heap after GC invocations=6 (full 1):
 PSYoungGen      total 272896K, used 10730K [0x000000076ab00000, 0x0000000781000000, 0x00000007c0000000)
  eden space 262144K, 0% used [0x000000076ab00000,0x000000076ab00000,0x000000077ab00000)
  from space 10752K, 99% used [0x000000077ab00000,0x000000077b57a838,0x000000077b580000)
  to   space 33792K, 0% used [0x000000077ef00000,0x000000077ef00000,0x0000000781000000)
 ParOldGen       total 117248K, used 46601K [0x00000006c0000000, 0x00000006c7280000, 0x000000076ab00000)
  object space 117248K, 39% used [0x00000006c0000000,0x00000006c2d82760,0x00000006c7280000)
 Metaspace       used 22753K, capacity 23278K, committed 23344K, reserved 1069056K
  class space    used 2690K, capacity 2893K, committed 2944K, reserved 1048576K
}

Deoptimization events (10 events):
Event: 6.069 Thread 0x00007fe162d15800 Uncommon trap: reason=unstable_if action=reinterpret pc=0x000000010a2a22f8 method=java.lang.ThreadLocal$ThreadLocalMap.getEntry(Ljava/lang/ThreadLocal;)Ljava/lang/ThreadLocal$ThreadLocalMap$Entry; @ 29
Event: 6.102 Thread 0x00007fe162d15800 Uncommon trap: reason=unstable_if action=reinterpret pc=0x000000010abbbb34 method=org.springframework.util.ReflectionUtils$2.doWith(Ljava/lang/reflect/Method;)V @ 131
Event: 6.178 Thread 0x00007fe162d15800 Uncommon trap: reason=unstable_if action=reinterpret pc=0x000000010a2ab3a4 method=java.lang.reflect.Method.equals(Ljava/lang/Object;)Z @ 1
Event: 6.204 Thread 0x00007fe162d15800 Uncommon trap: reason=class_check action=maybe_recompile pc=0x000000010a50f150 method=java.util.Collections$UnmodifiableMap$UnmodifiableEntrySet$1.hasNext()Z @ 4
Event: 6.261 Thread 0x00007fe162d15800 Uncommon trap: reason=class_check action=maybe_recompile pc=0x000000010a50f150 method=java.util.Collections$UnmodifiableMap$UnmodifiableEntrySet$1.hasNext()Z @ 4
Event: 6.261 Thread 0x00007fe162d15800 Uncommon trap: reason=class_check action=maybe_recompile pc=0x000000010a4f45a4 method=java.util.Collections$UnmodifiableMap$UnmodifiableEntrySet$1.next()Ljava/util/Map$Entry; @ 8
Event: 6.261 Thread 0x00007fe162d15800 Uncommon trap: reason=class_check action=maybe_recompile pc=0x000000010a50eec8 method=java.util.Collections$UnmodifiableMap$UnmodifiableEntrySet$UnmodifiableEntry.getKey()Ljava/lang/Object; @ 4
Event: 6.261 Thread 0x00007fe162d15800 Uncommon trap: reason=class_check action=maybe_recompile pc=0x000000010a523148 method=java.util.Collections$UnmodifiableMap$UnmodifiableEntrySet$UnmodifiableEntry.getValue()Ljava/lang/Object; @ 4
Event: 6.261 Thread 0x00007fe162d15800 Uncommon trap: reason=class_check action=maybe_recompile pc=0x000000010a50f150 method=java.util.Collections$UnmodifiableMap$UnmodifiableEntrySet$1.hasNext()Z @ 4
Event: 6.265 Thread 0x00007fe162d15800 Uncommon trap: reason=class_check action=maybe_recompile pc=0x000000010a50f150 method=java.util.Collections$UnmodifiableMap$UnmodifiableEntrySet$1.hasNext()Z @ 4

Internal exceptions (10 events):
Event: 6.345 Thread 0x00007fe162d15800 Exception <a 'java/lang/ClassNotFoundException': org/springframework/format/support/FormattingConversionServiceCustomizer> (0x000000077205dfd8) thrown at [/Users/java_re/workspace/8-2-build-macosx-x86_64/jdk8u102/7268/hotspot/src/share/vm/classfile/system
Event: 6.346 Thread 0x00007fe162d15800 Exception <a 'java/lang/ClassNotFoundException': org/springframework/format/support/DefaultFormattingConversionServiceCustomizer> (0x000000077208a870) thrown at [/Users/java_re/workspace/8-2-build-macosx-x86_64/jdk8u102/7268/hotspot/src/share/vm/classfile
Event: 6.347 Thread 0x00007fe162d15800 Exception <a 'java/lang/ClassNotFoundException': org/springframework/format/FormatterRegistryCustomizer> (0x00000007720abae0) thrown at [/Users/java_re/workspace/8-2-build-macosx-x86_64/jdk8u102/7268/hotspot/src/share/vm/classfile/systemDictionary.cpp, li
Event: 6.348 Thread 0x00007fe162d15800 Exception <a 'java/lang/ClassNotFoundException': org/springframework/context/EmbeddedValueResolverAwareCustomizer> (0x00000007720d19f0) thrown at [/Users/java_re/workspace/8-2-build-macosx-x86_64/jdk8u102/7268/hotspot/src/share/vm/classfile/systemDictiona
Event: 6.349 Thread 0x00007fe162d15800 Exception <a 'java/lang/ClassNotFoundException': org/springframework/core/convert/support/ConfigurableConversionServiceCustomizer> (0x00000007720f5178) thrown at [/Users/java_re/workspace/8-2-build-macosx-x86_64/jdk8u102/7268/hotspot/src/share/vm/classfil
Event: 6.353 Thread 0x00007fe162d15800 Exception <a 'java/lang/ClassNotFoundException': org/springframework/web/servlet/resource/ResourceUrlProviderBeanInfo> (0x000000077212fb20) thrown at [/Users/java_re/workspace/8-2-build-macosx-x86_64/jdk8u102/7268/hotspot/src/share/vm/classfile/systemDict
Event: 6.353 Thread 0x00007fe162d15800 Exception <a 'java/lang/ClassNotFoundException': org/springframework/web/servlet/resource/ResourceUrlProviderCustomizer> (0x000000077214f320) thrown at [/Users/java_re/workspace/8-2-build-macosx-x86_64/jdk8u102/7268/hotspot/src/share/vm/classfile/systemDi
Event: 6.364 Thread 0x00007fe162d15800 Exception <a 'java/lang/ClassNotFoundException': org/springframework/context/ApplicationListenerCustomizer> (0x0000000772199018) thrown at [/Users/java_re/workspace/8-2-build-macosx-x86_64/jdk8u102/7268/hotspot/src/share/vm/classfile/systemDictionary.cpp,
Event: 6.372 Thread 0x00007fe162d15800 Exception <a 'java/lang/ClassNotFoundException': org/springframework/web/accept/ContentNegotiationManagerBeanInfo> (0x00000007721f1f50) thrown at [/Users/java_re/workspace/8-2-build-macosx-x86_64/jdk8u102/7268/hotspot/src/share/vm/classfile/systemDictiona
Event: 6.373 Thread 0x00007fe162d15800 Exception <a 'java/lang/ClassNotFoundException': org/springframework/web/accept/ContentNegotiationManagerCustomizer> (0x0000000772210140) thrown at [/Users/java_re/workspace/8-2-build-macosx-x86_64/jdk8u102/7268/hotspot/src/share/vm/classfile/systemDictio

Events (10 events):
Event: 6.372 loading class org/springframework/web/accept/ContentNegotiationManagerCustomizer
Event: 6.372 loading class org/springframework/web/accept/ContentNegotiationManagerCustomizer done
Event: 6.372 loading class org/springframework/web/accept/ContentNegotiationManagerCustomizer
Event: 6.372 loading class org/springframework/web/accept/ContentNegotiationManagerCustomizer done
Event: 6.372 loading class org/springframework/web/accept/ContentNegotiationManagerCustomizer
Event: 6.372 loading class org/springframework/web/accept/ContentNegotiationManagerCustomizer done
Event: 6.372 loading class org/springframework/web/accept/ContentNegotiationManagerCustomizer
Event: 6.372 loading class org/springframework/web/accept/ContentNegotiationManagerCustomizer done
Event: 6.373 loading class org/springframework/web/accept/ContentNegotiationManagerCustomizer
Event: 6.373 loading class org/springframework/web/accept/ContentNegotiationManagerCustomizer done


Dynamic libraries:
0x0000000003ae8000 	/System/Library/Frameworks/Cocoa.framework/Versions/A/Cocoa
0x0000000003ae8000 	/System/Library/Frameworks/Security.framework/Versions/A/Security
0x0000000003ae8000 	/System/Library/Frameworks/ApplicationServices.framework/Versions/A/ApplicationServices
0x0000000003ae8000 	/usr/lib/libz.1.dylib
0x0000000003ae8000 	/usr/lib/libSystem.B.dylib
0x0000000003ae8000 	/usr/lib/libobjc.A.dylib
0x0000000003ae8000 	/System/Library/Frameworks/CoreFoundation.framework/Versions/A/CoreFoundation
0x0000000003ae8000 	/System/Library/Frameworks/Foundation.framework/Versions/C/Foundation
0x0000000003ae8000 	/System/Library/Frameworks/AppKit.framework/Versions/C/AppKit
0x0000000003ae8000 	/System/Library/Frameworks/CoreData.framework/Versions/A/CoreData
0x0000000003ae8000 	/System/Library/PrivateFrameworks/RemoteViewServices.framework/Versions/A/RemoteViewServices
0x0000000003ae8000 	/System/Library/PrivateFrameworks/UIFoundation.framework/Versions/A/UIFoundation
0x0000000003ae8000 	/usr/lib/libScreenReader.dylib
0x0000000003ae8000 	/System/Library/Frameworks/Accelerate.framework/Versions/A/Accelerate
0x0000000003ae8000 	/System/Library/Frameworks/IOSurface.framework/Versions/A/IOSurface
0x0000000003ae8000 	/System/Library/Frameworks/AudioToolbox.framework/Versions/A/AudioToolbox
0x0000000003ae8000 	/System/Library/Frameworks/AudioUnit.framework/Versions/A/AudioUnit
0x0000000003ae8000 	/System/Library/PrivateFrameworks/DataDetectorsCore.framework/Versions/A/DataDetectorsCore
0x0000000003ae8000 	/System/Library/PrivateFrameworks/DesktopServicesPriv.framework/Versions/A/DesktopServicesPriv
0x0000000003ae8000 	/System/Library/Frameworks/Carbon.framework/Versions/A/Frameworks/HIToolbox.framework/Versions/A/HIToolbox
0x0000000003ae8000 	/System/Library/Frameworks/QuartzCore.framework/Versions/A/QuartzCore
0x0000000003ae8000 	/System/Library/Frameworks/Carbon.framework/Versions/A/Frameworks/SpeechRecognition.framework/Versions/A/SpeechRecognition
0x0000000003ae8000 	/usr/lib/libauto.dylib
0x0000000003ae8000 	/usr/lib/libicucore.A.dylib
0x0000000003ae8000 	/usr/lib/libxml2.2.dylib
0x0000000003ae8000 	/System/Library/PrivateFrameworks/CoreUI.framework/Versions/A/CoreUI
0x0000000003ae8000 	/System/Library/Frameworks/CoreAudio.framework/Versions/A/CoreAudio
0x0000000003ae8000 	/System/Library/Frameworks/DiskArbitration.framework/Versions/A/DiskArbitration
0x0000000003ae8000 	/usr/lib/liblangid.dylib
0x0000000003ae8000 	/System/Library/PrivateFrameworks/MultitouchSupport.framework/Versions/A/MultitouchSupport
0x0000000003ae8000 	/System/Library/Frameworks/IOKit.framework/Versions/A/IOKit
0x0000000003ae8000 	/usr/lib/libDiagnosticMessagesClient.dylib
0x0000000003ae8000 	/System/Library/Frameworks/CoreServices.framework/Versions/A/CoreServices
0x0000000003ae8000 	/System/Library/PrivateFrameworks/PerformanceAnalysis.framework/Versions/A/PerformanceAnalysis
0x0000000003ae8000 	/System/Library/PrivateFrameworks/GenerationalStorage.framework/Versions/A/GenerationalStorage
0x0000000003ae8000 	/System/Library/Frameworks/OpenGL.framework/Versions/A/OpenGL
0x0000000003ae8000 	/System/Library/PrivateFrameworks/Sharing.framework/Versions/A/Sharing
0x0000000003ae8000 	/System/Library/Frameworks/CoreGraphics.framework/Versions/A/CoreGraphics
0x0000000003ae8000 	/System/Library/Frameworks/CoreImage.framework/Versions/A/CoreImage
0x0000000003ae8000 	/System/Library/Frameworks/CoreText.framework/Versions/A/CoreText
0x0000000003ae8000 	/System/Library/Frameworks/ImageIO.framework/Versions/A/ImageIO
0x0000000003ae8000 	/System/Library/PrivateFrameworks/Backup.framework/Versions/A/Backup
0x0000000003ae8000 	/usr/lib/libextension.dylib
0x0000000003ae8000 	/usr/lib/libarchive.2.dylib
0x0000000003ae8000 	/System/Library/Frameworks/CFNetwork.framework/Versions/A/CFNetwork
0x0000000003ae8000 	/System/Library/Frameworks/SystemConfiguration.framework/Versions/A/SystemConfiguration
0x0000000003ae8000 	/usr/lib/libCRFSuite.dylib
0x0000000003ae8000 	/usr/lib/libc++.1.dylib
0x0000000003ae8000 	/usr/lib/libc++abi.dylib
0x0000000003ae8000 	/usr/lib/system/libcache.dylib
0x0000000003ae8000 	/usr/lib/system/libcommonCrypto.dylib
0x0000000003ae8000 	/usr/lib/system/libcompiler_rt.dylib
0x0000000003ae8000 	/usr/lib/system/libcopyfile.dylib
0x0000000003ae8000 	/usr/lib/system/libcorecrypto.dylib
0x0000000003ae8000 	/usr/lib/system/libdispatch.dylib
0x0000000003ae8000 	/usr/lib/system/libdyld.dylib
0x0000000003ae8000 	/usr/lib/system/libkeymgr.dylib
0x0000000003ae8000 	/usr/lib/system/liblaunch.dylib
0x0000000003ae8000 	/usr/lib/system/libmacho.dylib
0x0000000003ae8000 	/usr/lib/system/libquarantine.dylib
0x0000000003ae8000 	/usr/lib/system/libremovefile.dylib
0x0000000003ae8000 	/usr/lib/system/libsystem_asl.dylib
0x0000000003ae8000 	/usr/lib/system/libsystem_blocks.dylib
0x0000000003ae8000 	/usr/lib/system/libsystem_c.dylib
0x0000000003ae8000 	/usr/lib/system/libsystem_configuration.dylib
0x0000000003ae8000 	/usr/lib/system/libsystem_coreservices.dylib
0x0000000003ae8000 	/usr/lib/system/libsystem_coretls.dylib
0x0000000003ae8000 	/usr/lib/system/libsystem_dnssd.dylib
0x0000000003ae8000 	/usr/lib/system/libsystem_info.dylib
0x0000000003ae8000 	/usr/lib/system/libsystem_kernel.dylib
0x0000000003ae8000 	/usr/lib/system/libsystem_m.dylib
0x0000000003ae8000 	/usr/lib/system/libsystem_malloc.dylib
0x0000000003ae8000 	/usr/lib/system/libsystem_network.dylib
0x0000000003ae8000 	/usr/lib/system/libsystem_networkextension.dylib
0x0000000003ae8000 	/usr/lib/system/libsystem_notify.dylib
0x0000000003ae8000 	/usr/lib/system/libsystem_platform.dylib
0x0000000003ae8000 	/usr/lib/system/libsystem_pthread.dylib
0x0000000003ae8000 	/usr/lib/system/libsystem_sandbox.dylib
0x0000000003ae8000 	/usr/lib/system/libsystem_secinit.dylib
0x0000000003ae8000 	/usr/lib/system/libsystem_trace.dylib
0x0000000003ae8000 	/usr/lib/system/libunc.dylib
0x0000000003ae8000 	/usr/lib/system/libunwind.dylib
0x0000000003ae8000 	/usr/lib/system/libxpc.dylib
0x0000000003ae8000 	/usr/lib/libenergytrace.dylib
0x0000000003ae8000 	/usr/lib/libbsm.0.dylib
0x0000000003ae8000 	/usr/lib/system/libkxld.dylib
0x0000000003ae8000 	/usr/lib/libxar.1.dylib
0x0000000003ae8000 	/usr/lib/libsqlite3.dylib
0x0000000003ae8000 	/usr/lib/libpam.2.dylib
0x0000000003ae8000 	/usr/lib/libOpenScriptingUtil.dylib
0x0000000003ae8000 	/usr/lib/libbz2.1.0.dylib
0x0000000003ae8000 	/usr/lib/liblzma.5.dylib
0x0000000003ae8000 	/System/Library/Frameworks/CoreServices.framework/Versions/A/Frameworks/FSEvents.framework/Versions/A/FSEvents
0x0000000003ae8000 	/System/Library/Frameworks/CoreServices.framework/Versions/A/Frameworks/CarbonCore.framework/Versions/A/CarbonCore
0x0000000003ae8000 	/System/Library/Frameworks/CoreServices.framework/Versions/A/Frameworks/Metadata.framework/Versions/A/Metadata
0x0000000003ae8000 	/System/Library/Frameworks/CoreServices.framework/Versions/A/Frameworks/OSServices.framework/Versions/A/OSServices
0x0000000003ae8000 	/System/Library/Frameworks/CoreServices.framework/Versions/A/Frameworks/SearchKit.framework/Versions/A/SearchKit
0x0000000003ae8000 	/System/Library/Frameworks/CoreServices.framework/Versions/A/Frameworks/AE.framework/Versions/A/AE
0x0000000003ae8000 	/System/Library/Frameworks/CoreServices.framework/Versions/A/Frameworks/LaunchServices.framework/Versions/A/LaunchServices
0x0000000003ae8000 	/System/Library/Frameworks/CoreServices.framework/Versions/A/Frameworks/DictionaryServices.framework/Versions/A/DictionaryServices
0x0000000003ae8000 	/System/Library/Frameworks/CoreServices.framework/Versions/A/Frameworks/SharedFileList.framework/Versions/A/SharedFileList
0x0000000003ae8000 	/System/Library/Frameworks/NetFS.framework/Versions/A/NetFS
0x0000000003ae8000 	/System/Library/PrivateFrameworks/NetAuth.framework/Versions/A/NetAuth
0x0000000003ae8000 	/System/Library/PrivateFrameworks/login.framework/Versions/A/Frameworks/loginsupport.framework/Versions/A/loginsupport
0x0000000003ae8000 	/System/Library/PrivateFrameworks/TCC.framework/Versions/A/TCC
0x0000000003ae8000 	/usr/lib/libmecabra.dylib
0x0000000003ae8000 	/System/Library/Frameworks/ApplicationServices.framework/Versions/A/Frameworks/ATS.framework/Versions/A/ATS
0x0000000003ae8000 	/System/Library/Frameworks/ApplicationServices.framework/Versions/A/Frameworks/ColorSync.framework/Versions/A/ColorSync
0x0000000003ae8000 	/System/Library/Frameworks/ApplicationServices.framework/Versions/A/Frameworks/HIServices.framework/Versions/A/HIServices
0x0000000003ae8000 	/System/Library/Frameworks/ApplicationServices.framework/Versions/A/Frameworks/LangAnalysis.framework/Versions/A/LangAnalysis
0x0000000003ae8000 	/System/Library/Frameworks/ApplicationServices.framework/Versions/A/Frameworks/PrintCore.framework/Versions/A/PrintCore
0x0000000003ae8000 	/System/Library/Frameworks/ApplicationServices.framework/Versions/A/Frameworks/QD.framework/Versions/A/QD
0x0000000003ae8000 	/System/Library/Frameworks/ApplicationServices.framework/Versions/A/Frameworks/SpeechSynthesis.framework/Versions/A/SpeechSynthesis
0x0000000003ae8000 	/System/Library/Frameworks/Metal.framework/Versions/A/Metal
0x0000000003ae8000 	/System/Library/Frameworks/Accelerate.framework/Versions/A/Frameworks/vImage.framework/Versions/A/vImage
0x0000000003ae8000 	/System/Library/Frameworks/Accelerate.framework/Versions/A/Frameworks/vecLib.framework/Versions/A/vecLib
0x0000000003ae8000 	/System/Library/Frameworks/Accelerate.framework/Versions/A/Frameworks/vecLib.framework/Versions/A/libvDSP.dylib
0x0000000003ae8000 	/System/Library/Frameworks/Accelerate.framework/Versions/A/Frameworks/vecLib.framework/Versions/A/libvMisc.dylib
0x0000000003ae8000 	/System/Library/Frameworks/Accelerate.framework/Versions/A/Frameworks/vecLib.framework/Versions/A/libLAPACK.dylib
0x0000000003ae8000 	/System/Library/Frameworks/Accelerate.framework/Versions/A/Frameworks/vecLib.framework/Versions/A/libBLAS.dylib
0x0000000003ae8000 	/System/Library/Frameworks/Accelerate.framework/Versions/A/Frameworks/vecLib.framework/Versions/A/libLinearAlgebra.dylib
0x0000000003ae8000 	/System/Library/Frameworks/Accelerate.framework/Versions/A/Frameworks/vecLib.framework/Versions/A/libSparseBLAS.dylib
0x0000000003ae8000 	/System/Library/PrivateFrameworks/GPUCompiler.framework/libmetal_timestamp.dylib
0x0000000003ae8000 	/System/Library/Frameworks/OpenGL.framework/Versions/A/Libraries/libCoreFSCache.dylib
0x0000000003ae8000 	/System/Library/PrivateFrameworks/IOAccelerator.framework/Versions/A/IOAccelerator
0x0000000003ae8000 	/System/Library/Frameworks/ApplicationServices.framework/Versions/A/Frameworks/ATS.framework/Versions/A/Resources/libFontParser.dylib
0x0000000003ae8000 	/System/Library/Frameworks/ApplicationServices.framework/Versions/A/Frameworks/ATS.framework/Versions/A/Resources/libFontRegistry.dylib
0x0000000003ae8000 	/System/Library/PrivateFrameworks/AppleVPA.framework/Versions/A/AppleVPA
0x0000000003ae8000 	/System/Library/PrivateFrameworks/AppleJPEG.framework/Versions/A/AppleJPEG
0x0000000003ae8000 	/System/Library/Frameworks/ImageIO.framework/Versions/A/Resources/libJPEG.dylib
0x0000000003ae8000 	/System/Library/Frameworks/ImageIO.framework/Versions/A/Resources/libTIFF.dylib
0x0000000003ae8000 	/System/Library/Frameworks/ImageIO.framework/Versions/A/Resources/libPng.dylib
0x0000000003ae8000 	/System/Library/Frameworks/ImageIO.framework/Versions/A/Resources/libGIF.dylib
0x0000000003ae8000 	/System/Library/Frameworks/ImageIO.framework/Versions/A/Resources/libJP2.dylib
0x0000000003ae8000 	/System/Library/Frameworks/ImageIO.framework/Versions/A/Resources/libRadiance.dylib
0x0000000003ae8000 	/System/Library/Frameworks/CoreVideo.framework/Versions/A/CoreVideo
0x0000000003ae8000 	/System/Library/Frameworks/OpenGL.framework/Versions/A/Libraries/libGLU.dylib
0x0000000003ae8000 	/System/Library/Frameworks/OpenGL.framework/Versions/A/Libraries/libGFXShared.dylib
0x0000000003ae8000 	/System/Library/Frameworks/OpenGL.framework/Versions/A/Libraries/libGL.dylib
0x0000000003ae8000 	/System/Library/Frameworks/OpenGL.framework/Versions/A/Libraries/libGLImage.dylib
0x0000000003ae8000 	/System/Library/Frameworks/OpenGL.framework/Versions/A/Libraries/libCVMSPluginSupport.dylib
0x0000000003ae8000 	/System/Library/Frameworks/OpenGL.framework/Versions/A/Libraries/libCoreVMClient.dylib
0x0000000003ae8000 	/usr/lib/libcups.2.dylib
0x0000000003ae8000 	/System/Library/Frameworks/Kerberos.framework/Versions/A/Kerberos
0x0000000003ae8000 	/System/Library/Frameworks/GSS.framework/Versions/A/GSS
0x0000000003ae8000 	/usr/lib/libresolv.9.dylib
0x0000000003ae8000 	/usr/lib/libiconv.2.dylib
0x0000000003ae8000 	/System/Library/PrivateFrameworks/Heimdal.framework/Versions/A/Heimdal
0x0000000003ae8000 	/usr/lib/libheimdal-asn1.dylib
0x0000000003ae8000 	/System/Library/Frameworks/OpenDirectory.framework/Versions/A/OpenDirectory
0x0000000003ae8000 	/System/Library/PrivateFrameworks/CommonAuth.framework/Versions/A/CommonAuth
0x0000000003ae8000 	/System/Library/Frameworks/OpenDirectory.framework/Versions/A/Frameworks/CFOpenDirectory.framework/Versions/A/CFOpenDirectory
0x0000000003ae8000 	/System/Library/Frameworks/SecurityFoundation.framework/Versions/A/SecurityFoundation
0x0000000003ae8000 	/System/Library/PrivateFrameworks/LanguageModeling.framework/Versions/A/LanguageModeling
0x0000000003ae8000 	/usr/lib/libmarisa.dylib
0x0000000003ae8000 	/usr/lib/libChineseTokenizer.dylib
0x0000000003ae8000 	/usr/lib/libcmph.dylib
0x0000000003ae8000 	/usr/lib/libcompression.dylib
0x0000000003ae8000 	/System/Library/Frameworks/ServiceManagement.framework/Versions/A/ServiceManagement
0x0000000003ae8000 	/usr/lib/libxslt.1.dylib
0x0000000003ae8000 	/System/Library/Frameworks/Carbon.framework/Versions/A/Frameworks/Ink.framework/Versions/A/Ink
0x0000000003ae8000 	/usr/lib/libFosl_dynamic.dylib
0x0000000003ae8000 	/System/Library/PrivateFrameworks/FaceCore.framework/Versions/A/FaceCore
0x0000000003ae8000 	/System/Library/Frameworks/OpenCL.framework/Versions/A/OpenCL
0x0000000003ae8000 	/System/Library/PrivateFrameworks/CrashReporterSupport.framework/Versions/A/CrashReporterSupport
0x0000000003ae8000 	/System/Library/PrivateFrameworks/IconServices.framework/Versions/A/IconServices
0x0000000003ae8000 	/System/Library/PrivateFrameworks/Apple80211.framework/Versions/A/Apple80211
0x0000000003ae8000 	/System/Library/Frameworks/CoreWLAN.framework/Versions/A/CoreWLAN
0x0000000003ae8000 	/System/Library/Frameworks/IOBluetooth.framework/Versions/A/IOBluetooth
0x0000000003ae8000 	/System/Library/PrivateFrameworks/CoreWiFi.framework/Versions/A/CoreWiFi
0x0000000003ae8000 	/System/Library/Frameworks/CoreBluetooth.framework/Versions/A/CoreBluetooth
0x0000000003ae8000 	/System/Library/PrivateFrameworks/ChunkingLibrary.framework/Versions/A/ChunkingLibrary
0x0000000003ae8000 	/System/Library/PrivateFrameworks/DebugSymbols.framework/Versions/A/DebugSymbols
0x0000000003ae8000 	/System/Library/PrivateFrameworks/CoreSymbolication.framework/Versions/A/CoreSymbolication
0x0000000003ae8000 	/System/Library/PrivateFrameworks/Symbolication.framework/Versions/A/Symbolication
0x0000000003ae8000 	/System/Library/PrivateFrameworks/SpeechRecognitionCore.framework/Versions/A/SpeechRecognitionCore
0x0000000108e00000 	/Library/Java/JavaVirtualMachines/jdk1.8.0_102.jdk/Contents/Home/jre/lib/server/libjvm.dylib
0x0000000003ae8000 	/usr/lib/libstdc++.6.dylib
0x0000000108550000 	/Library/Java/JavaVirtualMachines/jdk1.8.0_102.jdk/Contents/Home/jre/lib/libverify.dylib
0x000000010855e000 	/Library/Java/JavaVirtualMachines/jdk1.8.0_102.jdk/Contents/Home/jre/lib/libjava.dylib
0x000000010859d000 	/Library/Java/JavaVirtualMachines/jdk1.8.0_102.jdk/Contents/Home/jre/lib/libzip.dylib
0x0000000124187000 	/System/Library/Frameworks/JavaVM.framework/Frameworks/JavaRuntimeSupport.framework/JavaRuntimeSupport
0x00000001241a2000 	/System/Library/Frameworks/JavaVM.framework/Versions/A/Frameworks/JavaNativeFoundation.framework/Versions/A/JavaNativeFoundation
0x00000001241b7000 	/System/Library/Frameworks/JavaVM.framework/Versions/A/JavaVM
0x0000000003ae8000 	/System/Library/Frameworks/Carbon.framework/Versions/A/Carbon
0x00000001241c4000 	/System/Library/PrivateFrameworks/JavaLaunching.framework/Versions/A/JavaLaunching
0x0000000003ae8000 	/System/Library/Frameworks/Carbon.framework/Versions/A/Frameworks/CommonPanels.framework/Versions/A/CommonPanels
0x0000000003ae8000 	/System/Library/Frameworks/Carbon.framework/Versions/A/Frameworks/Help.framework/Versions/A/Help
0x0000000003ae8000 	/System/Library/Frameworks/Carbon.framework/Versions/A/Frameworks/ImageCapture.framework/Versions/A/ImageCapture
0x0000000003ae8000 	/System/Library/Frameworks/Carbon.framework/Versions/A/Frameworks/OpenScripting.framework/Versions/A/OpenScripting
0x0000000003ae8000 	/System/Library/Frameworks/Carbon.framework/Versions/A/Frameworks/Print.framework/Versions/A/Print
0x0000000003ae8000 	/System/Library/Frameworks/Carbon.framework/Versions/A/Frameworks/SecurityHI.framework/Versions/A/SecurityHI
0x00000001266dd000 	/Library/Java/JavaVirtualMachines/jdk1.8.0_102.jdk/Contents/Home/jre/lib/libnet.dylib
0x00000001266f4000 	/Library/Java/JavaVirtualMachines/jdk1.8.0_102.jdk/Contents/Home/jre/lib/libnio.dylib
0x0000000125d8a000 	/Library/Java/JavaVirtualMachines/jdk1.8.0_102.jdk/Contents/Home/jre/lib/libmanagement.dylib

VM Arguments:
jvm_args: -Dmaven.home=EMBEDDED -Dclassworlds.conf=/Users/user/Documents/workspace/.metadata/.plugins/org.eclipse.m2e.launching/launches/m2conf5596488102140340509.tmp -Dmaven.multiModuleProjectDirectory=/Users/user/Desktop/Eat-net/Spring2017 -Dfile.encoding=UTF-8 
java_command: org.codehaus.plexus.classworlds.launcher.Launcher -B tomcat7:run
java_class_path (initial): /Users/user/Desktop/Eclipse.app/Contents/Eclipse/plugins/org.eclipse.m2e.maven.runtime_1.7.0.20160603-1931/jars/plexus-classworlds-2.5.2.jar
Launcher Type: SUN_STANDARD

Environment Variables:
PATH=/usr/bin:/bin:/usr/sbin:/sbin
SHELL=/bin/bash

Signal Handlers:
SIGSEGV: [libjvm.dylib+0x5b0579], sa_mask[0]=11111111011111110111111111111111, sa_flags=SA_ONSTACK|SA_RESTART|SA_SIGINFO
SIGBUS: [libjvm.dylib+0x5b0579], sa_mask[0]=11111111011111110111111111111111, sa_flags=SA_RESTART|SA_SIGINFO
SIGFPE: [libjvm.dylib+0x4874e4], sa_mask[0]=11111111011111110111111111111111, sa_flags=SA_RESTART|SA_SIGINFO
SIGPIPE: [libjvm.dylib+0x4874e4], sa_mask[0]=11111111011111110111111111111111, sa_flags=SA_RESTART|SA_SIGINFO
SIGXFSZ: [libjvm.dylib+0x4874e4], sa_mask[0]=11111111011111110111111111111111, sa_flags=SA_RESTART|SA_SIGINFO
SIGILL: [libjvm.dylib+0x4874e4], sa_mask[0]=11111111011111110111111111111111, sa_flags=SA_RESTART|SA_SIGINFO
SIGUSR1: SIG_DFL, sa_mask[0]=00000000000000000000000000000000, sa_flags=none
SIGUSR2: [libjvm.dylib+0x487002], sa_mask[0]=00100000000000000000000000000000, sa_flags=SA_RESTART|SA_SIGINFO
SIGHUP: [libjvm.dylib+0x4855d9], sa_mask[0]=11111111011111110111111111111111, sa_flags=SA_RESTART|SA_SIGINFO
SIGINT: [libjvm.dylib+0x4855d9], sa_mask[0]=11111111011111110111111111111111, sa_flags=SA_RESTART|SA_SIGINFO
SIGTERM: [libjvm.dylib+0x4855d9], sa_mask[0]=11111111011111110111111111111111, sa_flags=SA_RESTART|SA_SIGINFO
SIGQUIT: [libjvm.dylib+0x4855d9], sa_mask[0]=11111111011111110111111111111111, sa_flags=SA_RESTART|SA_SIGINFO


---------------  S Y S T E M  ---------------

OS:Bsduname:Darwin 15.4.0 Darwin Kernel Version 15.4.0: Fri Feb 26 22:08:05 PST 2016; root:xnu-3248.40.184~3/RELEASE_X86_64 x86_64
rlimit: STACK 8192k, CORE 0k, NPROC 709, NOFILE 10240, AS infinity
load average:3.11 2.90 2.74

CPU:total 4 (2 cores per cpu, 2 threads per core) family 6 model 69 stepping 1, cmov, cx8, fxsr, mmx, sse, sse2, sse3, ssse3, sse4.1, sse4.2, popcnt, avx, avx2, aes, clmul, erms, lzcnt, ht, tsc, tscinvbit, bmi1, bmi2

Memory: 4k page, physical 16777216k(682396k free)

/proc/meminfo:


vm_info: Java HotSpot(TM) 64-Bit Server VM (25.102-b14) for bsd-amd64 JRE (1.8.0_102-b14), built on Jun 22 2016 11:42:36 by "java_re" with gcc 4.2.1 (Based on Apple Inc. build 5658) (LLVM build 2336.11.00)

time: Tue Feb 28 08:29:31 2017
elapsed time: 6 seconds (0d 0h 0m 6s)

