#
# A fatal error has been detected by the Java Runtime Environment:
#
#  SIGSEGV (0xb) at pc=0x000000010f11532b, pid=4960, tid=0x0000000000004503
#
# JRE version: Java(TM) SE Runtime Environment (8.0_102-b14) (build 1.8.0_102-b14)
# Java VM: Java HotSpot(TM) 64-Bit Server VM (25.102-b14 mixed mode bsd-amd64 compressed oops)
# Problematic frame:
# V  [libjvm.dylib+0x4d432b]  PhaseChaitin::Split(unsigned int, ResourceArea*)+0xe43
#
# Failed to write core dump. Core dumps have been disabled. To enable core dumping, try "ulimit -c unlimited" before starting Java again
#
# If you would like to submit a bug report, please visit:
#   http://bugreport.java.com/bugreport/crash.jsp
#

---------------  T H R E A D  ---------------

Current thread (0x00007feac3034800):  JavaThread "C2 CompilerThread1" daemon [_thread_in_native, id=17667, stack(0x0000700000c3e000,0x0000700000d3e000)]

siginfo: si_signo: 11 (SIGSEGV), si_code: 1 (SEGV_MAPERR), si_addr: 0x00007fe9dc0baab0

Registers:
RAX=0xffffffffc54cf128, RBX=0x00007feac79744f0, RCX=0x0000700000d3b4e0, RDX=0x00007feac6d7e610
RSP=0x0000700000d3a370, RBP=0x0000700000d3a710, RSI=0x000000012f429010, RDI=0x00007feac54931f0
R8 =0x0000000000000000, R9 =0x0000000000003201, R10=0x00007feac6694401, R11=0xffffffffffa8e901
R12=0x00007feac6698580, R13=0x0000700000d3cf00, R14=0x00007feac6de8d80, R15=0x00007feac66985f0
RIP=0x000000010f11532b, EFLAGS=0x0000000000010287, ERR=0x0000000000000004
  TRAPNO=0x000000000000000e

Top of Stack: (sp=0x0000700000d3a370)
0x0000700000d3a370:   00007fea00000000 0000700000000000
0x0000700000d3a380:   0000700000d3a618 0000000100000002
0x0000700000d3a390:   0000700000d3a3b0 00007feac6698580
0x0000700000d3a3a0:   0000013a00d3a400 000000000000000e
0x0000700000d3a3b0:   00007feac55a2850 00007feac55a2890
0x0000700000d3a3c0:   0000000000000000 000000012f429010
0x0000700000d3a3d0:   00007feac7974500 0000000000000000
0x0000700000d3a3e0:   0000000000d3a430 000000012f429010
0x0000700000d3a3f0:   0000700000d3b5f0 000000000000000e
0x0000700000d3a400:   ffffff9b00000064 00007feac6694410
0x0000700000d3a410:   00007feac6e06a10 00007feac66bd810
0x0000700000d3a420:   0000006500000047 00007feaffffffe1
0x0000700000d3a430:   0000000000000000 0000000000000046
0x0000700000d3a440:   00007feac6de8d80 00007feac6698510
0x0000700000d3a450:   0000000000000000 00007feac6de8d10
0x0000700000d3a460:   0000000100000065 000000000000000d
0x0000700000d3a470:   000000000000000f 0000000000000046
0x0000700000d3a480:   0000700000d3b4e0 00007feac54931f0
0x0000700000d3a490:   00007feac79744f0 030303030ffffcff
0x0000700000d3a4a0:   0303030303030303 0000000003030303
0x0000700000d3a4b0:   0000000000000000 0000000000000000
0x0000700000d3a4c0:   0000320000000000 0000700000d3a9c8
0x0000700000d3a4d0:   000000000000000f 00007feac66b0e10
0x0000700000d3a4e0:   000032000000000e 0000700000d3a9c8
0x0000700000d3a4f0:   000070000000000f 00007feac66a4410
0x0000700000d3a500:   000008202f407a90 0000700000d3a9c8
0x0000700000d3a510:   00007feac49aa4a0 00007feac49aa4b0
0x0000700000d3a520:   00007feac49aa888 00000000000003d8
0x0000700000d3a530:   0000000000000000 0000320000000000
0x0000700000d3a540:   0000700000d3a9c8 000070000000000f
0x0000700000d3a550:   00007feac66b0e10 000000010eef37ba
0x0000700000d3a560:   0000700000d3a5d0 000000010f527440 

Instructions: (pc=0x000000010f11532b)
0x000000010f11530b:   8b 8d 78 fd ff ff 48 8b 49 08 48 8b 04 c1 48 63
0x000000010f11531b:   40 28 48 8b 8d 70 fd ff ff 48 8b 91 28 01 00 00
0x000000010f11532b:   8b 04 82 3b 81 e8 00 00 00 0f 83 24 0d 00 00 48
0x000000010f11533b:   6b c8 68 48 89 8d 20 fd ff ff 48 8b 95 70 fd ff 

Register to memory mapping:

RAX=0xffffffffc54cf128 is an unknown value
RBX=0x00007feac79744f0 is an unknown value
RCX=0x0000700000d3b4e0 is pointing into the stack for thread: 0x00007feac3034800
RDX=0x00007feac6d7e610 is an unknown value
RSP=0x0000700000d3a370 is pointing into the stack for thread: 0x00007feac3034800
RBP=0x0000700000d3a710 is pointing into the stack for thread: 0x00007feac3034800
RSI=0x000000012f429010 is an unknown value
RDI=0x00007feac54931f0 is an unknown value
R8 =0x0000000000000000 is an unknown value
R9 =0x0000000000003201 is an unknown value
R10=0x00007feac6694401 is an unknown value
R11=0xffffffffffa8e901 is an unknown value
R12=0x00007feac6698580 is an unknown value
R13=0x0000700000d3cf00 is pointing into the stack for thread: 0x00007feac3034800
R14=0x00007feac6de8d80 is an unknown value
R15=0x00007feac66985f0 is an unknown value


Stack: [0x0000700000c3e000,0x0000700000d3e000],  sp=0x0000700000d3a370,  free space=1008k
Native frames: (J=compiled Java code, j=interpreted, Vv=VM code, C=native code)
V  [libjvm.dylib+0x4d432b]  PhaseChaitin::Split(unsigned int, ResourceArea*)+0xe43
V  [libjvm.dylib+0x1616a1]  PhaseChaitin::Register_Allocate()+0x51d
V  [libjvm.dylib+0x1af16a]  Compile::Code_Gen()+0x14e
V  [libjvm.dylib+0x1b3305]  Compile::Compile(ciEnv*, C2Compiler*, ciMethod*, int, bool, bool, bool)+0x98d
V  [libjvm.dylib+0x150a66]  C2Compiler::compile_method(ciEnv*, ciMethod*, int)+0xb2
V  [libjvm.dylib+0x1b6998]  CompileBroker::invoke_compiler_on_method(CompileTask*)+0x5b2
V  [libjvm.dylib+0x1b8edf]  CompileBroker::compiler_thread_loop()+0x291
V  [libjvm.dylib+0x56a4db]  JavaThread::thread_main_inner()+0x9b
V  [libjvm.dylib+0x56bbc8]  JavaThread::run()+0x1c2
V  [libjvm.dylib+0x489ed2]  java_start(Thread*)+0xf6
C  [libsystem_pthread.dylib+0x399d]  _pthread_body+0x83
C  [libsystem_pthread.dylib+0x391a]  _pthread_body+0x0
C  [libsystem_pthread.dylib+0x1351]  thread_start+0xd
C  0x0000000000000000


Current CompileTask:
C2:  15839 4735       4       java.net.URLClassLoader$1::run (5 bytes)


---------------  P R O C E S S  ---------------

Java Threads: ( => current thread )
  0x00007feac3b32800 JavaThread "http-bio-8080-exec-4" daemon [_thread_in_native, id=23043, stack(0x0000700001862000,0x0000700001962000)]
  0x00007feac3645800 JavaThread "http-bio-8080-exec-3" daemon [_thread_blocked, id=16647, stack(0x000070000175f000,0x000070000185f000)]
  0x00007feac2dda000 JavaThread "http-bio-8080-exec-2" daemon [_thread_blocked, id=13575, stack(0x000070000165c000,0x000070000175c000)]
  0x00007feac3001000 JavaThread "http-bio-8080-exec-1" daemon [_thread_blocked, id=5127, stack(0x0000700000932000,0x0000700000a32000)]
  0x00007feac6d1e000 JavaThread "http-bio-8080-AsyncTimeout" daemon [_thread_blocked, id=22275, stack(0x0000700001559000,0x0000700001659000)]
  0x00007feac6b2f800 JavaThread "http-bio-8080-Acceptor-0" daemon [_thread_in_native, id=21763, stack(0x0000700001456000,0x0000700001556000)]
  0x00007feac30d4000 JavaThread "ContainerBackgroundProcessor[StandardEngine[Tomcat]]" daemon [_thread_blocked, id=21251, stack(0x0000700001353000,0x0000700001453000)]
  0x00007feac3fe8000 JavaThread "Thread-2" daemon [_thread_in_native, id=20739, stack(0x0000700001250000,0x0000700001350000)]
  0x00007feac2c4b000 JavaThread "localhost-startStop-1" daemon [_thread_blocked, id=20227, stack(0x000070000114d000,0x000070000124d000)]
  0x00007feac3e27800 JavaThread "Tomcat-startStop-1" daemon [_thread_blocked, id=19715, stack(0x000070000104a000,0x000070000114a000)]
  0x00007feac3831000 JavaThread "Service Thread" daemon [_thread_blocked, id=18691, stack(0x0000700000e44000,0x0000700000f44000)]
  0x00007feac3035000 JavaThread "C1 CompilerThread2" daemon [_thread_blocked, id=18179, stack(0x0000700000d41000,0x0000700000e41000)]
=>0x00007feac3034800 JavaThread "C2 CompilerThread1" daemon [_thread_in_native, id=17667, stack(0x0000700000c3e000,0x0000700000d3e000)]
  0x00007feac3017000 JavaThread "C2 CompilerThread0" daemon [_thread_in_native, id=17155, stack(0x0000700000b3b000,0x0000700000c3b000)]
  0x00007feac3830800 JavaThread "Signal Dispatcher" daemon [_thread_blocked, id=14351, stack(0x0000700000a38000,0x0000700000b38000)]
  0x00007feac402a000 JavaThread "Finalizer" daemon [_thread_blocked, id=12291, stack(0x000070000082f000,0x000070000092f000)]
  0x00007feac4027000 JavaThread "Reference Handler" daemon [_thread_blocked, id=11779, stack(0x000070000072c000,0x000070000082c000)]
  0x00007feac3005800 JavaThread "main" [_thread_blocked, id=5891, stack(0x000070000011a000,0x000070000021a000)]

Other Threads:
  0x00007feac3815000 VMThread [stack: 0x0000700000629000,0x0000700000729000] [id=11267]
  0x00007feac4036000 WatcherThread [stack: 0x0000700000f47000,0x0000700001047000] [id=19203]

VM state:not at safepoint (normal execution)

VM Mutex/Monitor currently owned by a thread: None

Heap:
 PSYoungGen      total 240640K, used 31695K [0x000000076ab00000, 0x000000077be00000, 0x00000007c0000000)
  eden space 221184K, 14% used [0x000000076ab00000,0x000000076c9f3e10,0x0000000778300000)
  from space 19456K, 0% used [0x000000077ab00000,0x000000077ab00000,0x000000077be00000)
  to   space 30208K, 0% used [0x0000000778300000,0x0000000778300000,0x000000077a080000)
 ParOldGen       total 180736K, used 29869K [0x00000006c0000000, 0x00000006cb080000, 0x000000076ab00000)
  object space 180736K, 16% used [0x00000006c0000000,0x00000006c1d2b688,0x00000006cb080000)
 Metaspace       used 39328K, capacity 40024K, committed 40192K, reserved 1085440K
  class space    used 4570K, capacity 4828K, committed 4864K, reserved 1048576K

Card table byte_map: [0x000000011f7fe000,0x000000011ffff000] byte_map_base: 0x000000011c1fe000

Marking Bits: (ParMarkBitMap*) 0x000000010f530d20
 Begin Bits: [0x0000000120555000, 0x0000000124555000)
 End Bits:   [0x0000000124555000, 0x0000000128555000)

Polling page: 0x000000010fbf4000

CodeCache: size=245760Kb used=13642Kb max_used=13655Kb free=232117Kb
 bounds [0x000000011043e000, 0x00000001111ce000, 0x000000011f43e000]
 total_blobs=4583 nmethods=4155 adapters=341
 compilation: enabled

Compilation events (10 events):
Event: 15.733 Thread 0x00007feac3035000 4889       1       org.eclipse.jdt.internal.compiler.codegen.VerificationTypeInfo::id (5 bytes)
Event: 15.733 Thread 0x00007feac3035000 nmethod 4889 0x00000001110940d0 code [0x0000000111094220, 0x0000000111094330]
Event: 15.735 Thread 0x00007feac3035000 4890       2       org.apache.jasper.compiler.SmapUtil$SDEInstaller::readU1 (21 bytes)
Event: 15.735 Thread 0x00007feac3035000 nmethod 4890 0x00000001106dedd0 code [0x00000001106def40, 0x00000001106df0d0]
Event: 15.735 Thread 0x00007feac3035000 4891       2       org.apache.jasper.compiler.SmapUtil$SDEInstaller::writeU1 (19 bytes)
Event: 15.735 Thread 0x00007feac3035000 nmethod 4891 0x00000001106de9d0 code [0x00000001106deb40, 0x00000001106decd0]
Event: 15.738 Thread 0x00007feac3035000 4892   !   2       org.apache.catalina.loader.WebappClassLoader::findResourceInternal (1479 bytes)
Event: 15.753 Thread 0x00007feac3035000 nmethod 4892 0x0000000111179ad0 code [0x000000011117a3c0, 0x000000011117fa68]
Event: 15.756 Thread 0x00007feac3035000 4893       2       java.lang.ThreadLocal$ThreadLocalMap::nextIndex (15 bytes)
Event: 15.757 Thread 0x00007feac3035000 nmethod 4893 0x00000001105b3810 code [0x00000001105b3960, 0x00000001105b3a90]

GC Heap History (10 events):
Event: 4.546 GC heap before
{Heap before GC invocations=6 (full 1):
 PSYoungGen      total 106496K, used 106468K [0x000000076ab00000, 0x0000000774000000, 0x00000007c0000000)
  eden space 95744K, 100% used [0x000000076ab00000,0x0000000770880000,0x0000000770880000)
  from space 10752K, 99% used [0x0000000773580000,0x0000000773ff9368,0x0000000774000000)
  to   space 10752K, 0% used [0x0000000772b00000,0x0000000772b00000,0x0000000773580000)
 ParOldGen       total 118784K, used 14367K [0x00000006c0000000, 0x00000006c7400000, 0x000000076ab00000)
  object space 118784K, 12% used [0x00000006c0000000,0x00000006c0e07f00,0x00000006c7400000)
 Metaspace       used 22709K, capacity 23224K, committed 23344K, reserved 1069056K
  class space    used 2689K, capacity 2891K, committed 2944K, reserved 1048576K
Event: 4.569 GC heap after
Heap after GC invocations=6 (full 1):
 PSYoungGen      total 141824K, used 10726K [0x000000076ab00000, 0x0000000776400000, 0x00000007c0000000)
  eden space 131072K, 0% used [0x000000076ab00000,0x000000076ab00000,0x0000000772b00000)
  from space 10752K, 99% used [0x0000000772b00000,0x00000007735798d8,0x0000000773580000)
  to   space 19456K, 0% used [0x0000000775100000,0x0000000775100000,0x0000000776400000)
 ParOldGen       total 118784K, used 23490K [0x00000006c0000000, 0x00000006c7400000, 0x000000076ab00000)
  object space 118784K, 19% used [0x00000006c0000000,0x00000006c16f0958,0x00000006c7400000)
 Metaspace       used 22709K, capacity 23224K, committed 23344K, reserved 1069056K
  class space    used 2689K, capacity 2891K, committed 2944K, reserved 1048576K
}
Event: 5.090 GC heap before
{Heap before GC invocations=7 (full 1):
 PSYoungGen      total 141824K, used 141798K [0x000000076ab00000, 0x0000000776400000, 0x00000007c0000000)
  eden space 131072K, 100% used [0x000000076ab00000,0x0000000772b00000,0x0000000772b00000)
  from space 10752K, 99% used [0x0000000772b00000,0x00000007735798d8,0x0000000773580000)
  to   space 19456K, 0% used [0x0000000775100000,0x0000000775100000,0x0000000776400000)
 ParOldGen       total 118784K, used 23490K [0x00000006c0000000, 0x00000006c7400000, 0x000000076ab00000)
  object space 118784K, 19% used [0x00000006c0000000,0x00000006c16f0958,0x00000006c7400000)
 Metaspace       used 22721K, capacity 23226K, committed 23344K, reserved 1069056K
  class space    used 2690K, capacity 2893K, committed 2944K, reserved 1048576K
Event: 5.118 GC heap after
Heap after GC invocations=7 (full 1):
 PSYoungGen      total 162816K, used 19437K [0x000000076ab00000, 0x000000077af80000, 0x00000007c0000000)
  eden space 143360K, 0% used [0x000000076ab00000,0x000000076ab00000,0x0000000773700000)
  from space 19456K, 99% used [0x0000000775100000,0x00000007763fb4c8,0x0000000776400000)
  to   space 26624K, 0% used [0x0000000773700000,0x0000000773700000,0x0000000775100000)
 ParOldGen       total 118784K, used 31315K [0x00000006c0000000, 0x00000006c7400000, 0x000000076ab00000)
  object space 118784K, 26% used [0x00000006c0000000,0x00000006c1e94ce0,0x00000006c7400000)
 Metaspace       used 22721K, capacity 23226K, committed 23344K, reserved 1069056K
  class space    used 2690K, capacity 2893K, committed 2944K, reserved 1048576K
}
Event: 6.494 GC heap before
{Heap before GC invocations=8 (full 1):
 PSYoungGen      total 162816K, used 162797K [0x000000076ab00000, 0x000000077af80000, 0x00000007c0000000)
  eden space 143360K, 100% used [0x000000076ab00000,0x0000000773700000,0x0000000773700000)
  from space 19456K, 99% used [0x0000000775100000,0x00000007763fb4c8,0x0000000776400000)
  to   space 26624K, 0% used [0x0000000773700000,0x0000000773700000,0x0000000775100000)
 ParOldGen       total 118784K, used 31315K [0x00000006c0000000, 0x00000006c7400000, 0x000000076ab00000)
  object space 118784K, 26% used [0x00000006c0000000,0x00000006c1e94ce0,0x00000006c7400000)
 Metaspace       used 30803K, capacity 31506K, committed 31744K, reserved 1077248K
  class space    used 3746K, capacity 3977K, committed 4096K, reserved 1048576K
Event: 6.523 GC heap after
Heap after GC invocations=8 (full 1):
 PSYoungGen      total 169984K, used 26600K [0x000000076ab00000, 0x000000077ca00000, 0x00000007c0000000)
  eden space 143360K, 0% used [0x000000076ab00000,0x000000076ab00000,0x0000000773700000)
  from space 26624K, 99% used [0x0000000773700000,0x00000007750fa2d8,0x0000000775100000)
  to   space 31744K, 0% used [0x000000077ab00000,0x000000077ab00000,0x000000077ca00000)
 ParOldGen       total 118784K, used 33631K [0x00000006c0000000, 0x00000006c7400000, 0x000000076ab00000)
  object space 118784K, 28% used [0x00000006c0000000,0x00000006c20d7e30,0x00000006c7400000)
 Metaspace       used 30803K, capacity 31506K, committed 31744K, reserved 1077248K
  class space    used 3746K, capacity 3977K, committed 4096K, reserved 1048576K
}
Event: 14.870 GC heap before
{Heap before GC invocations=9 (full 1):
 PSYoungGen      total 169984K, used 74652K [0x000000076ab00000, 0x000000077ca00000, 0x00000007c0000000)
  eden space 143360K, 33% used [0x000000076ab00000,0x000000076d9ece18,0x0000000773700000)
  from space 26624K, 99% used [0x0000000773700000,0x00000007750fa2d8,0x0000000775100000)
  to   space 31744K, 0% used [0x000000077ab00000,0x000000077ab00000,0x000000077ca00000)
 ParOldGen       total 118784K, used 33631K [0x00000006c0000000, 0x00000006c7400000, 0x000000076ab00000)
  object space 118784K, 28% used [0x00000006c0000000,0x00000006c20d7e30,0x00000006c7400000)
 Metaspace       used 34605K, capacity 35278K, committed 35456K, reserved 1081344K
  class space    used 4194K, capacity 4442K, committed 4480K, reserved 1048576K
Event: 14.891 GC heap after
Heap after GC invocations=9 (full 1):
 PSYoungGen      total 240640K, used 16151K [0x000000076ab00000, 0x000000077be00000, 0x00000007c0000000)
  eden space 221184K, 0% used [0x000000076ab00000,0x000000076ab00000,0x0000000778300000)
  from space 19456K, 83% used [0x000000077ab00000,0x000000077bac5fc0,0x000000077be00000)
  to   space 30208K, 0% used [0x0000000778300000,0x0000000778300000,0x000000077a080000)
 ParOldGen       total 118784K, used 35557K [0x00000006c0000000, 0x00000006c7400000, 0x000000076ab00000)
  object space 118784K, 29% used [0x00000006c0000000,0x00000006c22b9638,0x00000006c7400000)
 Metaspace       used 34605K, capacity 35278K, committed 35456K, reserved 1081344K
  class space    used 4194K, capacity 4442K, committed 4480K, reserved 1048576K
}
Event: 14.891 GC heap before
{Heap before GC invocations=10 (full 2):
 PSYoungGen      total 240640K, used 16151K [0x000000076ab00000, 0x000000077be00000, 0x00000007c0000000)
  eden space 221184K, 0% used [0x000000076ab00000,0x000000076ab00000,0x0000000778300000)
  from space 19456K, 83% used [0x000000077ab00000,0x000000077bac5fc0,0x000000077be00000)
  to   space 30208K, 0% used [0x0000000778300000,0x0000000778300000,0x000000077a080000)
 ParOldGen       total 118784K, used 35557K [0x00000006c0000000, 0x00000006c7400000, 0x000000076ab00000)
  object space 118784K, 29% used [0x00000006c0000000,0x00000006c22b9638,0x00000006c7400000)
 Metaspace       used 34605K, capacity 35278K, committed 35456K, reserved 1081344K
  class space    used 4194K, capacity 4442K, committed 4480K, reserved 1048576K
Event: 14.973 GC heap after
Heap after GC invocations=10 (full 2):
 PSYoungGen      total 240640K, used 0K [0x000000076ab00000, 0x000000077be00000, 0x00000007c0000000)
  eden space 221184K, 0% used [0x000000076ab00000,0x000000076ab00000,0x0000000778300000)
  from space 19456K, 0% used [0x000000077ab00000,0x000000077ab00000,0x000000077be00000)
  to   space 30208K, 0% used [0x0000000778300000,0x0000000778300000,0x000000077a080000)
 ParOldGen       total 180736K, used 29869K [0x00000006c0000000, 0x00000006cb080000, 0x000000076ab00000)
  object space 180736K, 16% used [0x00000006c0000000,0x00000006c1d2b688,0x00000006cb080000)
 Metaspace       used 34605K, capacity 35278K, committed 35456K, reserved 1081344K
  class space    used 4194K, capacity 4442K, committed 4480K, reserved 1048576K
}

Deoptimization events (10 events):
Event: 14.867 Thread 0x00007feac3645800 Uncommon trap: reason=class_check action=maybe_recompile pc=0x00000001106f2c50 method=com.sun.org.apache.xerces.internal.impl.XMLDocumentFragmentScannerImpl$FragmentContentDriver.next()I @ 439
Event: 14.973 Thread 0x00007feac402a000 Uncommon trap: reason=unstable_if action=reinterpret pc=0x00000001110dd768 method=java.lang.ref.Finalizer.remove()V @ 10
Event: 14.974 Thread 0x00007feac402a000 Uncommon trap: reason=unstable_if action=reinterpret pc=0x00000001110dc058 method=java.lang.ref.Finalizer.remove()V @ 10
Event: 15.147 Thread 0x00007feac3645800 Uncommon trap: reason=unstable_if action=reinterpret pc=0x00000001105b516c method=java.util.Properties$LineReader.readLine()I @ 328
Event: 15.723 Thread 0x00007feac3645800 Uncommon trap: reason=class_check action=maybe_recompile pc=0x00000001110de330 method=java.util.HashMap.removeNode(ILjava/lang/Object;Ljava/lang/Object;ZZ)Ljava/util/HashMap$Node; @ 68
Event: 15.723 Thread 0x00007feac3645800 Uncommon trap: reason=class_check action=maybe_recompile pc=0x00000001110de330 method=java.util.HashMap.removeNode(ILjava/lang/Object;Ljava/lang/Object;ZZ)Ljava/util/HashMap$Node; @ 68
Event: 15.724 Thread 0x00007feac3645800 Uncommon trap: reason=class_check action=maybe_recompile pc=0x00000001110de330 method=java.util.HashMap.removeNode(ILjava/lang/Object;Ljava/lang/Object;ZZ)Ljava/util/HashMap$Node; @ 68
Event: 15.724 Thread 0x00007feac3645800 Uncommon trap: reason=class_check action=maybe_recompile pc=0x00000001110de330 method=java.util.HashMap.removeNode(ILjava/lang/Object;Ljava/lang/Object;ZZ)Ljava/util/HashMap$Node; @ 68
Event: 15.731 Thread 0x00007feac3645800 Uncommon trap: reason=unstable_if action=reinterpret pc=0x0000000110c70614 method=java.util.Hashtable$Enumerator.nextElement()Ljava/lang/Object; @ 87
Event: 15.731 Thread 0x00007feac3645800 Uncommon trap: reason=unstable_if action=reinterpret pc=0x0000000110b8cc6c method=java.util.Hashtable$Enumerator.nextElement()Ljava/lang/Object; @ 87

Internal exceptions (10 events):
Event: 6.876 Thread 0x00007feac2c4b000 Exception <a 'java/lang/ClassNotFoundException': org/springframework/web/servlet/ThemeResolverCustomizer> (0x000000076c7a5510) thrown at [/Users/java_re/workspace/8-2-build-macosx-x86_64/jdk8u102/7268/hotspot/src/share/vm/classfile/systemDictionary.cpp, l
Event: 6.881 Thread 0x00007feac2c4b000 Exception <a 'java/lang/ClassNotFoundException': org/springframework/web/servlet/view/DefaultRequestToViewNameTranslatorBeanInfo> (0x000000076c7d94d8) thrown at [/Users/java_re/workspace/8-2-build-macosx-x86_64/jdk8u102/7268/hotspot/src/share/vm/classfile
Event: 6.882 Thread 0x00007feac2c4b000 Exception <a 'java/lang/ClassNotFoundException': org/springframework/web/servlet/view/DefaultRequestToViewNameTranslatorCustomizer> (0x000000076c7f9a70) thrown at [/Users/java_re/workspace/8-2-build-macosx-x86_64/jdk8u102/7268/hotspot/src/share/vm/classfi
Event: 6.883 Thread 0x00007feac2c4b000 Exception <a 'java/lang/ClassNotFoundException': org/springframework/web/servlet/RequestToViewNameTranslatorCustomizer> (0x000000076c829928) thrown at [/Users/java_re/workspace/8-2-build-macosx-x86_64/jdk8u102/7268/hotspot/src/share/vm/classfile/systemDic
Event: 6.888 Thread 0x00007feac2c4b000 Exception <a 'java/lang/ClassNotFoundException': org/springframework/web/servlet/support/SessionFlashMapManagerBeanInfo> (0x000000076c86d898) thrown at [/Users/java_re/workspace/8-2-build-macosx-x86_64/jdk8u102/7268/hotspot/src/share/vm/classfile/systemDi
Event: 6.888 Thread 0x00007feac2c4b000 Exception <a 'java/lang/ClassNotFoundException': org/springframework/web/servlet/support/AbstractFlashMapManagerBeanInfo> (0x000000076c88c620) thrown at [/Users/java_re/workspace/8-2-build-macosx-x86_64/jdk8u102/7268/hotspot/src/share/vm/classfile/systemD
Event: 6.889 Thread 0x00007feac2c4b000 Exception <a 'java/lang/ClassNotFoundException': org/springframework/web/servlet/support/AbstractFlashMapManagerCustomizer> (0x000000076c8ab488) thrown at [/Users/java_re/workspace/8-2-build-macosx-x86_64/jdk8u102/7268/hotspot/src/share/vm/classfile/syste
Event: 6.889 Thread 0x00007feac2c4b000 Exception <a 'java/lang/ClassNotFoundException': org/springframework/web/servlet/support/SessionFlashMapManagerCustomizer> (0x000000076c8d1b30) thrown at [/Users/java_re/workspace/8-2-build-macosx-x86_64/jdk8u102/7268/hotspot/src/share/vm/classfile/system
Event: 6.890 Thread 0x00007feac2c4b000 Exception <a 'java/lang/ClassNotFoundException': org/springframework/web/servlet/FlashMapManagerCustomizer> (0x000000076c8efff0) thrown at [/Users/java_re/workspace/8-2-build-macosx-x86_64/jdk8u102/7268/hotspot/src/share/vm/classfile/systemDictionary.cpp,
Event: 15.450 Thread 0x00007feac3645800 Exception <a 'java/lang/ArrayIndexOutOfBoundsException': 4548> (0x000000076becf108) thrown at [/Users/java_re/workspace/8-2-build-macosx-x86_64/jdk8u102/7268/hotspot/src/share/vm/interpreter/interpreterRuntime.cpp, line 366]

Events (10 events):
Event: 15.747 loading class org/apache/jasper/runtime/PageContextImpl
Event: 15.747 loading class org/apache/jasper/runtime/PageContextImpl done
Event: 15.750 Executing VM operation: RevokeBias
Event: 15.750 Executing VM operation: RevokeBias done
Event: 15.751 Executing VM operation: RevokeBias
Event: 15.751 Executing VM operation: RevokeBias done
Event: 15.754 Thread 0x00007feac3035000 flushing nmethod 0x00000001105b3810
Event: 15.757 Thread 0x00007feac3035000 flushing nmethod 0x00000001105dac50
Event: 15.757 Thread 0x00007feac3035000 flushing nmethod 0x0000000110636b10
Event: 15.757 Thread 0x00007feac3b32800 Thread added: 0x00007feac3b32800


Dynamic libraries:
0x0000000003ae8000 	/System/Library/Frameworks/Cocoa.framework/Versions/A/Cocoa
0x0000000003ae8000 	/System/Library/Frameworks/Security.framework/Versions/A/Security
0x0000000003ae8000 	/System/Library/Frameworks/ApplicationServices.framework/Versions/A/ApplicationServices
0x0000000003ae8000 	/usr/lib/libz.1.dylib
0x0000000003ae8000 	/usr/lib/libSystem.B.dylib
0x0000000003ae8000 	/usr/lib/libobjc.A.dylib
0x0000000003ae8000 	/System/Library/Frameworks/CoreFoundation.framework/Versions/A/CoreFoundation
0x0000000003ae8000 	/System/Library/Frameworks/Foundation.framework/Versions/C/Foundation
0x0000000003ae8000 	/System/Library/Frameworks/AppKit.framework/Versions/C/AppKit
0x0000000003ae8000 	/System/Library/Frameworks/CoreData.framework/Versions/A/CoreData
0x0000000003ae8000 	/System/Library/PrivateFrameworks/RemoteViewServices.framework/Versions/A/RemoteViewServices
0x0000000003ae8000 	/System/Library/PrivateFrameworks/UIFoundation.framework/Versions/A/UIFoundation
0x0000000003ae8000 	/usr/lib/libScreenReader.dylib
0x0000000003ae8000 	/System/Library/Frameworks/Accelerate.framework/Versions/A/Accelerate
0x0000000003ae8000 	/System/Library/Frameworks/IOSurface.framework/Versions/A/IOSurface
0x0000000003ae8000 	/System/Library/Frameworks/AudioToolbox.framework/Versions/A/AudioToolbox
0x0000000003ae8000 	/System/Library/Frameworks/AudioUnit.framework/Versions/A/AudioUnit
0x0000000003ae8000 	/System/Library/PrivateFrameworks/DataDetectorsCore.framework/Versions/A/DataDetectorsCore
0x0000000003ae8000 	/System/Library/PrivateFrameworks/DesktopServicesPriv.framework/Versions/A/DesktopServicesPriv
0x0000000003ae8000 	/System/Library/Frameworks/Carbon.framework/Versions/A/Frameworks/HIToolbox.framework/Versions/A/HIToolbox
0x0000000003ae8000 	/System/Library/Frameworks/QuartzCore.framework/Versions/A/QuartzCore
0x0000000003ae8000 	/System/Library/Frameworks/Carbon.framework/Versions/A/Frameworks/SpeechRecognition.framework/Versions/A/SpeechRecognition
0x0000000003ae8000 	/usr/lib/libauto.dylib
0x0000000003ae8000 	/usr/lib/libicucore.A.dylib
0x0000000003ae8000 	/usr/lib/libxml2.2.dylib
0x0000000003ae8000 	/System/Library/PrivateFrameworks/CoreUI.framework/Versions/A/CoreUI
0x0000000003ae8000 	/System/Library/Frameworks/CoreAudio.framework/Versions/A/CoreAudio
0x0000000003ae8000 	/System/Library/Frameworks/DiskArbitration.framework/Versions/A/DiskArbitration
0x0000000003ae8000 	/usr/lib/liblangid.dylib
0x0000000003ae8000 	/System/Library/PrivateFrameworks/MultitouchSupport.framework/Versions/A/MultitouchSupport
0x0000000003ae8000 	/System/Library/Frameworks/IOKit.framework/Versions/A/IOKit
0x0000000003ae8000 	/usr/lib/libDiagnosticMessagesClient.dylib
0x0000000003ae8000 	/System/Library/Frameworks/CoreServices.framework/Versions/A/CoreServices
0x0000000003ae8000 	/System/Library/PrivateFrameworks/PerformanceAnalysis.framework/Versions/A/PerformanceAnalysis
0x0000000003ae8000 	/System/Library/PrivateFrameworks/GenerationalStorage.framework/Versions/A/GenerationalStorage
0x0000000003ae8000 	/System/Library/Frameworks/OpenGL.framework/Versions/A/OpenGL
0x0000000003ae8000 	/System/Library/PrivateFrameworks/Sharing.framework/Versions/A/Sharing
0x0000000003ae8000 	/System/Library/Frameworks/CoreGraphics.framework/Versions/A/CoreGraphics
0x0000000003ae8000 	/System/Library/Frameworks/CoreImage.framework/Versions/A/CoreImage
0x0000000003ae8000 	/System/Library/Frameworks/CoreText.framework/Versions/A/CoreText
0x0000000003ae8000 	/System/Library/Frameworks/ImageIO.framework/Versions/A/ImageIO
0x0000000003ae8000 	/System/Library/PrivateFrameworks/Backup.framework/Versions/A/Backup
0x0000000003ae8000 	/usr/lib/libextension.dylib
0x0000000003ae8000 	/usr/lib/libarchive.2.dylib
0x0000000003ae8000 	/System/Library/Frameworks/CFNetwork.framework/Versions/A/CFNetwork
0x0000000003ae8000 	/System/Library/Frameworks/SystemConfiguration.framework/Versions/A/SystemConfiguration
0x0000000003ae8000 	/usr/lib/libCRFSuite.dylib
0x0000000003ae8000 	/usr/lib/libc++.1.dylib
0x0000000003ae8000 	/usr/lib/libc++abi.dylib
0x0000000003ae8000 	/usr/lib/system/libcache.dylib
0x0000000003ae8000 	/usr/lib/system/libcommonCrypto.dylib
0x0000000003ae8000 	/usr/lib/system/libcompiler_rt.dylib
0x0000000003ae8000 	/usr/lib/system/libcopyfile.dylib
0x0000000003ae8000 	/usr/lib/system/libcorecrypto.dylib
0x0000000003ae8000 	/usr/lib/system/libdispatch.dylib
0x0000000003ae8000 	/usr/lib/system/libdyld.dylib
0x0000000003ae8000 	/usr/lib/system/libkeymgr.dylib
0x0000000003ae8000 	/usr/lib/system/liblaunch.dylib
0x0000000003ae8000 	/usr/lib/system/libmacho.dylib
0x0000000003ae8000 	/usr/lib/system/libquarantine.dylib
0x0000000003ae8000 	/usr/lib/system/libremovefile.dylib
0x0000000003ae8000 	/usr/lib/system/libsystem_asl.dylib
0x0000000003ae8000 	/usr/lib/system/libsystem_blocks.dylib
0x0000000003ae8000 	/usr/lib/system/libsystem_c.dylib
0x0000000003ae8000 	/usr/lib/system/libsystem_configuration.dylib
0x0000000003ae8000 	/usr/lib/system/libsystem_coreservices.dylib
0x0000000003ae8000 	/usr/lib/system/libsystem_coretls.dylib
0x0000000003ae8000 	/usr/lib/system/libsystem_dnssd.dylib
0x0000000003ae8000 	/usr/lib/system/libsystem_info.dylib
0x0000000003ae8000 	/usr/lib/system/libsystem_kernel.dylib
0x0000000003ae8000 	/usr/lib/system/libsystem_m.dylib
0x0000000003ae8000 	/usr/lib/system/libsystem_malloc.dylib
0x0000000003ae8000 	/usr/lib/system/libsystem_network.dylib
0x0000000003ae8000 	/usr/lib/system/libsystem_networkextension.dylib
0x0000000003ae8000 	/usr/lib/system/libsystem_notify.dylib
0x0000000003ae8000 	/usr/lib/system/libsystem_platform.dylib
0x0000000003ae8000 	/usr/lib/system/libsystem_pthread.dylib
0x0000000003ae8000 	/usr/lib/system/libsystem_sandbox.dylib
0x0000000003ae8000 	/usr/lib/system/libsystem_secinit.dylib
0x0000000003ae8000 	/usr/lib/system/libsystem_trace.dylib
0x0000000003ae8000 	/usr/lib/system/libunc.dylib
0x0000000003ae8000 	/usr/lib/system/libunwind.dylib
0x0000000003ae8000 	/usr/lib/system/libxpc.dylib
0x0000000003ae8000 	/usr/lib/libenergytrace.dylib
0x0000000003ae8000 	/usr/lib/libbsm.0.dylib
0x0000000003ae8000 	/usr/lib/system/libkxld.dylib
0x0000000003ae8000 	/usr/lib/libxar.1.dylib
0x0000000003ae8000 	/usr/lib/libsqlite3.dylib
0x0000000003ae8000 	/usr/lib/libpam.2.dylib
0x0000000003ae8000 	/usr/lib/libOpenScriptingUtil.dylib
0x0000000003ae8000 	/usr/lib/libbz2.1.0.dylib
0x0000000003ae8000 	/usr/lib/liblzma.5.dylib
0x0000000003ae8000 	/System/Library/Frameworks/CoreServices.framework/Versions/A/Frameworks/FSEvents.framework/Versions/A/FSEvents
0x0000000003ae8000 	/System/Library/Frameworks/CoreServices.framework/Versions/A/Frameworks/CarbonCore.framework/Versions/A/CarbonCore
0x0000000003ae8000 	/System/Library/Frameworks/CoreServices.framework/Versions/A/Frameworks/Metadata.framework/Versions/A/Metadata
0x0000000003ae8000 	/System/Library/Frameworks/CoreServices.framework/Versions/A/Frameworks/OSServices.framework/Versions/A/OSServices
0x0000000003ae8000 	/System/Library/Frameworks/CoreServices.framework/Versions/A/Frameworks/SearchKit.framework/Versions/A/SearchKit
0x0000000003ae8000 	/System/Library/Frameworks/CoreServices.framework/Versions/A/Frameworks/AE.framework/Versions/A/AE
0x0000000003ae8000 	/System/Library/Frameworks/CoreServices.framework/Versions/A/Frameworks/LaunchServices.framework/Versions/A/LaunchServices
0x0000000003ae8000 	/System/Library/Frameworks/CoreServices.framework/Versions/A/Frameworks/DictionaryServices.framework/Versions/A/DictionaryServices
0x0000000003ae8000 	/System/Library/Frameworks/CoreServices.framework/Versions/A/Frameworks/SharedFileList.framework/Versions/A/SharedFileList
0x0000000003ae8000 	/System/Library/Frameworks/NetFS.framework/Versions/A/NetFS
0x0000000003ae8000 	/System/Library/PrivateFrameworks/NetAuth.framework/Versions/A/NetAuth
0x0000000003ae8000 	/System/Library/PrivateFrameworks/login.framework/Versions/A/Frameworks/loginsupport.framework/Versions/A/loginsupport
0x0000000003ae8000 	/System/Library/PrivateFrameworks/TCC.framework/Versions/A/TCC
0x0000000003ae8000 	/usr/lib/libmecabra.dylib
0x0000000003ae8000 	/System/Library/Frameworks/ApplicationServices.framework/Versions/A/Frameworks/ATS.framework/Versions/A/ATS
0x0000000003ae8000 	/System/Library/Frameworks/ApplicationServices.framework/Versions/A/Frameworks/ColorSync.framework/Versions/A/ColorSync
0x0000000003ae8000 	/System/Library/Frameworks/ApplicationServices.framework/Versions/A/Frameworks/HIServices.framework/Versions/A/HIServices
0x0000000003ae8000 	/System/Library/Frameworks/ApplicationServices.framework/Versions/A/Frameworks/LangAnalysis.framework/Versions/A/LangAnalysis
0x0000000003ae8000 	/System/Library/Frameworks/ApplicationServices.framework/Versions/A/Frameworks/PrintCore.framework/Versions/A/PrintCore
0x0000000003ae8000 	/System/Library/Frameworks/ApplicationServices.framework/Versions/A/Frameworks/QD.framework/Versions/A/QD
0x0000000003ae8000 	/System/Library/Frameworks/ApplicationServices.framework/Versions/A/Frameworks/SpeechSynthesis.framework/Versions/A/SpeechSynthesis
0x0000000003ae8000 	/System/Library/Frameworks/Metal.framework/Versions/A/Metal
0x0000000003ae8000 	/System/Library/Frameworks/Accelerate.framework/Versions/A/Frameworks/vImage.framework/Versions/A/vImage
0x0000000003ae8000 	/System/Library/Frameworks/Accelerate.framework/Versions/A/Frameworks/vecLib.framework/Versions/A/vecLib
0x0000000003ae8000 	/System/Library/Frameworks/Accelerate.framework/Versions/A/Frameworks/vecLib.framework/Versions/A/libvDSP.dylib
0x0000000003ae8000 	/System/Library/Frameworks/Accelerate.framework/Versions/A/Frameworks/vecLib.framework/Versions/A/libvMisc.dylib
0x0000000003ae8000 	/System/Library/Frameworks/Accelerate.framework/Versions/A/Frameworks/vecLib.framework/Versions/A/libLAPACK.dylib
0x0000000003ae8000 	/System/Library/Frameworks/Accelerate.framework/Versions/A/Frameworks/vecLib.framework/Versions/A/libBLAS.dylib
0x0000000003ae8000 	/System/Library/Frameworks/Accelerate.framework/Versions/A/Frameworks/vecLib.framework/Versions/A/libLinearAlgebra.dylib
0x0000000003ae8000 	/System/Library/Frameworks/Accelerate.framework/Versions/A/Frameworks/vecLib.framework/Versions/A/libSparseBLAS.dylib
0x0000000003ae8000 	/System/Library/PrivateFrameworks/GPUCompiler.framework/libmetal_timestamp.dylib
0x0000000003ae8000 	/System/Library/Frameworks/OpenGL.framework/Versions/A/Libraries/libCoreFSCache.dylib
0x0000000003ae8000 	/System/Library/PrivateFrameworks/IOAccelerator.framework/Versions/A/IOAccelerator
0x0000000003ae8000 	/System/Library/Frameworks/ApplicationServices.framework/Versions/A/Frameworks/ATS.framework/Versions/A/Resources/libFontParser.dylib
0x0000000003ae8000 	/System/Library/Frameworks/ApplicationServices.framework/Versions/A/Frameworks/ATS.framework/Versions/A/Resources/libFontRegistry.dylib
0x0000000003ae8000 	/System/Library/PrivateFrameworks/AppleVPA.framework/Versions/A/AppleVPA
0x0000000003ae8000 	/System/Library/PrivateFrameworks/AppleJPEG.framework/Versions/A/AppleJPEG
0x0000000003ae8000 	/System/Library/Frameworks/ImageIO.framework/Versions/A/Resources/libJPEG.dylib
0x0000000003ae8000 	/System/Library/Frameworks/ImageIO.framework/Versions/A/Resources/libTIFF.dylib
0x0000000003ae8000 	/System/Library/Frameworks/ImageIO.framework/Versions/A/Resources/libPng.dylib
0x0000000003ae8000 	/System/Library/Frameworks/ImageIO.framework/Versions/A/Resources/libGIF.dylib
0x0000000003ae8000 	/System/Library/Frameworks/ImageIO.framework/Versions/A/Resources/libJP2.dylib
0x0000000003ae8000 	/System/Library/Frameworks/ImageIO.framework/Versions/A/Resources/libRadiance.dylib
0x0000000003ae8000 	/System/Library/Frameworks/CoreVideo.framework/Versions/A/CoreVideo
0x0000000003ae8000 	/System/Library/Frameworks/OpenGL.framework/Versions/A/Libraries/libGLU.dylib
0x0000000003ae8000 	/System/Library/Frameworks/OpenGL.framework/Versions/A/Libraries/libGFXShared.dylib
0x0000000003ae8000 	/System/Library/Frameworks/OpenGL.framework/Versions/A/Libraries/libGL.dylib
0x0000000003ae8000 	/System/Library/Frameworks/OpenGL.framework/Versions/A/Libraries/libGLImage.dylib
0x0000000003ae8000 	/System/Library/Frameworks/OpenGL.framework/Versions/A/Libraries/libCVMSPluginSupport.dylib
0x0000000003ae8000 	/System/Library/Frameworks/OpenGL.framework/Versions/A/Libraries/libCoreVMClient.dylib
0x0000000003ae8000 	/usr/lib/libcups.2.dylib
0x0000000003ae8000 	/System/Library/Frameworks/Kerberos.framework/Versions/A/Kerberos
0x0000000003ae8000 	/System/Library/Frameworks/GSS.framework/Versions/A/GSS
0x0000000003ae8000 	/usr/lib/libresolv.9.dylib
0x0000000003ae8000 	/usr/lib/libiconv.2.dylib
0x0000000003ae8000 	/System/Library/PrivateFrameworks/Heimdal.framework/Versions/A/Heimdal
0x0000000003ae8000 	/usr/lib/libheimdal-asn1.dylib
0x0000000003ae8000 	/System/Library/Frameworks/OpenDirectory.framework/Versions/A/OpenDirectory
0x0000000003ae8000 	/System/Library/PrivateFrameworks/CommonAuth.framework/Versions/A/CommonAuth
0x0000000003ae8000 	/System/Library/Frameworks/OpenDirectory.framework/Versions/A/Frameworks/CFOpenDirectory.framework/Versions/A/CFOpenDirectory
0x0000000003ae8000 	/System/Library/Frameworks/SecurityFoundation.framework/Versions/A/SecurityFoundation
0x0000000003ae8000 	/System/Library/PrivateFrameworks/LanguageModeling.framework/Versions/A/LanguageModeling
0x0000000003ae8000 	/usr/lib/libmarisa.dylib
0x0000000003ae8000 	/usr/lib/libChineseTokenizer.dylib
0x0000000003ae8000 	/usr/lib/libcmph.dylib
0x0000000003ae8000 	/usr/lib/libcompression.dylib
0x0000000003ae8000 	/System/Library/Frameworks/ServiceManagement.framework/Versions/A/ServiceManagement
0x0000000003ae8000 	/usr/lib/libxslt.1.dylib
0x0000000003ae8000 	/System/Library/Frameworks/Carbon.framework/Versions/A/Frameworks/Ink.framework/Versions/A/Ink
0x0000000003ae8000 	/usr/lib/libFosl_dynamic.dylib
0x0000000003ae8000 	/System/Library/PrivateFrameworks/FaceCore.framework/Versions/A/FaceCore
0x0000000003ae8000 	/System/Library/Frameworks/OpenCL.framework/Versions/A/OpenCL
0x0000000003ae8000 	/System/Library/PrivateFrameworks/CrashReporterSupport.framework/Versions/A/CrashReporterSupport
0x0000000003ae8000 	/System/Library/PrivateFrameworks/IconServices.framework/Versions/A/IconServices
0x0000000003ae8000 	/System/Library/PrivateFrameworks/Apple80211.framework/Versions/A/Apple80211
0x0000000003ae8000 	/System/Library/Frameworks/CoreWLAN.framework/Versions/A/CoreWLAN
0x0000000003ae8000 	/System/Library/Frameworks/IOBluetooth.framework/Versions/A/IOBluetooth
0x0000000003ae8000 	/System/Library/PrivateFrameworks/CoreWiFi.framework/Versions/A/CoreWiFi
0x0000000003ae8000 	/System/Library/Frameworks/CoreBluetooth.framework/Versions/A/CoreBluetooth
0x0000000003ae8000 	/System/Library/PrivateFrameworks/ChunkingLibrary.framework/Versions/A/ChunkingLibrary
0x0000000003ae8000 	/System/Library/PrivateFrameworks/DebugSymbols.framework/Versions/A/DebugSymbols
0x0000000003ae8000 	/System/Library/PrivateFrameworks/CoreSymbolication.framework/Versions/A/CoreSymbolication
0x0000000003ae8000 	/System/Library/PrivateFrameworks/Symbolication.framework/Versions/A/Symbolication
0x0000000003ae8000 	/System/Library/PrivateFrameworks/SpeechRecognitionCore.framework/Versions/A/SpeechRecognitionCore
0x000000010ec41000 	/Library/Java/JavaVirtualMachines/jdk1.8.0_102.jdk/Contents/Home/jre/lib/server/libjvm.dylib
0x0000000003ae8000 	/usr/lib/libstdc++.6.dylib
0x000000010fbe6000 	/Library/Java/JavaVirtualMachines/jdk1.8.0_102.jdk/Contents/Home/jre/lib/libverify.dylib
0x0000000110400000 	/Library/Java/JavaVirtualMachines/jdk1.8.0_102.jdk/Contents/Home/jre/lib/libjava.dylib
0x0000000110435000 	/Library/Java/JavaVirtualMachines/jdk1.8.0_102.jdk/Contents/Home/jre/lib/libzip.dylib
0x000000012a874000 	/System/Library/Frameworks/JavaVM.framework/Frameworks/JavaRuntimeSupport.framework/JavaRuntimeSupport
0x000000012a88f000 	/System/Library/Frameworks/JavaVM.framework/Versions/A/Frameworks/JavaNativeFoundation.framework/Versions/A/JavaNativeFoundation
0x000000012a8a4000 	/System/Library/Frameworks/JavaVM.framework/Versions/A/JavaVM
0x0000000003ae8000 	/System/Library/Frameworks/Carbon.framework/Versions/A/Carbon
0x000000012a8b1000 	/System/Library/PrivateFrameworks/JavaLaunching.framework/Versions/A/JavaLaunching
0x0000000003ae8000 	/System/Library/Frameworks/Carbon.framework/Versions/A/Frameworks/CommonPanels.framework/Versions/A/CommonPanels
0x0000000003ae8000 	/System/Library/Frameworks/Carbon.framework/Versions/A/Frameworks/Help.framework/Versions/A/Help
0x0000000003ae8000 	/System/Library/Frameworks/Carbon.framework/Versions/A/Frameworks/ImageCapture.framework/Versions/A/ImageCapture
0x0000000003ae8000 	/System/Library/Frameworks/Carbon.framework/Versions/A/Frameworks/OpenScripting.framework/Versions/A/OpenScripting
0x0000000003ae8000 	/System/Library/Frameworks/Carbon.framework/Versions/A/Frameworks/Print.framework/Versions/A/Print
0x0000000003ae8000 	/System/Library/Frameworks/Carbon.framework/Versions/A/Frameworks/SecurityHI.framework/Versions/A/SecurityHI
0x000000012c668000 	/Library/Java/JavaVirtualMachines/jdk1.8.0_102.jdk/Contents/Home/jre/lib/libnet.dylib
0x000000012c67f000 	/Library/Java/JavaVirtualMachines/jdk1.8.0_102.jdk/Contents/Home/jre/lib/libnio.dylib
0x000000012c2fa000 	/Library/Java/JavaVirtualMachines/jdk1.8.0_102.jdk/Contents/Home/jre/lib/libmanagement.dylib

VM Arguments:
jvm_args: -Dmaven.home=EMBEDDED -Dclassworlds.conf=/Users/user/Documents/workspace/.metadata/.plugins/org.eclipse.m2e.launching/launches/m2conf1607262364353604484.tmp -Dmaven.multiModuleProjectDirectory=/Users/user/Desktop/Eat-net/Spring2017 -Dfile.encoding=UTF-8 
java_command: org.codehaus.plexus.classworlds.launcher.Launcher -B tomcat7:run
java_class_path (initial): /Users/user/Desktop/Eclipse.app/Contents/Eclipse/plugins/org.eclipse.m2e.maven.runtime_1.7.0.20160603-1931/jars/plexus-classworlds-2.5.2.jar
Launcher Type: SUN_STANDARD

Environment Variables:
PATH=/usr/bin:/bin:/usr/sbin:/sbin
SHELL=/bin/bash

Signal Handlers:
SIGSEGV: [libjvm.dylib+0x5b0579], sa_mask[0]=11111111011111110111111111111111, sa_flags=SA_ONSTACK|SA_RESTART|SA_SIGINFO
SIGBUS: [libjvm.dylib+0x5b0579], sa_mask[0]=11111111011111110111111111111111, sa_flags=SA_RESTART|SA_SIGINFO
SIGFPE: [libjvm.dylib+0x4874e4], sa_mask[0]=11111111011111110111111111111111, sa_flags=SA_RESTART|SA_SIGINFO
SIGPIPE: [libjvm.dylib+0x4874e4], sa_mask[0]=11111111011111110111111111111111, sa_flags=SA_RESTART|SA_SIGINFO
SIGXFSZ: [libjvm.dylib+0x4874e4], sa_mask[0]=11111111011111110111111111111111, sa_flags=SA_RESTART|SA_SIGINFO
SIGILL: [libjvm.dylib+0x4874e4], sa_mask[0]=11111111011111110111111111111111, sa_flags=SA_RESTART|SA_SIGINFO
SIGUSR1: SIG_DFL, sa_mask[0]=00000000000000000000000000000000, sa_flags=none
SIGUSR2: [libjvm.dylib+0x487002], sa_mask[0]=00100000000000000000000000000000, sa_flags=SA_RESTART|SA_SIGINFO
SIGHUP: [libjvm.dylib+0x4855d9], sa_mask[0]=11111111011111110111111111111111, sa_flags=SA_RESTART|SA_SIGINFO
SIGINT: [libjvm.dylib+0x4855d9], sa_mask[0]=11111111011111110111111111111111, sa_flags=SA_RESTART|SA_SIGINFO
SIGTERM: [libjvm.dylib+0x4855d9], sa_mask[0]=11111111011111110111111111111111, sa_flags=SA_RESTART|SA_SIGINFO
SIGQUIT: [libjvm.dylib+0x4855d9], sa_mask[0]=11111111011111110111111111111111, sa_flags=SA_RESTART|SA_SIGINFO


---------------  S Y S T E M  ---------------

OS:Bsduname:Darwin 15.4.0 Darwin Kernel Version 15.4.0: Fri Feb 26 22:08:05 PST 2016; root:xnu-3248.40.184~3/RELEASE_X86_64 x86_64
rlimit: STACK 8192k, CORE 0k, NPROC 709, NOFILE 10240, AS infinity
load average:2.61 2.79 2.70

CPU:total 4 (2 cores per cpu, 2 threads per core) family 6 model 69 stepping 1, cmov, cx8, fxsr, mmx, sse, sse2, sse3, ssse3, sse4.1, sse4.2, popcnt, avx, avx2, aes, clmul, erms, lzcnt, ht, tsc, tscinvbit, bmi1, bmi2

Memory: 4k page, physical 16777216k(702192k free)

/proc/meminfo:


vm_info: Java HotSpot(TM) 64-Bit Server VM (25.102-b14) for bsd-amd64 JRE (1.8.0_102-b14), built on Jun 22 2016 11:42:36 by "java_re" with gcc 4.2.1 (Based on Apple Inc. build 5658) (LLVM build 2336.11.00)

time: Tue Feb 28 08:28:52 2017
elapsed time: 15 seconds (0d 0h 0m 15s)

