#
# A fatal error has been detected by the Java Runtime Environment:
#
#  SIGSEGV (0xb) at pc=0x00000001093aaa7a, pid=4950, tid=0x0000000000002403
#
# JRE version: Java(TM) SE Runtime Environment (8.0_102-b14) (build 1.8.0_102-b14)
# Java VM: Java HotSpot(TM) 64-Bit Server VM (25.102-b14 mixed mode bsd-amd64 compressed oops)
# Problematic frame:
# V  [libjvm.dylib+0x2c2a7a]  void PSParallelCompact::mark_and_push<unsigned int>(ParCompactionManager*, unsigned int*)+0x58
#
# Failed to write core dump. Core dumps have been disabled. To enable core dumping, try "ulimit -c unlimited" before starting Java again
#
# If you would like to submit a bug report, please visit:
#   http://bugreport.java.com/bugreport/crash.jsp
#

---------------  T H R E A D  ---------------

Current thread (0x00007feedc00b800):  GCTaskThread [stack: 0x000070000021d000,0x000070000031d000] [id=9219]

siginfo: si_signo: 11 (SIGSEGV), si_code: 0 (unknown), si_addr: 0x0000000000000000

Registers:
RAX=0x000000011ab17000, RBX=0x00007feedb7040c0, RCX=0x03ffffffe5000010, RDX=0x1fffffff28000080
RSP=0x000070000031cbf0, RBP=0x000070000031cc10, RSI=0x000000076f12cb60, RDI=0x00007feedb7040c0
R8 =0x00000000000015e2, R9 =0x0000000000003271, R10=0x0000001000040901, R11=0x0000020000000000
R12=0x000000076f12cb60, R13=0x000000076f12cb6c, R14=0x0000000000000400, R15=0x00000007c002cc10
RIP=0x00000001093aaa7a, EFLAGS=0x0000000000010202, ERR=0x0000000000000000
  TRAPNO=0x000000000000000d

Top of Stack: (sp=0x000070000031cbf0)
0x000070000031cbf0:   0000000000000000 00007feedb7040c0
0x000070000031cc00:   00000007c002cc08 00000007c002cc10
0x000070000031cc10:   000070000031cc60 00000001093a7481
0x000070000031cc20:   000070000031cc60 000000076f12cb48
0x000070000031cc30:   0000000000000000 00007feedb7040c0
0x000070000031cc40:   000000076f12cb48 00000001096f9743
0x000070000031cc50:   00007feedb7040c8 0000000109924aa0
0x000070000031cc60:   000070000031ccf0 00000001095a353c
0x000070000031cc70:   0000000000000000 00007feedb704100
0x000070000031cc80:   00007feedb704148 00007feedb704180
0x000070000031cc90:   0000000000000000 0000000000000000
0x000070000031cca0:   000000076f12cb48 000070000031cd08
0x000070000031ccb0:   0000000000000000 00000001096f9743
0x000070000031ccc0:   00007feedb81c000 00007feedb7040c0
0x000070000031ccd0:   0000000000000000 00000001096f9743
0x000070000031cce0:   00007feedb7021e0 0000000000000001
0x000070000031ccf0:   000070000031cdb0 0000000109595886
0x000070000031cd00:   00007feedb412168 00000001099b7050
0x000070000031cd10:   0000000000000000 000070000031cd60
0x000070000031cd20:   0000000000000000 00000001099b70f0
0x000070000031cd30:   000070000031cd00 000070000031cd60
0x000070000031cd40:   00000001099b7110 000000010954ab00
0x000070000031cd50:   000070000031cd60 00007feedb50fd01
0x000070000031cd60:   00000001099bc830 000000010935dc00
0x000070000031cd70:   00007feedb7040c0 00007feedb50ff20
0x000070000031cd80:   00007feedb50ff50 00007feedb50ff60
0x000070000031cd90:   00007feedb510338 00000000000003d8
0x000070000031cda0:   00007feedc00b800 00007feedb7021e0
0x000070000031cdb0:   000070000031ce90 000000010935e1ff
0x000070000031cdc0:   000070000031cdf0 00007feedb50ff20
0x000070000031cdd0:   00007feedb50ff50 00007feedb50ff60
0x000070000031cde0:   00007feedb510338 00000000000003d8 

Instructions: (pc=0x00000001093aaa7a)
0x00000001093aaa5a:   10 48 c1 ea 03 48 8d 0d d2 e7 55 00 8a 09 48 d3
0x00000001093aaa6a:   ea 48 89 d1 48 83 e1 c0 48 c1 e9 03 48 8b 40 30
0x00000001093aaa7a:   48 8b 04 08 48 0f a3 d0 72 5d 4c 89 f7 e8 74 6d
0x00000001093aaa8a:   ee ff 4c 63 f8 48 8d 3d 8a d2 62 00 4c 89 f6 4c 

Register to memory mapping:

RAX=0x000000011ab17000 is an unknown value
RBX=0x00007feedb7040c0 is an unknown value
RCX=0x03ffffffe5000010 is an unknown value
RDX=0x1fffffff28000080 is an unknown value
RSP=0x000070000031cbf0 is an unknown value
RBP=0x000070000031cc10 is an unknown value
RSI=0x000000076f12cb60 is an unknown value
RDI=0x00007feedb7040c0 is an unknown value
R8 =0x00000000000015e2 is an unknown value
R9 =0x0000000000003271 is an unknown value
R10=0x0000001000040901 is an unknown value
R11=0x0000020000000000 is an unknown value
R12=0x000000076f12cb60 is an unknown value
R13=0x000000076f12cb6c is an unknown value
R14=0x0000000000000400 is an unknown value
R15=0x00000007c002cc10 is pointing into metadata


Stack: [0x000070000021d000,0x000070000031d000],  sp=0x000070000031cbf0,  free space=1022k
Native frames: (J=compiled Java code, j=interpreted, Vv=VM code, C=native code)
V  [libjvm.dylib+0x2c2a7a]  void PSParallelCompact::mark_and_push<unsigned int>(ParCompactionManager*, unsigned int*)+0x58
V  [libjvm.dylib+0x2bf481]  InstanceKlass::oop_follow_contents(ParCompactionManager*, oopDesc*)+0x10d
V  [libjvm.dylib+0x4bb53c]  ParCompactionManager::follow_marking_stacks()+0xb4
V  [libjvm.dylib+0x4ad886]  ThreadRootsMarkingTask::do_it(GCTaskManager*, unsigned int)+0x11e
V  [libjvm.dylib+0x2761ff]  GCTaskThread::run()+0x1a1
V  [libjvm.dylib+0x489ed2]  java_start(Thread*)+0xf6
C  [libsystem_pthread.dylib+0x399d]  _pthread_body+0x83
C  [libsystem_pthread.dylib+0x391a]  _pthread_body+0x0
C  [libsystem_pthread.dylib+0x1351]  thread_start+0xd


---------------  P R O C E S S  ---------------

Java Threads: ( => current thread )
  0x00007feedc830000 JavaThread "Service Thread" daemon [_thread_blocked, id=18947, stack(0x0000700000e44000,0x0000700000f44000)]
  0x00007feedb81c800 JavaThread "C1 CompilerThread2" daemon [_thread_blocked, id=18435, stack(0x0000700000d41000,0x0000700000e41000)]
  0x00007feedb81c000 JavaThread "C2 CompilerThread1" daemon [_thread_in_native, id=17923, stack(0x0000700000c3e000,0x0000700000d3e000)]
  0x00007feedb81a000 JavaThread "C2 CompilerThread0" daemon [_thread_blocked, id=17411, stack(0x0000700000b3b000,0x0000700000c3b000)]
  0x00007feedb819800 JavaThread "Signal Dispatcher" daemon [_thread_blocked, id=13071, stack(0x0000700000a38000,0x0000700000b38000)]
  0x00007feedc823000 JavaThread "Finalizer" daemon [_thread_blocked, id=12291, stack(0x000070000082f000,0x000070000092f000)]
  0x00007feedd00c000 JavaThread "Reference Handler" daemon [_thread_blocked, id=11779, stack(0x000070000072c000,0x000070000082c000)]
  0x00007feedb809800 JavaThread "main" [_thread_blocked, id=5891, stack(0x000070000011a000,0x000070000021a000)]

Other Threads:
  0x00007feedd009800 VMThread [stack: 0x0000700000629000,0x0000700000729000] [id=11267]
  0x00007feedb805800 WatcherThread [stack: 0x0000700000f47000,0x0000700001047000] [id=19459]

=>0x00007feedc00b800 (exited) GCTaskThread [stack: 0x000070000021d000,0x000070000031d000] [id=9219]

VM state:at safepoint (normal execution)

VM Mutex/Monitor currently owned by a thread:  ([mutex/lock_event])
[0x00007feedb50aa40] Threads_lock - owner thread: 0x00007feedd009800
[0x00007feedb50af40] Heap_lock - owner thread: 0x00007feedb81c800
[0x00007feedb50b4c0] MethodData_lock - owner thread: 0x00007feedb81c800

Heap:
 PSYoungGen      total 76288K, used 10735K [0x000000076ab00000, 0x0000000774000000, 0x00000007c0000000)
  eden space 65536K, 0% used [0x000000076ab00000,0x000000076ab00000,0x000000076eb00000)
  from space 10752K, 99% used [0x000000076eb00000,0x000000076f57bf10,0x000000076f580000)
  to   space 10752K, 0% used [0x0000000773580000,0x0000000773580000,0x0000000774000000)
 ParOldGen       total 175104K, used 2308K [0x00000006c0000000, 0x00000006cab00000, 0x000000076ab00000)
  object space 175104K, 1% used [0x00000006c0000000,0x00000006c02413f8,0x00000006cab00000)
 Metaspace       used 20779K, capacity 21204K, committed 21296K, reserved 1069056K
  class space    used 2483K, capacity 2656K, committed 2688K, reserved 1048576K

Card table byte_map: [0x0000000119dc0000,0x000000011a5c1000] byte_map_base: 0x00000001167c0000

Marking Bits: (ParMarkBitMap*) 0x00000001099d7d20
 Begin Bits: [0x000000011ab17000, 0x000000011eb17000)
 End Bits:   [0x000000011eb17000, 0x0000000122b17000)

Polling page: 0x000000010a0d0000

CodeCache: size=245760Kb used=9356Kb max_used=9356Kb free=236403Kb
 bounds [0x000000010aa00000, 0x000000010b330000, 0x0000000119a00000]
 total_blobs=3411 nmethods=3044 adapters=280
 compilation: enabled

Compilation events (10 events):
Event: 3.261 Thread 0x00007feedb81a000 3056       4       java.lang.Class$MethodArray::removeByNameAndDescriptor (42 bytes)
Event: 3.262 Thread 0x00007feedb81c800 3059       3       org.apache.tomcat.util.digester.ArrayStack::push (8 bytes)
Event: 3.262 Thread 0x00007feedb81c800 nmethod 3059 0x000000010b315ad0 code [0x000000010b315c80, 0x000000010b316288]
Event: 3.262 Thread 0x00007feedb81c800 3060   !   3       org.apache.tomcat.util.IntrospectionUtils::setProperty (925 bytes)
Event: 3.273 Thread 0x00007feedb81a000 nmethod 3056 0x000000010b313d90 code [0x000000010b313f20, 0x000000010b3142f8]
Event: 3.273 Thread 0x00007feedb81a000 3047   !   4       sun.reflect.UTF8::encode (191 bytes)
Event: 3.276 Thread 0x00007feedb81c800 nmethod 3060 0x000000010b318590 code [0x000000010b319400, 0x000000010b324e68]
Event: 3.276 Thread 0x00007feedb81c800 3067       3       com.sun.org.apache.xerces.internal.util.SymbolTable::addSymbol (110 bytes)
Event: 3.277 Thread 0x00007feedb81c800 nmethod 3067 0x000000010b315110 code [0x000000010b3152c0, 0x000000010b315778]
Event: 3.277 Thread 0x00007feedb81c800 3066       3       com.sun.org.apache.xerces.internal.impl.XMLEntityScanner::checkLimit (253 bytes)

GC Heap History (7 events):
Event: 1.140 GC heap before
{Heap before GC invocations=1 (full 0):
 PSYoungGen      total 76288K, used 65536K [0x000000076ab00000, 0x0000000770000000, 0x00000007c0000000)
  eden space 65536K, 100% used [0x000000076ab00000,0x000000076eb00000,0x000000076eb00000)
  from space 10752K, 0% used [0x000000076f580000,0x000000076f580000,0x0000000770000000)
  to   space 10752K, 0% used [0x000000076eb00000,0x000000076eb00000,0x000000076f580000)
 ParOldGen       total 175104K, used 0K [0x00000006c0000000, 0x00000006cab00000, 0x000000076ab00000)
  object space 175104K, 0% used [0x00000006c0000000,0x00000006c0000000,0x00000006cab00000)
 Metaspace       used 11308K, capacity 11488K, committed 11520K, reserved 1058816K
  class space    used 1421K, capacity 1508K, committed 1536K, reserved 1048576K
Event: 1.150 GC heap after
Heap after GC invocations=1 (full 0):
 PSYoungGen      total 76288K, used 9496K [0x000000076ab00000, 0x0000000770000000, 0x00000007c0000000)
  eden space 65536K, 0% used [0x000000076ab00000,0x000000076ab00000,0x000000076eb00000)
  from space 10752K, 88% used [0x000000076eb00000,0x000000076f4461d8,0x000000076f580000)
  to   space 10752K, 0% used [0x000000076f580000,0x000000076f580000,0x0000000770000000)
 ParOldGen       total 175104K, used 16K [0x00000006c0000000, 0x00000006cab00000, 0x000000076ab00000)
  object space 175104K, 0% used [0x00000006c0000000,0x00000006c0004000,0x00000006cab00000)
 Metaspace       used 11308K, capacity 11488K, committed 11520K, reserved 1058816K
  class space    used 1421K, capacity 1508K, committed 1536K, reserved 1048576K
}
Event: 2.340 GC heap before
{Heap before GC invocations=2 (full 0):
 PSYoungGen      total 76288K, used 75032K [0x000000076ab00000, 0x0000000770000000, 0x00000007c0000000)
  eden space 65536K, 100% used [0x000000076ab00000,0x000000076eb00000,0x000000076eb00000)
  from space 10752K, 88% used [0x000000076eb00000,0x000000076f4461d8,0x000000076f580000)
  to   space 10752K, 0% used [0x000000076f580000,0x000000076f580000,0x0000000770000000)
 ParOldGen       total 175104K, used 16K [0x00000006c0000000, 0x00000006cab00000, 0x000000076ab00000)
  object space 175104K, 0% used [0x00000006c0000000,0x00000006c0004000,0x00000006cab00000)
 Metaspace       used 15508K, capacity 15794K, committed 16128K, reserved 1062912K
  class space    used 1888K, capacity 2011K, committed 2048K, reserved 1048576K
Event: 2.356 GC heap after
Heap after GC invocations=2 (full 0):
 PSYoungGen      total 76288K, used 9638K [0x000000076ab00000, 0x0000000774000000, 0x00000007c0000000)
  eden space 65536K, 0% used [0x000000076ab00000,0x000000076ab00000,0x000000076eb00000)
  from space 10752K, 89% used [0x000000076f580000,0x000000076fee9a80,0x0000000770000000)
  to   space 10752K, 0% used [0x000000076eb00000,0x000000076eb00000,0x000000076f580000)
 ParOldGen       total 175104K, used 24K [0x00000006c0000000, 0x00000006cab00000, 0x000000076ab00000)
  object space 175104K, 0% used [0x00000006c0000000,0x00000006c0006000,0x00000006cab00000)
 Metaspace       used 15508K, capacity 15794K, committed 16128K, reserved 1062912K
  class space    used 1888K, capacity 2011K, committed 2048K, reserved 1048576K
}
Event: 3.277 GC heap before
{Heap before GC invocations=3 (full 0):
 PSYoungGen      total 76288K, used 72372K [0x000000076ab00000, 0x0000000774000000, 0x00000007c0000000)
  eden space 65536K, 95% used [0x000000076ab00000,0x000000076e8438b8,0x000000076eb00000)
  from space 10752K, 89% used [0x000000076f580000,0x000000076fee9a80,0x0000000770000000)
  to   space 10752K, 0% used [0x000000076eb00000,0x000000076eb00000,0x000000076f580000)
 ParOldGen       total 175104K, used 24K [0x00000006c0000000, 0x00000006cab00000, 0x000000076ab00000)
  object space 175104K, 0% used [0x00000006c0000000,0x00000006c0006000,0x00000006cab00000)
 Metaspace       used 20779K, capacity 21204K, committed 21296K, reserved 1069056K
  class space    used 2483K, capacity 2656K, committed 2688K, reserved 1048576K
Event: 3.294 GC heap after
Heap after GC invocations=3 (full 0):
 PSYoungGen      total 76288K, used 10735K [0x000000076ab00000, 0x0000000774000000, 0x00000007c0000000)
  eden space 65536K, 0% used [0x000000076ab00000,0x000000076ab00000,0x000000076eb00000)
  from space 10752K, 99% used [0x000000076eb00000,0x000000076f57bf10,0x000000076f580000)
  to   space 10752K, 0% used [0x0000000773580000,0x0000000773580000,0x0000000774000000)
 ParOldGen       total 175104K, used 2308K [0x00000006c0000000, 0x00000006cab00000, 0x000000076ab00000)
  object space 175104K, 1% used [0x00000006c0000000,0x00000006c02413f8,0x00000006cab00000)
 Metaspace       used 20779K, capacity 21204K, committed 21296K, reserved 1069056K
  class space    used 2483K, capacity 2656K, committed 2688K, reserved 1048576K
}
Event: 3.294 GC heap before
{Heap before GC invocations=4 (full 1):
 PSYoungGen      total 76288K, used 10735K [0x000000076ab00000, 0x0000000774000000, 0x00000007c0000000)
  eden space 65536K, 0% used [0x000000076ab00000,0x000000076ab00000,0x000000076eb00000)
  from space 10752K, 99% used [0x000000076eb00000,0x000000076f57bf10,0x000000076f580000)
  to   space 10752K, 0% used [0x0000000773580000,0x0000000773580000,0x0000000774000000)
 ParOldGen       total 175104K, used 2308K [0x00000006c0000000, 0x00000006cab00000, 0x000000076ab00000)
  object space 175104K, 1% used [0x00000006c0000000,0x00000006c02413f8,0x00000006cab00000)
 Metaspace       used 20779K, capacity 21204K, committed 21296K, reserved 1069056K
  class space    used 2483K, capacity 2656K, committed 2688K, reserved 1048576K

Deoptimization events (10 events):
Event: 2.984 Thread 0x00007feedb809800 Uncommon trap: reason=unstable_if action=reinterpret pc=0x000000010af4a794 method=java.util.LinkedHashMap.get(Ljava/lang/Object;)Ljava/lang/Object; @ 20
Event: 3.114 Thread 0x00007feedb809800 Uncommon trap: reason=class_check action=maybe_recompile pc=0x000000010b21e504 method=java.util.Hashtable.get(Ljava/lang/Object;)Ljava/lang/Object; @ 6
Event: 3.116 Thread 0x00007feedb809800 Uncommon trap: reason=class_check action=maybe_recompile pc=0x000000010b14bc08 method=java.util.Hashtable.put(Ljava/lang/Object;Ljava/lang/Object;)Ljava/lang/Object; @ 18
Event: 3.117 Thread 0x00007feedb809800 Uncommon trap: reason=class_check action=maybe_recompile pc=0x000000010b21e504 method=java.util.Hashtable.get(Ljava/lang/Object;)Ljava/lang/Object; @ 6
Event: 3.117 Thread 0x00007feedb809800 Uncommon trap: reason=class_check action=maybe_recompile pc=0x000000010b21e504 method=java.util.Hashtable.get(Ljava/lang/Object;)Ljava/lang/Object; @ 6
Event: 3.118 Thread 0x00007feedb809800 Uncommon trap: reason=class_check action=maybe_recompile pc=0x000000010b14bc08 method=java.util.Hashtable.put(Ljava/lang/Object;Ljava/lang/Object;)Ljava/lang/Object; @ 18
Event: 3.118 Thread 0x00007feedb809800 Uncommon trap: reason=class_check action=maybe_recompile pc=0x000000010b21e504 method=java.util.Hashtable.get(Ljava/lang/Object;)Ljava/lang/Object; @ 6
Event: 3.155 Thread 0x00007feedb809800 Uncommon trap: reason=unstable_if action=reinterpret pc=0x000000010b03a29c method=java.lang.reflect.Field.get(Ljava/lang/Object;)Ljava/lang/Object; @ 4
Event: 3.241 Thread 0x00007feedb809800 Uncommon trap: reason=class_check action=maybe_recompile pc=0x000000010b14bc08 method=java.util.Hashtable.put(Ljava/lang/Object;Ljava/lang/Object;)Ljava/lang/Object; @ 18
Event: 3.242 Thread 0x00007feedb809800 Uncommon trap: reason=class_check action=maybe_recompile pc=0x000000010b14bc08 method=java.util.Hashtable.put(Ljava/lang/Object;Ljava/lang/Object;)Ljava/lang/Object; @ 18

Internal exceptions (10 events):
Event: 1.451 Thread 0x00007feedb809800 Exception <a 'java/lang/NullPointerException'> (0x000000076b8d4b18) thrown at [/Users/java_re/workspace/8-2-build-macosx-x86_64/jdk8u102/7268/hotspot/src/share/vm/interpreter/linkResolver.cpp, line 1178]
Event: 1.451 Thread 0x00007feedb809800 Exception <a 'java/lang/NullPointerException'> (0x000000076b8d4d30) thrown at [/Users/java_re/workspace/8-2-build-macosx-x86_64/jdk8u102/7268/hotspot/src/share/vm/interpreter/linkResolver.cpp, line 1178]
Event: 1.451 Thread 0x00007feedb809800 Exception <a 'java/lang/NullPointerException'> (0x000000076b8d4f48) thrown at [/Users/java_re/workspace/8-2-build-macosx-x86_64/jdk8u102/7268/hotspot/src/share/vm/interpreter/linkResolver.cpp, line 1178]
Event: 1.452 Thread 0x00007feedb809800 Exception <a 'java/lang/NullPointerException'> (0x000000076b8edf60) thrown at [/Users/java_re/workspace/8-2-build-macosx-x86_64/jdk8u102/7268/hotspot/src/share/vm/interpreter/linkResolver.cpp, line 1178]
Event: 1.452 Thread 0x00007feedb809800 Exception <a 'java/lang/NullPointerException'> (0x000000076b8ee178) thrown at [/Users/java_re/workspace/8-2-build-macosx-x86_64/jdk8u102/7268/hotspot/src/share/vm/interpreter/linkResolver.cpp, line 1178]
Event: 1.452 Thread 0x00007feedb809800 Exception <a 'java/lang/NullPointerException'> (0x000000076b8ee390) thrown at [/Users/java_re/workspace/8-2-build-macosx-x86_64/jdk8u102/7268/hotspot/src/share/vm/interpreter/linkResolver.cpp, line 1178]
Event: 1.666 Thread 0x00007feedb809800 Implicit null exception at 0x000000010ada5b35 to 0x000000010ada5d69
Event: 1.666 Thread 0x00007feedb809800 Implicit null exception at 0x000000010ad31eef to 0x000000010ad31f59
Event: 1.814 Thread 0x00007feedb809800 Implicit null exception at 0x000000010b04300e to 0x000000010b043a35
Event: 2.971 Thread 0x00007feedb809800 Exception <a 'java/io/FileNotFoundException'> (0x000000076dcc6af8) thrown at [/Users/java_re/workspace/8-2-build-macosx-x86_64/jdk8u102/7268/hotspot/src/share/vm/prims/jni.cpp, line 709]

Events (10 events):
Event: 3.258 loading class java/util/Spliterator done
Event: 3.258 loading class java/util/function/Consumer
Event: 3.258 loading class java/util/function/Consumer done
Event: 3.258 loading class java/util/function/Predicate
Event: 3.259 loading class java/util/function/Predicate done
Event: 3.259 loading class java/util/stream/Stream
Event: 3.259 loading class java/util/stream/BaseStream
Event: 3.259 loading class java/util/stream/BaseStream done
Event: 3.259 loading class java/util/stream/Stream done
Event: 3.277 Executing VM operation: CollectForMetadataAllocation


Dynamic libraries:
0x0000000003ae8000 	/System/Library/Frameworks/Cocoa.framework/Versions/A/Cocoa
0x0000000003ae8000 	/System/Library/Frameworks/Security.framework/Versions/A/Security
0x0000000003ae8000 	/System/Library/Frameworks/ApplicationServices.framework/Versions/A/ApplicationServices
0x0000000003ae8000 	/usr/lib/libz.1.dylib
0x0000000003ae8000 	/usr/lib/libSystem.B.dylib
0x0000000003ae8000 	/usr/lib/libobjc.A.dylib
0x0000000003ae8000 	/System/Library/Frameworks/CoreFoundation.framework/Versions/A/CoreFoundation
0x0000000003ae8000 	/System/Library/Frameworks/Foundation.framework/Versions/C/Foundation
0x0000000003ae8000 	/System/Library/Frameworks/AppKit.framework/Versions/C/AppKit
0x0000000003ae8000 	/System/Library/Frameworks/CoreData.framework/Versions/A/CoreData
0x0000000003ae8000 	/System/Library/PrivateFrameworks/RemoteViewServices.framework/Versions/A/RemoteViewServices
0x0000000003ae8000 	/System/Library/PrivateFrameworks/UIFoundation.framework/Versions/A/UIFoundation
0x0000000003ae8000 	/usr/lib/libScreenReader.dylib
0x0000000003ae8000 	/System/Library/Frameworks/Accelerate.framework/Versions/A/Accelerate
0x0000000003ae8000 	/System/Library/Frameworks/IOSurface.framework/Versions/A/IOSurface
0x0000000003ae8000 	/System/Library/Frameworks/AudioToolbox.framework/Versions/A/AudioToolbox
0x0000000003ae8000 	/System/Library/Frameworks/AudioUnit.framework/Versions/A/AudioUnit
0x0000000003ae8000 	/System/Library/PrivateFrameworks/DataDetectorsCore.framework/Versions/A/DataDetectorsCore
0x0000000003ae8000 	/System/Library/PrivateFrameworks/DesktopServicesPriv.framework/Versions/A/DesktopServicesPriv
0x0000000003ae8000 	/System/Library/Frameworks/Carbon.framework/Versions/A/Frameworks/HIToolbox.framework/Versions/A/HIToolbox
0x0000000003ae8000 	/System/Library/Frameworks/QuartzCore.framework/Versions/A/QuartzCore
0x0000000003ae8000 	/System/Library/Frameworks/Carbon.framework/Versions/A/Frameworks/SpeechRecognition.framework/Versions/A/SpeechRecognition
0x0000000003ae8000 	/usr/lib/libauto.dylib
0x0000000003ae8000 	/usr/lib/libicucore.A.dylib
0x0000000003ae8000 	/usr/lib/libxml2.2.dylib
0x0000000003ae8000 	/System/Library/PrivateFrameworks/CoreUI.framework/Versions/A/CoreUI
0x0000000003ae8000 	/System/Library/Frameworks/CoreAudio.framework/Versions/A/CoreAudio
0x0000000003ae8000 	/System/Library/Frameworks/DiskArbitration.framework/Versions/A/DiskArbitration
0x0000000003ae8000 	/usr/lib/liblangid.dylib
0x0000000003ae8000 	/System/Library/PrivateFrameworks/MultitouchSupport.framework/Versions/A/MultitouchSupport
0x0000000003ae8000 	/System/Library/Frameworks/IOKit.framework/Versions/A/IOKit
0x0000000003ae8000 	/usr/lib/libDiagnosticMessagesClient.dylib
0x0000000003ae8000 	/System/Library/Frameworks/CoreServices.framework/Versions/A/CoreServices
0x0000000003ae8000 	/System/Library/PrivateFrameworks/PerformanceAnalysis.framework/Versions/A/PerformanceAnalysis
0x0000000003ae8000 	/System/Library/PrivateFrameworks/GenerationalStorage.framework/Versions/A/GenerationalStorage
0x0000000003ae8000 	/System/Library/Frameworks/OpenGL.framework/Versions/A/OpenGL
0x0000000003ae8000 	/System/Library/PrivateFrameworks/Sharing.framework/Versions/A/Sharing
0x0000000003ae8000 	/System/Library/Frameworks/CoreGraphics.framework/Versions/A/CoreGraphics
0x0000000003ae8000 	/System/Library/Frameworks/CoreImage.framework/Versions/A/CoreImage
0x0000000003ae8000 	/System/Library/Frameworks/CoreText.framework/Versions/A/CoreText
0x0000000003ae8000 	/System/Library/Frameworks/ImageIO.framework/Versions/A/ImageIO
0x0000000003ae8000 	/System/Library/PrivateFrameworks/Backup.framework/Versions/A/Backup
0x0000000003ae8000 	/usr/lib/libextension.dylib
0x0000000003ae8000 	/usr/lib/libarchive.2.dylib
0x0000000003ae8000 	/System/Library/Frameworks/CFNetwork.framework/Versions/A/CFNetwork
0x0000000003ae8000 	/System/Library/Frameworks/SystemConfiguration.framework/Versions/A/SystemConfiguration
0x0000000003ae8000 	/usr/lib/libCRFSuite.dylib
0x0000000003ae8000 	/usr/lib/libc++.1.dylib
0x0000000003ae8000 	/usr/lib/libc++abi.dylib
0x0000000003ae8000 	/usr/lib/system/libcache.dylib
0x0000000003ae8000 	/usr/lib/system/libcommonCrypto.dylib
0x0000000003ae8000 	/usr/lib/system/libcompiler_rt.dylib
0x0000000003ae8000 	/usr/lib/system/libcopyfile.dylib
0x0000000003ae8000 	/usr/lib/system/libcorecrypto.dylib
0x0000000003ae8000 	/usr/lib/system/libdispatch.dylib
0x0000000003ae8000 	/usr/lib/system/libdyld.dylib
0x0000000003ae8000 	/usr/lib/system/libkeymgr.dylib
0x0000000003ae8000 	/usr/lib/system/liblaunch.dylib
0x0000000003ae8000 	/usr/lib/system/libmacho.dylib
0x0000000003ae8000 	/usr/lib/system/libquarantine.dylib
0x0000000003ae8000 	/usr/lib/system/libremovefile.dylib
0x0000000003ae8000 	/usr/lib/system/libsystem_asl.dylib
0x0000000003ae8000 	/usr/lib/system/libsystem_blocks.dylib
0x0000000003ae8000 	/usr/lib/system/libsystem_c.dylib
0x0000000003ae8000 	/usr/lib/system/libsystem_configuration.dylib
0x0000000003ae8000 	/usr/lib/system/libsystem_coreservices.dylib
0x0000000003ae8000 	/usr/lib/system/libsystem_coretls.dylib
0x0000000003ae8000 	/usr/lib/system/libsystem_dnssd.dylib
0x0000000003ae8000 	/usr/lib/system/libsystem_info.dylib
0x0000000003ae8000 	/usr/lib/system/libsystem_kernel.dylib
0x0000000003ae8000 	/usr/lib/system/libsystem_m.dylib
0x0000000003ae8000 	/usr/lib/system/libsystem_malloc.dylib
0x0000000003ae8000 	/usr/lib/system/libsystem_network.dylib
0x0000000003ae8000 	/usr/lib/system/libsystem_networkextension.dylib
0x0000000003ae8000 	/usr/lib/system/libsystem_notify.dylib
0x0000000003ae8000 	/usr/lib/system/libsystem_platform.dylib
0x0000000003ae8000 	/usr/lib/system/libsystem_pthread.dylib
0x0000000003ae8000 	/usr/lib/system/libsystem_sandbox.dylib
0x0000000003ae8000 	/usr/lib/system/libsystem_secinit.dylib
0x0000000003ae8000 	/usr/lib/system/libsystem_trace.dylib
0x0000000003ae8000 	/usr/lib/system/libunc.dylib
0x0000000003ae8000 	/usr/lib/system/libunwind.dylib
0x0000000003ae8000 	/usr/lib/system/libxpc.dylib
0x0000000003ae8000 	/usr/lib/libenergytrace.dylib
0x0000000003ae8000 	/usr/lib/libbsm.0.dylib
0x0000000003ae8000 	/usr/lib/system/libkxld.dylib
0x0000000003ae8000 	/usr/lib/libxar.1.dylib
0x0000000003ae8000 	/usr/lib/libsqlite3.dylib
0x0000000003ae8000 	/usr/lib/libpam.2.dylib
0x0000000003ae8000 	/usr/lib/libOpenScriptingUtil.dylib
0x0000000003ae8000 	/usr/lib/libbz2.1.0.dylib
0x0000000003ae8000 	/usr/lib/liblzma.5.dylib
0x0000000003ae8000 	/System/Library/Frameworks/CoreServices.framework/Versions/A/Frameworks/FSEvents.framework/Versions/A/FSEvents
0x0000000003ae8000 	/System/Library/Frameworks/CoreServices.framework/Versions/A/Frameworks/CarbonCore.framework/Versions/A/CarbonCore
0x0000000003ae8000 	/System/Library/Frameworks/CoreServices.framework/Versions/A/Frameworks/Metadata.framework/Versions/A/Metadata
0x0000000003ae8000 	/System/Library/Frameworks/CoreServices.framework/Versions/A/Frameworks/OSServices.framework/Versions/A/OSServices
0x0000000003ae8000 	/System/Library/Frameworks/CoreServices.framework/Versions/A/Frameworks/SearchKit.framework/Versions/A/SearchKit
0x0000000003ae8000 	/System/Library/Frameworks/CoreServices.framework/Versions/A/Frameworks/AE.framework/Versions/A/AE
0x0000000003ae8000 	/System/Library/Frameworks/CoreServices.framework/Versions/A/Frameworks/LaunchServices.framework/Versions/A/LaunchServices
0x0000000003ae8000 	/System/Library/Frameworks/CoreServices.framework/Versions/A/Frameworks/DictionaryServices.framework/Versions/A/DictionaryServices
0x0000000003ae8000 	/System/Library/Frameworks/CoreServices.framework/Versions/A/Frameworks/SharedFileList.framework/Versions/A/SharedFileList
0x0000000003ae8000 	/System/Library/Frameworks/NetFS.framework/Versions/A/NetFS
0x0000000003ae8000 	/System/Library/PrivateFrameworks/NetAuth.framework/Versions/A/NetAuth
0x0000000003ae8000 	/System/Library/PrivateFrameworks/login.framework/Versions/A/Frameworks/loginsupport.framework/Versions/A/loginsupport
0x0000000003ae8000 	/System/Library/PrivateFrameworks/TCC.framework/Versions/A/TCC
0x0000000003ae8000 	/usr/lib/libmecabra.dylib
0x0000000003ae8000 	/System/Library/Frameworks/ApplicationServices.framework/Versions/A/Frameworks/ATS.framework/Versions/A/ATS
0x0000000003ae8000 	/System/Library/Frameworks/ApplicationServices.framework/Versions/A/Frameworks/ColorSync.framework/Versions/A/ColorSync
0x0000000003ae8000 	/System/Library/Frameworks/ApplicationServices.framework/Versions/A/Frameworks/HIServices.framework/Versions/A/HIServices
0x0000000003ae8000 	/System/Library/Frameworks/ApplicationServices.framework/Versions/A/Frameworks/LangAnalysis.framework/Versions/A/LangAnalysis
0x0000000003ae8000 	/System/Library/Frameworks/ApplicationServices.framework/Versions/A/Frameworks/PrintCore.framework/Versions/A/PrintCore
0x0000000003ae8000 	/System/Library/Frameworks/ApplicationServices.framework/Versions/A/Frameworks/QD.framework/Versions/A/QD
0x0000000003ae8000 	/System/Library/Frameworks/ApplicationServices.framework/Versions/A/Frameworks/SpeechSynthesis.framework/Versions/A/SpeechSynthesis
0x0000000003ae8000 	/System/Library/Frameworks/Metal.framework/Versions/A/Metal
0x0000000003ae8000 	/System/Library/Frameworks/Accelerate.framework/Versions/A/Frameworks/vImage.framework/Versions/A/vImage
0x0000000003ae8000 	/System/Library/Frameworks/Accelerate.framework/Versions/A/Frameworks/vecLib.framework/Versions/A/vecLib
0x0000000003ae8000 	/System/Library/Frameworks/Accelerate.framework/Versions/A/Frameworks/vecLib.framework/Versions/A/libvDSP.dylib
0x0000000003ae8000 	/System/Library/Frameworks/Accelerate.framework/Versions/A/Frameworks/vecLib.framework/Versions/A/libvMisc.dylib
0x0000000003ae8000 	/System/Library/Frameworks/Accelerate.framework/Versions/A/Frameworks/vecLib.framework/Versions/A/libLAPACK.dylib
0x0000000003ae8000 	/System/Library/Frameworks/Accelerate.framework/Versions/A/Frameworks/vecLib.framework/Versions/A/libBLAS.dylib
0x0000000003ae8000 	/System/Library/Frameworks/Accelerate.framework/Versions/A/Frameworks/vecLib.framework/Versions/A/libLinearAlgebra.dylib
0x0000000003ae8000 	/System/Library/Frameworks/Accelerate.framework/Versions/A/Frameworks/vecLib.framework/Versions/A/libSparseBLAS.dylib
0x0000000003ae8000 	/System/Library/PrivateFrameworks/GPUCompiler.framework/libmetal_timestamp.dylib
0x0000000003ae8000 	/System/Library/Frameworks/OpenGL.framework/Versions/A/Libraries/libCoreFSCache.dylib
0x0000000003ae8000 	/System/Library/PrivateFrameworks/IOAccelerator.framework/Versions/A/IOAccelerator
0x0000000003ae8000 	/System/Library/Frameworks/ApplicationServices.framework/Versions/A/Frameworks/ATS.framework/Versions/A/Resources/libFontParser.dylib
0x0000000003ae8000 	/System/Library/Frameworks/ApplicationServices.framework/Versions/A/Frameworks/ATS.framework/Versions/A/Resources/libFontRegistry.dylib
0x0000000003ae8000 	/System/Library/PrivateFrameworks/AppleVPA.framework/Versions/A/AppleVPA
0x0000000003ae8000 	/System/Library/PrivateFrameworks/AppleJPEG.framework/Versions/A/AppleJPEG
0x0000000003ae8000 	/System/Library/Frameworks/ImageIO.framework/Versions/A/Resources/libJPEG.dylib
0x0000000003ae8000 	/System/Library/Frameworks/ImageIO.framework/Versions/A/Resources/libTIFF.dylib
0x0000000003ae8000 	/System/Library/Frameworks/ImageIO.framework/Versions/A/Resources/libPng.dylib
0x0000000003ae8000 	/System/Library/Frameworks/ImageIO.framework/Versions/A/Resources/libGIF.dylib
0x0000000003ae8000 	/System/Library/Frameworks/ImageIO.framework/Versions/A/Resources/libJP2.dylib
0x0000000003ae8000 	/System/Library/Frameworks/ImageIO.framework/Versions/A/Resources/libRadiance.dylib
0x0000000003ae8000 	/System/Library/Frameworks/CoreVideo.framework/Versions/A/CoreVideo
0x0000000003ae8000 	/System/Library/Frameworks/OpenGL.framework/Versions/A/Libraries/libGLU.dylib
0x0000000003ae8000 	/System/Library/Frameworks/OpenGL.framework/Versions/A/Libraries/libGFXShared.dylib
0x0000000003ae8000 	/System/Library/Frameworks/OpenGL.framework/Versions/A/Libraries/libGL.dylib
0x0000000003ae8000 	/System/Library/Frameworks/OpenGL.framework/Versions/A/Libraries/libGLImage.dylib
0x0000000003ae8000 	/System/Library/Frameworks/OpenGL.framework/Versions/A/Libraries/libCVMSPluginSupport.dylib
0x0000000003ae8000 	/System/Library/Frameworks/OpenGL.framework/Versions/A/Libraries/libCoreVMClient.dylib
0x0000000003ae8000 	/usr/lib/libcups.2.dylib
0x0000000003ae8000 	/System/Library/Frameworks/Kerberos.framework/Versions/A/Kerberos
0x0000000003ae8000 	/System/Library/Frameworks/GSS.framework/Versions/A/GSS
0x0000000003ae8000 	/usr/lib/libresolv.9.dylib
0x0000000003ae8000 	/usr/lib/libiconv.2.dylib
0x0000000003ae8000 	/System/Library/PrivateFrameworks/Heimdal.framework/Versions/A/Heimdal
0x0000000003ae8000 	/usr/lib/libheimdal-asn1.dylib
0x0000000003ae8000 	/System/Library/Frameworks/OpenDirectory.framework/Versions/A/OpenDirectory
0x0000000003ae8000 	/System/Library/PrivateFrameworks/CommonAuth.framework/Versions/A/CommonAuth
0x0000000003ae8000 	/System/Library/Frameworks/OpenDirectory.framework/Versions/A/Frameworks/CFOpenDirectory.framework/Versions/A/CFOpenDirectory
0x0000000003ae8000 	/System/Library/Frameworks/SecurityFoundation.framework/Versions/A/SecurityFoundation
0x0000000003ae8000 	/System/Library/PrivateFrameworks/LanguageModeling.framework/Versions/A/LanguageModeling
0x0000000003ae8000 	/usr/lib/libmarisa.dylib
0x0000000003ae8000 	/usr/lib/libChineseTokenizer.dylib
0x0000000003ae8000 	/usr/lib/libcmph.dylib
0x0000000003ae8000 	/usr/lib/libcompression.dylib
0x0000000003ae8000 	/System/Library/Frameworks/ServiceManagement.framework/Versions/A/ServiceManagement
0x0000000003ae8000 	/usr/lib/libxslt.1.dylib
0x0000000003ae8000 	/System/Library/Frameworks/Carbon.framework/Versions/A/Frameworks/Ink.framework/Versions/A/Ink
0x0000000003ae8000 	/usr/lib/libFosl_dynamic.dylib
0x0000000003ae8000 	/System/Library/PrivateFrameworks/FaceCore.framework/Versions/A/FaceCore
0x0000000003ae8000 	/System/Library/Frameworks/OpenCL.framework/Versions/A/OpenCL
0x0000000003ae8000 	/System/Library/PrivateFrameworks/CrashReporterSupport.framework/Versions/A/CrashReporterSupport
0x0000000003ae8000 	/System/Library/PrivateFrameworks/IconServices.framework/Versions/A/IconServices
0x0000000003ae8000 	/System/Library/PrivateFrameworks/Apple80211.framework/Versions/A/Apple80211
0x0000000003ae8000 	/System/Library/Frameworks/CoreWLAN.framework/Versions/A/CoreWLAN
0x0000000003ae8000 	/System/Library/Frameworks/IOBluetooth.framework/Versions/A/IOBluetooth
0x0000000003ae8000 	/System/Library/PrivateFrameworks/CoreWiFi.framework/Versions/A/CoreWiFi
0x0000000003ae8000 	/System/Library/Frameworks/CoreBluetooth.framework/Versions/A/CoreBluetooth
0x0000000003ae8000 	/System/Library/PrivateFrameworks/ChunkingLibrary.framework/Versions/A/ChunkingLibrary
0x0000000003ae8000 	/System/Library/PrivateFrameworks/DebugSymbols.framework/Versions/A/DebugSymbols
0x0000000003ae8000 	/System/Library/PrivateFrameworks/CoreSymbolication.framework/Versions/A/CoreSymbolication
0x0000000003ae8000 	/System/Library/PrivateFrameworks/Symbolication.framework/Versions/A/Symbolication
0x0000000003ae8000 	/System/Library/PrivateFrameworks/SpeechRecognitionCore.framework/Versions/A/SpeechRecognitionCore
0x00000001090e8000 	/Library/Java/JavaVirtualMachines/jdk1.8.0_102.jdk/Contents/Home/jre/lib/server/libjvm.dylib
0x0000000003ae8000 	/usr/lib/libstdc++.6.dylib
0x000000010a08d000 	/Library/Java/JavaVirtualMachines/jdk1.8.0_102.jdk/Contents/Home/jre/lib/libverify.dylib
0x000000010a09b000 	/Library/Java/JavaVirtualMachines/jdk1.8.0_102.jdk/Contents/Home/jre/lib/libjava.dylib
0x000000010a0da000 	/Library/Java/JavaVirtualMachines/jdk1.8.0_102.jdk/Contents/Home/jre/lib/libzip.dylib
0x0000000124d23000 	/System/Library/Frameworks/JavaVM.framework/Frameworks/JavaRuntimeSupport.framework/JavaRuntimeSupport
0x0000000124d3e000 	/System/Library/Frameworks/JavaVM.framework/Versions/A/Frameworks/JavaNativeFoundation.framework/Versions/A/JavaNativeFoundation
0x0000000124d53000 	/System/Library/Frameworks/JavaVM.framework/Versions/A/JavaVM
0x0000000003ae8000 	/System/Library/Frameworks/Carbon.framework/Versions/A/Carbon
0x0000000124d60000 	/System/Library/PrivateFrameworks/JavaLaunching.framework/Versions/A/JavaLaunching
0x0000000003ae8000 	/System/Library/Frameworks/Carbon.framework/Versions/A/Frameworks/CommonPanels.framework/Versions/A/CommonPanels
0x0000000003ae8000 	/System/Library/Frameworks/Carbon.framework/Versions/A/Frameworks/Help.framework/Versions/A/Help
0x0000000003ae8000 	/System/Library/Frameworks/Carbon.framework/Versions/A/Frameworks/ImageCapture.framework/Versions/A/ImageCapture
0x0000000003ae8000 	/System/Library/Frameworks/Carbon.framework/Versions/A/Frameworks/OpenScripting.framework/Versions/A/OpenScripting
0x0000000003ae8000 	/System/Library/Frameworks/Carbon.framework/Versions/A/Frameworks/Print.framework/Versions/A/Print
0x0000000003ae8000 	/System/Library/Frameworks/Carbon.framework/Versions/A/Frameworks/SecurityHI.framework/Versions/A/SecurityHI
0x0000000126837000 	/Library/Java/JavaVirtualMachines/jdk1.8.0_102.jdk/Contents/Home/jre/lib/libnet.dylib
0x000000012684e000 	/Library/Java/JavaVirtualMachines/jdk1.8.0_102.jdk/Contents/Home/jre/lib/libnio.dylib
0x00000001268f2000 	/Library/Java/JavaVirtualMachines/jdk1.8.0_102.jdk/Contents/Home/jre/lib/libmanagement.dylib

VM Arguments:
jvm_args: -Dmaven.home=EMBEDDED -Dclassworlds.conf=/Users/user/Documents/workspace/.metadata/.plugins/org.eclipse.m2e.launching/launches/m2conf3002592601219564129.tmp -Dmaven.multiModuleProjectDirectory=/Users/user/Desktop/Eat-net/Spring2017 -Dfile.encoding=UTF-8 
java_command: org.codehaus.plexus.classworlds.launcher.Launcher -B tomcat7:run
java_class_path (initial): /Users/user/Desktop/Eclipse.app/Contents/Eclipse/plugins/org.eclipse.m2e.maven.runtime_1.7.0.20160603-1931/jars/plexus-classworlds-2.5.2.jar
Launcher Type: SUN_STANDARD

Environment Variables:
PATH=/usr/bin:/bin:/usr/sbin:/sbin
SHELL=/bin/bash

Signal Handlers:
SIGSEGV: [libjvm.dylib+0x5b0579], sa_mask[0]=11111111011111110111111111111111, sa_flags=SA_ONSTACK|SA_RESTART|SA_SIGINFO
SIGBUS: [libjvm.dylib+0x5b0579], sa_mask[0]=11111111011111110111111111111111, sa_flags=SA_RESTART|SA_SIGINFO
SIGFPE: [libjvm.dylib+0x4874e4], sa_mask[0]=11111111011111110111111111111111, sa_flags=SA_RESTART|SA_SIGINFO
SIGPIPE: [libjvm.dylib+0x4874e4], sa_mask[0]=11111111011111110111111111111111, sa_flags=SA_RESTART|SA_SIGINFO
SIGXFSZ: [libjvm.dylib+0x4874e4], sa_mask[0]=11111111011111110111111111111111, sa_flags=SA_RESTART|SA_SIGINFO
SIGILL: [libjvm.dylib+0x4874e4], sa_mask[0]=11111111011111110111111111111111, sa_flags=SA_RESTART|SA_SIGINFO
SIGUSR1: SIG_DFL, sa_mask[0]=00000000000000000000000000000000, sa_flags=none
SIGUSR2: [libjvm.dylib+0x487002], sa_mask[0]=00100000000000000000000000000000, sa_flags=SA_RESTART|SA_SIGINFO
SIGHUP: [libjvm.dylib+0x4855d9], sa_mask[0]=11111111011111110111111111111111, sa_flags=SA_RESTART|SA_SIGINFO
SIGINT: [libjvm.dylib+0x4855d9], sa_mask[0]=11111111011111110111111111111111, sa_flags=SA_RESTART|SA_SIGINFO
SIGTERM: [libjvm.dylib+0x4855d9], sa_mask[0]=11111111011111110111111111111111, sa_flags=SA_RESTART|SA_SIGINFO
SIGQUIT: [libjvm.dylib+0x4855d9], sa_mask[0]=11111111011111110111111111111111, sa_flags=SA_RESTART|SA_SIGINFO


---------------  S Y S T E M  ---------------

OS:Bsduname:Darwin 15.4.0 Darwin Kernel Version 15.4.0: Fri Feb 26 22:08:05 PST 2016; root:xnu-3248.40.184~3/RELEASE_X86_64 x86_64
rlimit: STACK 8192k, CORE 0k, NPROC 709, NOFILE 10240, AS infinity
load average:2.71 2.89 2.64

CPU:total 4 (2 cores per cpu, 2 threads per core) family 6 model 69 stepping 1, cmov, cx8, fxsr, mmx, sse, sse2, sse3, ssse3, sse4.1, sse4.2, popcnt, avx, avx2, aes, clmul, erms, lzcnt, ht, tsc, tscinvbit, bmi1, bmi2

Memory: 4k page, physical 16777216k(967544k free)

/proc/meminfo:


vm_info: Java HotSpot(TM) 64-Bit Server VM (25.102-b14) for bsd-amd64 JRE (1.8.0_102-b14), built on Jun 22 2016 11:42:36 by "java_re" with gcc 4.2.1 (Based on Apple Inc. build 5658) (LLVM build 2336.11.00)

time: Tue Feb 28 08:21:33 2017
elapsed time: 3 seconds (0d 0h 0m 3s)

