#
# A fatal error has been detected by the Java Runtime Environment:
#
#  SIGSEGV (0xb) at pc=0x000000010f1f3d8c, pid=4998, tid=0x0000000000004403
#
# JRE version: Java(TM) SE Runtime Environment (8.0_102-b14) (build 1.8.0_102-b14)
# Java VM: Java HotSpot(TM) 64-Bit Server VM (25.102-b14 mixed mode bsd-amd64 compressed oops)
# Problematic frame:
# V  [libjvm.dylib+0x161d8c]
#
# Failed to write core dump. Core dumps have been disabled. To enable core dumping, try "ulimit -c unlimited" before starting Java again
#
# If you would like to submit a bug report, please visit:
#   http://bugreport.java.com/bugreport/crash.jsp
#

---------------  T H R E A D  ---------------

Current thread (0x00007fb7f301d000):  JavaThread "C2 CompilerThread0" daemon [_thread_in_native, id=17411, stack(0x0000700000b3b000,0x0000700000c3b000)]

siginfo: si_signo: 11 (SIGSEGV), si_code: 1 (SEGV_MAPERR), si_addr: 0x0000000000000000

Registers:
RAX=0x000000000005e260, RBX=0x0000000000000001, RCX=0x00007fb7f71104e0, RDX=0x0000700000c378d8
RSP=0x0000700000c37680, RBP=0x0000700000c37680, RSI=0x0000000000000000, RDI=0x000000012f7102a8
R8 =0x000000000000000d, R9 =0x0000000001010101, R10=0x0000000000000001, R11=0x0000000000000001
R12=0x0000000000000003, R13=0x000000012f70ff68, R14=0x0000000000000e7c, R15=0x000000012f6b2010
RIP=0x000000010f1f3d8c, EFLAGS=0x0000000000010206, ERR=0x0000000000000004
  TRAPNO=0x000000000000000e

Top of Stack: (sp=0x0000700000c37680)
0x0000700000c37680:   0000700000c37710 000000010f1f2f41
0x0000700000c37690:   0000000000000012 00000000000006cc
0x0000700000c376a0:   000000062e6744d0 0000000000000001
0x0000700000c376b0:   00007fb7ffffffff 000000010f96c100
0x0000700000c376c0:   010000000000116f 00007fb7f33e73a0
0x0000700000c376d0:   0000000000000000 0000700000c384e0
0x0000700000c376e0:   00007fb7f7110418 0000700000c384e0
0x0000700000c376f0:   0000700000c378d8 0000700000c39f80
0x0000700000c37700:   0000700000c37998 0000700000c37918
0x0000700000c37710:   0000700000c37a20 000000010f1f3445
0x0000700000c37720:   0000700000c37750 000000010f0fb02b
0x0000700000c37730:   00007fb7f7873db0 00007fb7f7873db0
0x0000700000c37740:   0000000000000008 0000000000000029
0x0000700000c37750:   0000700000c37850 000000010f445a78
0x0000700000c37760:   0000000000000200 00007fb7f3cf2fc0
0x0000700000c37770:   0000000900c38610 0000000000000002
0x0000700000c37780:   00007fb7f747a858 000000000000e210
0x0000700000c37790:   0000000000001002 0000000000000000
0x0000700000c377a0:   0000000000000000 000000010ee4ce00
0x0000700000c377b0:   ff80000000001002 000000000000ffff
0x0000700000c377c0:   0000700000c378d8 0000000000000000
0x0000700000c377d0:   0000000000000000 0000700000c39f80
0x0000700000c377e0:   000000010ee31000 000000000000e210
0x0000700000c377f0:   0000700000c37820 00007fff8cddb5a1
0x0000700000c37800:   000000010ee61000 000000000000e210
0x0000700000c37810:   000000000000000c 000000000000e210
0x0000700000c37820:   0000700000c37840 00007fff8cdda0cc
0x0000700000c37830:   0000000000000000 0000700000c37890
0x0000700000c37840:   0000700000c37880 000000010f5160e8
0x0000700000c37850:   0000000000000081 000000000000e210
0x0000700000c37860:   00007fb7f74eca00 0000700000c39f80
0x0000700000c37870:   0000000000000000 000000000000e210 

Instructions: (pc=0x000000010f1f3d8c)
0x000000010f1f3d6c:   f9 03 75 bc 48 83 c4 50 5b 41 5c 41 5e 41 5f 5d
0x000000010f1f3d7c:   c3 90 55 48 89 e5 5d e9 f2 fd ff ff 55 48 89 e5
0x000000010f1f3d8c:   8b 06 21 07 8b 46 04 21 47 04 8b 46 08 21 47 08
0x000000010f1f3d9c:   8b 46 0c 21 47 0c 8b 46 10 21 47 10 8b 46 14 21 

Register to memory mapping:

RAX=0x000000000005e260 is an unknown value
RBX=0x0000000000000001 is an unknown value
RCX=0x00007fb7f71104e0 is an unknown value
RDX=0x0000700000c378d8 is pointing into the stack for thread: 0x00007fb7f301d000
RSP=0x0000700000c37680 is pointing into the stack for thread: 0x00007fb7f301d000
RBP=0x0000700000c37680 is pointing into the stack for thread: 0x00007fb7f301d000
RSI=0x0000000000000000 is an unknown value
RDI=0x000000012f7102a8 is an unknown value
R8 =0x000000000000000d is an unknown value
R9 =0x0000000001010101 is an unknown value
R10=0x0000000000000001 is an unknown value
R11=0x0000000000000001 is an unknown value
R12=0x0000000000000003 is an unknown value
R13=0x000000012f70ff68 is an unknown value
R14=0x0000000000000e7c is an unknown value
R15=0x000000012f6b2010 is an unknown value


Stack: [0x0000700000b3b000,0x0000700000c3b000],  sp=0x0000700000c37680,  free space=1009k
Native frames: (J=compiled Java code, j=interpreted, Vv=VM code, C=native code)
V  [libjvm.dylib+0x161d8c]
V  [libjvm.dylib+0x160f41]
V  [libjvm.dylib+0x161445]
V  [libjvm.dylib+0x1af16a]
V  [libjvm.dylib+0x1b3305]
V  [libjvm.dylib+0x150a66]
V  [libjvm.dylib+0x1b6998]
V  [libjvm.dylib+0x1b8edf]
V  [libjvm.dylib+0x56a4db]
V  [libjvm.dylib+0x56bbc8]
V  [libjvm.dylib+0x489ed2]
C  [libsystem_pthread.dylib+0x399d]  _pthread_body+0x83
C  [libsystem_pthread.dylib+0x391a]  _pthread_body+0x0
C  [libsystem_pthread.dylib+0x1351]  thread_start+0xd
C  0x0000000000000000


Current CompileTask:
C2:  16146 4552       4       java.net.URLClassLoader$1::run (5 bytes)


---------------  P R O C E S S  ---------------

Java Threads: ( => current thread )
  0x00007fb7f7a77800 JavaThread "http-bio-8080-exec-2" daemon [_thread_in_vm, id=22019, stack(0x000070000165c000,0x000070000175c000)]
  0x00007fb7f42b3000 JavaThread "http-bio-8080-exec-1" daemon [_thread_blocked, id=21507, stack(0x0000700001559000,0x0000700001659000)]
  0x00007fb7f6aab800 JavaThread "http-bio-8080-AsyncTimeout" daemon [_thread_blocked, id=12811, stack(0x0000700001456000,0x0000700001556000)]
  0x00007fb7f7d19800 JavaThread "http-bio-8080-Acceptor-0" daemon [_thread_in_native, id=13575, stack(0x0000700001353000,0x0000700001453000)]
  0x00007fb7f7d18800 JavaThread "ContainerBackgroundProcessor[StandardEngine[Tomcat]]" daemon [_thread_blocked, id=6663, stack(0x0000700000932000,0x0000700000a32000)]
  0x00007fb7f4263800 JavaThread "Thread-2" daemon [_thread_in_native, id=20995, stack(0x0000700001250000,0x0000700001350000)]
  0x00007fb7f33c5000 JavaThread "localhost-startStop-1" daemon [_thread_blocked, id=20483, stack(0x000070000114d000,0x000070000124d000)]
  0x00007fb7f2d4d000 JavaThread "Tomcat-startStop-1" daemon [_thread_blocked, id=19971, stack(0x000070000104a000,0x000070000114a000)]
  0x00007fb7f4056800 JavaThread "Service Thread" daemon [_thread_blocked, id=18947, stack(0x0000700000e44000,0x0000700000f44000)]
  0x00007fb7f403d800 JavaThread "C1 CompilerThread2" daemon [_thread_in_native, id=18435, stack(0x0000700000d41000,0x0000700000e41000)]
  0x00007fb7f4034800 JavaThread "C2 CompilerThread1" daemon [_thread_in_native, id=17923, stack(0x0000700000c3e000,0x0000700000d3e000)]
=>0x00007fb7f301d000 JavaThread "C2 CompilerThread0" daemon [_thread_in_native, id=17411, stack(0x0000700000b3b000,0x0000700000c3b000)]
  0x00007fb7f4024800 JavaThread "Signal Dispatcher" daemon [_thread_blocked, id=13071, stack(0x0000700000a38000,0x0000700000b38000)]
  0x00007fb7f4021800 JavaThread "Finalizer" daemon [_thread_blocked, id=11779, stack(0x000070000082f000,0x000070000092f000)]
  0x00007fb7f2838800 JavaThread "Reference Handler" daemon [_thread_blocked, id=11267, stack(0x000070000072c000,0x000070000082c000)]
  0x00007fb7f2812000 JavaThread "main" [_thread_blocked, id=4099, stack(0x0000700000084000,0x0000700000184000)]

Other Threads:
  0x00007fb7f3806000 VMThread [stack: 0x0000700000629000,0x0000700000729000] [id=10755]
  0x00007fb7f283b000 WatcherThread [stack: 0x0000700000f47000,0x0000700001047000] [id=19459]

VM state:not at safepoint (normal execution)

VM Mutex/Monitor currently owned by a thread: None

Heap:
 PSYoungGen      total 234496K, used 20352K [0x000000076ab00000, 0x000000077b600000, 0x00000007c0000000)
  eden space 215040K, 9% used [0x000000076ab00000,0x000000076bee00a0,0x0000000777d00000)
  from space 19456K, 0% used [0x000000077a300000,0x000000077a300000,0x000000077b600000)
  to   space 29184K, 0% used [0x0000000777d00000,0x0000000777d00000,0x0000000779980000)
 ParOldGen       total 186880K, used 30495K [0x00000006c0000000, 0x00000006cb680000, 0x000000076ab00000)
  object space 186880K, 16% used [0x00000006c0000000,0x00000006c1dc7e50,0x00000006cb680000)
 Metaspace       used 38120K, capacity 38754K, committed 39040K, reserved 1083392K
  class space    used 4484K, capacity 4730K, committed 4736K, reserved 1048576K

Card table byte_map: [0x000000011fdc0000,0x00000001205c1000] byte_map_base: 0x000000011c7c0000

Marking Bits: (ParMarkBitMap*) 0x000000010f981d20
 Begin Bits: [0x0000000120b17000, 0x0000000124b17000)
 End Bits:   [0x0000000124b17000, 0x0000000128b17000)

Polling page: 0x0000000110076000

CodeCache: size=245760Kb used=12374Kb max_used=13307Kb free=233385Kb
 bounds [0x0000000110a00000, 0x0000000111730000, 0x000000011fa00000]
 total_blobs=4353 nmethods=3934 adapters=332
 compilation: enabled

Compilation events (10 events):
Event: 15.854 Thread 0x00007fb7f403d800 4698       2       sun.util.ResourceBundleEnumeration::nextElement (27 bytes)
Event: 15.854 Thread 0x00007fb7f403d800 nmethod 4698 0x000000011111bf10 code [0x000000011111c080, 0x000000011111c2d8]
Event: 15.854 Thread 0x00007fb7f403d800 4699       2       org.eclipse.jdt.internal.compiler.problem.DefaultProblemFactory::keyFromID (4 bytes)
Event: 15.854 Thread 0x00007fb7f403d800 nmethod 4699 0x0000000110b394d0 code [0x0000000110b39620, 0x0000000110b39750]
Event: 16.056 Thread 0x00007fb7f403d800 4701       2       java.io.FilterInputStream::available (8 bytes)
Event: 16.056 Thread 0x00007fb7f403d800 nmethod 4701 0x0000000110efae50 code [0x0000000110efafc0, 0x0000000110efb148]
Event: 16.060 Thread 0x00007fb7f403d800 4702 %     3       org.eclipse.jdt.internal.compiler.parser.Parser::computeReverseTable @ 51 (92 bytes)
Event: 16.060 Thread 0x00007fb7f403d800 nmethod 4702% 0x0000000110ef24d0 code [0x0000000110ef2680, 0x0000000110ef2bf0]
Event: 16.089 Thread 0x00007fb7f403d800 4703       2       java.lang.String::valueOf (18 bytes)
Event: 16.089 Thread 0x00007fb7f403d800 nmethod 4703 0x0000000110cda790 code [0x0000000110cda900, 0x0000000110cdab30]

GC Heap History (10 events):
Event: 5.107 GC heap before
{Heap before GC invocations=6 (full 1):
 PSYoungGen      total 106496K, used 106479K [0x000000076ab00000, 0x0000000774000000, 0x00000007c0000000)
  eden space 95744K, 100% used [0x000000076ab00000,0x0000000770880000,0x0000000770880000)
  from space 10752K, 99% used [0x0000000773580000,0x0000000773ffbc68,0x0000000774000000)
  to   space 10752K, 0% used [0x0000000772b00000,0x0000000772b00000,0x0000000773580000)
 ParOldGen       total 121344K, used 14780K [0x00000006c0000000, 0x00000006c7680000, 0x000000076ab00000)
  object space 121344K, 12% used [0x00000006c0000000,0x00000006c0e6f390,0x00000006c7680000)
 Metaspace       used 22703K, capacity 23158K, committed 23344K, reserved 1069056K
  class space    used 2692K, capacity 2893K, committed 2944K, reserved 1048576K
Event: 5.131 GC heap after
Heap after GC invocations=6 (full 1):
 PSYoungGen      total 141824K, used 10744K [0x000000076ab00000, 0x0000000776080000, 0x00000007c0000000)
  eden space 131072K, 0% used [0x000000076ab00000,0x000000076ab00000,0x0000000772b00000)
  from space 10752K, 99% used [0x0000000772b00000,0x000000077357e050,0x0000000773580000)
  to   space 19456K, 0% used [0x0000000774d80000,0x0000000774d80000,0x0000000776080000)
 ParOldGen       total 121344K, used 23682K [0x00000006c0000000, 0x00000006c7680000, 0x000000076ab00000)
  object space 121344K, 19% used [0x00000006c0000000,0x00000006c1720970,0x00000006c7680000)
 Metaspace       used 22703K, capacity 23158K, committed 23344K, reserved 1069056K
  class space    used 2692K, capacity 2893K, committed 2944K, reserved 1048576K
}
Event: 5.985 GC heap before
{Heap before GC invocations=7 (full 1):
 PSYoungGen      total 141824K, used 141816K [0x000000076ab00000, 0x0000000776080000, 0x00000007c0000000)
  eden space 131072K, 100% used [0x000000076ab00000,0x0000000772b00000,0x0000000772b00000)
  from space 10752K, 99% used [0x0000000772b00000,0x000000077357e050,0x0000000773580000)
  to   space 19456K, 0% used [0x0000000774d80000,0x0000000774d80000,0x0000000776080000)
 ParOldGen       total 121344K, used 23682K [0x00000006c0000000, 0x00000006c7680000, 0x000000076ab00000)
  object space 121344K, 19% used [0x00000006c0000000,0x00000006c1720970,0x00000006c7680000)
 Metaspace       used 22709K, capacity 23158K, committed 23344K, reserved 1069056K
  class space    used 2692K, capacity 2893K, committed 2944K, reserved 1048576K
Event: 6.023 GC heap after
Heap after GC invocations=7 (full 1):
 PSYoungGen      total 159744K, used 19451K [0x000000076ab00000, 0x000000077aa00000, 0x00000007c0000000)
  eden space 140288K, 0% used [0x000000076ab00000,0x000000076ab00000,0x0000000773400000)
  from space 19456K, 99% used [0x0000000774d80000,0x000000077607ec20,0x0000000776080000)
  to   space 26112K, 0% used [0x0000000773400000,0x0000000773400000,0x0000000774d80000)
 ParOldGen       total 121344K, used 30747K [0x00000006c0000000, 0x00000006c7680000, 0x000000076ab00000)
  object space 121344K, 25% used [0x00000006c0000000,0x00000006c1e06d70,0x00000006c7680000)
 Metaspace       used 22709K, capacity 23158K, committed 23344K, reserved 1069056K
  class space    used 2692K, capacity 2893K, committed 2944K, reserved 1048576K
}
Event: 7.618 GC heap before
{Heap before GC invocations=8 (full 1):
 PSYoungGen      total 159744K, used 159739K [0x000000076ab00000, 0x000000077aa00000, 0x00000007c0000000)
  eden space 140288K, 100% used [0x000000076ab00000,0x0000000773400000,0x0000000773400000)
  from space 19456K, 99% used [0x0000000774d80000,0x000000077607ec20,0x0000000776080000)
  to   space 26112K, 0% used [0x0000000773400000,0x0000000773400000,0x0000000774d80000)
 ParOldGen       total 121344K, used 30747K [0x00000006c0000000, 0x00000006c7680000, 0x000000076ab00000)
  object space 121344K, 25% used [0x00000006c0000000,0x00000006c1e06d70,0x00000006c7680000)
 Metaspace       used 30477K, capacity 31142K, committed 31360K, reserved 1077248K
  class space    used 3709K, capacity 3945K, committed 3968K, reserved 1048576K
Event: 7.657 GC heap after
Heap after GC invocations=8 (full 1):
 PSYoungGen      total 166400K, used 26094K [0x000000076ab00000, 0x000000077c100000, 0x00000007c0000000)
  eden space 140288K, 0% used [0x000000076ab00000,0x000000076ab00000,0x0000000773400000)
  from space 26112K, 99% used [0x0000000773400000,0x0000000774d7ba90,0x0000000774d80000)
  to   space 30720K, 0% used [0x000000077a300000,0x000000077a300000,0x000000077c100000)
 ParOldGen       total 121344K, used 32253K [0x00000006c0000000, 0x00000006c7680000, 0x000000076ab00000)
  object space 121344K, 26% used [0x00000006c0000000,0x00000006c1f7f790,0x00000006c7680000)
 Metaspace       used 30477K, capacity 31142K, committed 31360K, reserved 1077248K
  class space    used 3709K, capacity 3945K, committed 3968K, reserved 1048576K
}
Event: 15.594 GC heap before
{Heap before GC invocations=9 (full 1):
 PSYoungGen      total 166400K, used 77509K [0x000000076ab00000, 0x000000077c100000, 0x00000007c0000000)
  eden space 140288K, 36% used [0x000000076ab00000,0x000000076dd35a30,0x0000000773400000)
  from space 26112K, 99% used [0x0000000773400000,0x0000000774d7ba90,0x0000000774d80000)
  to   space 30720K, 0% used [0x000000077a300000,0x000000077a300000,0x000000077c100000)
 ParOldGen       total 121344K, used 32253K [0x00000006c0000000, 0x00000006c7680000, 0x000000076ab00000)
  object space 121344K, 26% used [0x00000006c0000000,0x00000006c1f7f790,0x00000006c7680000)
 Metaspace       used 34646K, capacity 35266K, committed 35456K, reserved 1081344K
  class space    used 4197K, capacity 4442K, committed 4480K, reserved 1048576K
Event: 15.624 GC heap after
Heap after GC invocations=9 (full 1):
 PSYoungGen      total 234496K, used 16703K [0x000000076ab00000, 0x000000077b600000, 0x00000007c0000000)
  eden space 215040K, 0% used [0x000000076ab00000,0x000000076ab00000,0x0000000777d00000)
  from space 19456K, 85% used [0x000000077a300000,0x000000077b34ff20,0x000000077b600000)
  to   space 29184K, 0% used [0x0000000777d00000,0x0000000777d00000,0x0000000779980000)
 ParOldGen       total 121344K, used 34222K [0x00000006c0000000, 0x00000006c7680000, 0x000000076ab00000)
  object space 121344K, 28% used [0x00000006c0000000,0x00000006c216b920,0x00000006c7680000)
 Metaspace       used 34646K, capacity 35266K, committed 35456K, reserved 1081344K
  class space    used 4197K, capacity 4442K, committed 4480K, reserved 1048576K
}
Event: 15.624 GC heap before
{Heap before GC invocations=10 (full 2):
 PSYoungGen      total 234496K, used 16703K [0x000000076ab00000, 0x000000077b600000, 0x00000007c0000000)
  eden space 215040K, 0% used [0x000000076ab00000,0x000000076ab00000,0x0000000777d00000)
  from space 19456K, 85% used [0x000000077a300000,0x000000077b34ff20,0x000000077b600000)
  to   space 29184K, 0% used [0x0000000777d00000,0x0000000777d00000,0x0000000779980000)
 ParOldGen       total 121344K, used 34222K [0x00000006c0000000, 0x00000006c7680000, 0x000000076ab00000)
  object space 121344K, 28% used [0x00000006c0000000,0x00000006c216b920,0x00000006c7680000)
 Metaspace       used 34646K, capacity 35266K, committed 35456K, reserved 1081344K
  class space    used 4197K, capacity 4442K, committed 4480K, reserved 1048576K
Event: 15.715 GC heap after
Heap after GC invocations=10 (full 2):
 PSYoungGen      total 234496K, used 0K [0x000000076ab00000, 0x000000077b600000, 0x00000007c0000000)
  eden space 215040K, 0% used [0x000000076ab00000,0x000000076ab00000,0x0000000777d00000)
  from space 19456K, 0% used [0x000000077a300000,0x000000077a300000,0x000000077b600000)
  to   space 29184K, 0% used [0x0000000777d00000,0x0000000777d00000,0x0000000779980000)
 ParOldGen       total 186880K, used 30495K [0x00000006c0000000, 0x00000006cb680000, 0x000000076ab00000)
  object space 186880K, 16% used [0x00000006c0000000,0x00000006c1dc7e50,0x00000006cb680000)
 Metaspace       used 34646K, capacity 35266K, committed 35456K, reserved 1081344K
  class space    used 4197K, capacity 4442K, committed 4480K, reserved 1048576K
}

Deoptimization events (10 events):
Event: 7.844 Thread 0x00007fb7f33c5000 Uncommon trap: reason=unstable_if action=reinterpret pc=0x0000000110b1012c method=java.util.WeakHashMap.remove(Ljava/lang/Object;)Ljava/lang/Object; @ 94
Event: 8.164 Thread 0x00007fb7f33c5000 Uncommon trap: reason=unstable_if action=reinterpret pc=0x0000000110c2a2c8 method=java.util.HashMap.putMapEntries(Ljava/util/Map;Z)V @ 53
Event: 15.502 Thread 0x00007fb7f7a77800 Uncommon trap: reason=class_check action=maybe_recompile pc=0x00000001110732c0 method=java.util.regex.Pattern$7.isSatisfiedBy(I)Z @ 16
Event: 15.502 Thread 0x00007fb7f7a77800 Uncommon trap: reason=class_check action=maybe_recompile pc=0x00000001110732c0 method=java.util.regex.Pattern$7.isSatisfiedBy(I)Z @ 16
Event: 15.502 Thread 0x00007fb7f7a77800 Uncommon trap: reason=class_check action=maybe_recompile pc=0x00000001110732c0 method=java.util.regex.Pattern$7.isSatisfiedBy(I)Z @ 16
Event: 15.502 Thread 0x00007fb7f7a77800 Uncommon trap: reason=class_check action=maybe_recompile pc=0x00000001110732c0 method=java.util.regex.Pattern$7.isSatisfiedBy(I)Z @ 16
Event: 15.566 Thread 0x00007fb7f7a77800 Uncommon trap: reason=unstable_if action=reinterpret pc=0x0000000110f12b64 method=com.sun.org.apache.xerces.internal.impl.XMLEntityScanner.scanLiteral(ILcom/sun/org/apache/xerces/internal/xni/XMLString;Z)I @ 660
Event: 15.716 Thread 0x00007fb7f4021800 Uncommon trap: reason=unstable_if action=reinterpret pc=0x0000000110b94c68 method=java.lang.ref.Finalizer.remove()V @ 10
Event: 15.718 Thread 0x00007fb7f4021800 Uncommon trap: reason=unstable_if action=reinterpret pc=0x0000000110e7e6d4 method=java.lang.ref.Finalizer.remove()V @ 10
Event: 15.846 Thread 0x00007fb7f7a77800 Uncommon trap: reason=unstable_if action=reinterpret pc=0x0000000111527274 method=java.util.Properties$LineReader.readLine()I @ 328

Internal exceptions (10 events):
Event: 8.163 Thread 0x00007fb7f33c5000 Exception <a 'java/lang/ClassNotFoundException': org/springframework/web/servlet/theme/FixedThemeResolverCustomizer> (0x000000076cb60550) thrown at [/Users/java_re/workspace/8-2-build-macosx-x86_64/jdk8u102/7268/hotspot/src/share/vm/classfile/systemDictio
Event: 8.164 Thread 0x00007fb7f33c5000 Exception <a 'java/lang/ClassNotFoundException': org/springframework/web/servlet/ThemeResolverCustomizer> (0x000000076cb7eb88) thrown at [/Users/java_re/workspace/8-2-build-macosx-x86_64/jdk8u102/7268/hotspot/src/share/vm/classfile/systemDictionary.cpp, l
Event: 8.166 Thread 0x00007fb7f33c5000 Exception <a 'java/lang/ClassNotFoundException': org/springframework/web/servlet/view/DefaultRequestToViewNameTranslatorBeanInfo> (0x000000076cbb2bd0) thrown at [/Users/java_re/workspace/8-2-build-macosx-x86_64/jdk8u102/7268/hotspot/src/share/vm/classfile
Event: 8.167 Thread 0x00007fb7f33c5000 Exception <a 'java/lang/ClassNotFoundException': org/springframework/web/servlet/view/DefaultRequestToViewNameTranslatorCustomizer> (0x000000076cbd31e8) thrown at [/Users/java_re/workspace/8-2-build-macosx-x86_64/jdk8u102/7268/hotspot/src/share/vm/classfi
Event: 8.168 Thread 0x00007fb7f33c5000 Exception <a 'java/lang/ClassNotFoundException': org/springframework/web/servlet/RequestToViewNameTranslatorCustomizer> (0x000000076cc03120) thrown at [/Users/java_re/workspace/8-2-build-macosx-x86_64/jdk8u102/7268/hotspot/src/share/vm/classfile/systemDic
Event: 8.172 Thread 0x00007fb7f33c5000 Exception <a 'java/lang/ClassNotFoundException': org/springframework/web/servlet/support/SessionFlashMapManagerBeanInfo> (0x000000076cc47110) thrown at [/Users/java_re/workspace/8-2-build-macosx-x86_64/jdk8u102/7268/hotspot/src/share/vm/classfile/systemDi
Event: 8.172 Thread 0x00007fb7f33c5000 Exception <a 'java/lang/ClassNotFoundException': org/springframework/web/servlet/support/AbstractFlashMapManagerBeanInfo> (0x000000076cc65f28) thrown at [/Users/java_re/workspace/8-2-build-macosx-x86_64/jdk8u102/7268/hotspot/src/share/vm/classfile/systemD
Event: 8.172 Thread 0x00007fb7f33c5000 Exception <a 'java/lang/ClassNotFoundException': org/springframework/web/servlet/support/AbstractFlashMapManagerCustomizer> (0x000000076cc84e10) thrown at [/Users/java_re/workspace/8-2-build-macosx-x86_64/jdk8u102/7268/hotspot/src/share/vm/classfile/syste
Event: 8.173 Thread 0x00007fb7f33c5000 Exception <a 'java/lang/ClassNotFoundException': org/springframework/web/servlet/support/SessionFlashMapManagerCustomizer> (0x000000076ccab538) thrown at [/Users/java_re/workspace/8-2-build-macosx-x86_64/jdk8u102/7268/hotspot/src/share/vm/classfile/system
Event: 8.173 Thread 0x00007fb7f33c5000 Exception <a 'java/lang/ClassNotFoundException': org/springframework/web/servlet/FlashMapManagerCustomizer> (0x000000076ccc9a78) thrown at [/Users/java_re/workspace/8-2-build-macosx-x86_64/jdk8u102/7268/hotspot/src/share/vm/classfile/systemDictionary.cpp,

Events (10 events):
Event: 16.124 loading class org/eclipse/jdt/internal/compiler/lookup/ParameterizedGenericMethodBinding
Event: 16.124 loading class org/eclipse/jdt/internal/compiler/lookup/ParameterizedGenericMethodBinding done
Event: 16.124 loading class org/eclipse/jdt/internal/compiler/lookup/ParameterizedMethodBinding
Event: 16.124 loading class org/eclipse/jdt/internal/compiler/lookup/ParameterizedMethodBinding done
Event: 16.124 loading class org/eclipse/jdt/internal/compiler/lookup/ParameterizedMethodBinding
Event: 16.124 loading class org/eclipse/jdt/internal/compiler/lookup/ParameterizedMethodBinding done
Event: 16.128 loading class org/eclipse/jdt/internal/compiler/lookup/ProblemFieldBinding
Event: 16.128 loading class org/eclipse/jdt/internal/compiler/lookup/ProblemFieldBinding done
Event: 16.128 loading class org/eclipse/jdt/internal/compiler/lookup/ProblemFieldBinding
Event: 16.128 loading class org/eclipse/jdt/internal/compiler/lookup/ProblemFieldBinding done


Dynamic libraries:
0x0000000003ae8000 	/System/Library/Frameworks/Cocoa.framework/Versions/A/Cocoa
0x0000000003ae8000 	/System/Library/Frameworks/Security.framework/Versions/A/Security
0x0000000003ae8000 	/System/Library/Frameworks/ApplicationServices.framework/Versions/A/ApplicationServices
0x0000000003ae8000 	/usr/lib/libz.1.dylib
0x0000000003ae8000 	/usr/lib/libSystem.B.dylib
0x0000000003ae8000 	/usr/lib/libobjc.A.dylib
0x0000000003ae8000 	/System/Library/Frameworks/CoreFoundation.framework/Versions/A/CoreFoundation
0x0000000003ae8000 	/System/Library/Frameworks/Foundation.framework/Versions/C/Foundation
0x0000000003ae8000 	/System/Library/Frameworks/AppKit.framework/Versions/C/AppKit
0x0000000003ae8000 	/System/Library/Frameworks/CoreData.framework/Versions/A/CoreData
0x0000000003ae8000 	/System/Library/PrivateFrameworks/RemoteViewServices.framework/Versions/A/RemoteViewServices
0x0000000003ae8000 	/System/Library/PrivateFrameworks/UIFoundation.framework/Versions/A/UIFoundation
0x0000000003ae8000 	/usr/lib/libScreenReader.dylib
0x0000000003ae8000 	/System/Library/Frameworks/Accelerate.framework/Versions/A/Accelerate
0x0000000003ae8000 	/System/Library/Frameworks/IOSurface.framework/Versions/A/IOSurface
0x0000000003ae8000 	/System/Library/Frameworks/AudioToolbox.framework/Versions/A/AudioToolbox
0x0000000003ae8000 	/System/Library/Frameworks/AudioUnit.framework/Versions/A/AudioUnit
0x0000000003ae8000 	/System/Library/PrivateFrameworks/DataDetectorsCore.framework/Versions/A/DataDetectorsCore
0x0000000003ae8000 	/System/Library/PrivateFrameworks/DesktopServicesPriv.framework/Versions/A/DesktopServicesPriv
0x0000000003ae8000 	/System/Library/Frameworks/Carbon.framework/Versions/A/Frameworks/HIToolbox.framework/Versions/A/HIToolbox
0x0000000003ae8000 	/System/Library/Frameworks/QuartzCore.framework/Versions/A/QuartzCore
0x0000000003ae8000 	/System/Library/Frameworks/Carbon.framework/Versions/A/Frameworks/SpeechRecognition.framework/Versions/A/SpeechRecognition
0x0000000003ae8000 	/usr/lib/libauto.dylib
0x0000000003ae8000 	/usr/lib/libicucore.A.dylib
0x0000000003ae8000 	/usr/lib/libxml2.2.dylib
0x0000000003ae8000 	/System/Library/PrivateFrameworks/CoreUI.framework/Versions/A/CoreUI
0x0000000003ae8000 	/System/Library/Frameworks/CoreAudio.framework/Versions/A/CoreAudio
0x0000000003ae8000 	/System/Library/Frameworks/DiskArbitration.framework/Versions/A/DiskArbitration
0x0000000003ae8000 	/usr/lib/liblangid.dylib
0x0000000003ae8000 	/System/Library/PrivateFrameworks/MultitouchSupport.framework/Versions/A/MultitouchSupport
0x0000000003ae8000 	/System/Library/Frameworks/IOKit.framework/Versions/A/IOKit
0x0000000003ae8000 	/usr/lib/libDiagnosticMessagesClient.dylib
0x0000000003ae8000 	/System/Library/Frameworks/CoreServices.framework/Versions/A/CoreServices
0x0000000003ae8000 	/System/Library/PrivateFrameworks/PerformanceAnalysis.framework/Versions/A/PerformanceAnalysis
0x0000000003ae8000 	/System/Library/PrivateFrameworks/GenerationalStorage.framework/Versions/A/GenerationalStorage
0x0000000003ae8000 	/System/Library/Frameworks/OpenGL.framework/Versions/A/OpenGL
0x0000000003ae8000 	/System/Library/PrivateFrameworks/Sharing.framework/Versions/A/Sharing
0x0000000003ae8000 	/System/Library/Frameworks/CoreGraphics.framework/Versions/A/CoreGraphics
0x0000000003ae8000 	/System/Library/Frameworks/CoreImage.framework/Versions/A/CoreImage
0x0000000003ae8000 	/System/Library/Frameworks/CoreText.framework/Versions/A/CoreText
0x0000000003ae8000 	/System/Library/Frameworks/ImageIO.framework/Versions/A/ImageIO
0x0000000003ae8000 	/System/Library/PrivateFrameworks/Backup.framework/Versions/A/Backup
0x0000000003ae8000 	/usr/lib/libextension.dylib
0x0000000003ae8000 	/usr/lib/libarchive.2.dylib
0x0000000003ae8000 	/System/Library/Frameworks/CFNetwork.framework/Versions/A/CFNetwork
0x0000000003ae8000 	/System/Library/Frameworks/SystemConfiguration.framework/Versions/A/SystemConfiguration
0x0000000003ae8000 	/usr/lib/libCRFSuite.dylib
0x0000000003ae8000 	/usr/lib/libc++.1.dylib
0x0000000003ae8000 	/usr/lib/libc++abi.dylib
0x0000000003ae8000 	/usr/lib/system/libcache.dylib
0x0000000003ae8000 	/usr/lib/system/libcommonCrypto.dylib
0x0000000003ae8000 	/usr/lib/system/libcompiler_rt.dylib
0x0000000003ae8000 	/usr/lib/system/libcopyfile.dylib
0x0000000003ae8000 	/usr/lib/system/libcorecrypto.dylib
0x0000000003ae8000 	/usr/lib/system/libdispatch.dylib
0x0000000003ae8000 	/usr/lib/system/libdyld.dylib
0x0000000003ae8000 	/usr/lib/system/libkeymgr.dylib
0x0000000003ae8000 	/usr/lib/system/liblaunch.dylib
0x0000000003ae8000 	/usr/lib/system/libmacho.dylib
0x0000000003ae8000 	/usr/lib/system/libquarantine.dylib
0x0000000003ae8000 	/usr/lib/system/libremovefile.dylib
0x0000000003ae8000 	/usr/lib/system/libsystem_asl.dylib
0x0000000003ae8000 	/usr/lib/system/libsystem_blocks.dylib
0x0000000003ae8000 	/usr/lib/system/libsystem_c.dylib
0x0000000003ae8000 	/usr/lib/system/libsystem_configuration.dylib
0x0000000003ae8000 	/usr/lib/system/libsystem_coreservices.dylib
0x0000000003ae8000 	/usr/lib/system/libsystem_coretls.dylib
0x0000000003ae8000 	/usr/lib/system/libsystem_dnssd.dylib
0x0000000003ae8000 	/usr/lib/system/libsystem_info.dylib
0x0000000003ae8000 	/usr/lib/system/libsystem_kernel.dylib
0x0000000003ae8000 	/usr/lib/system/libsystem_m.dylib
0x0000000003ae8000 	/usr/lib/system/libsystem_malloc.dylib
0x0000000003ae8000 	/usr/lib/system/libsystem_network.dylib
0x0000000003ae8000 	/usr/lib/system/libsystem_networkextension.dylib
0x0000000003ae8000 	/usr/lib/system/libsystem_notify.dylib
0x0000000003ae8000 	/usr/lib/system/libsystem_platform.dylib
0x0000000003ae8000 	/usr/lib/system/libsystem_pthread.dylib
0x0000000003ae8000 	/usr/lib/system/libsystem_sandbox.dylib
0x0000000003ae8000 	/usr/lib/system/libsystem_secinit.dylib
0x0000000003ae8000 	/usr/lib/system/libsystem_trace.dylib
0x0000000003ae8000 	/usr/lib/system/libunc.dylib
0x0000000003ae8000 	/usr/lib/system/libunwind.dylib
0x0000000003ae8000 	/usr/lib/system/libxpc.dylib
0x0000000003ae8000 	/usr/lib/libenergytrace.dylib
0x0000000003ae8000 	/usr/lib/libbsm.0.dylib
0x0000000003ae8000 	/usr/lib/system/libkxld.dylib
0x0000000003ae8000 	/usr/lib/libxar.1.dylib
0x0000000003ae8000 	/usr/lib/libsqlite3.dylib
0x0000000003ae8000 	/usr/lib/libpam.2.dylib
0x0000000003ae8000 	/usr/lib/libOpenScriptingUtil.dylib
0x0000000003ae8000 	/usr/lib/libbz2.1.0.dylib
0x0000000003ae8000 	/usr/lib/liblzma.5.dylib
0x0000000003ae8000 	/System/Library/Frameworks/CoreServices.framework/Versions/A/Frameworks/FSEvents.framework/Versions/A/FSEvents
0x0000000003ae8000 	/System/Library/Frameworks/CoreServices.framework/Versions/A/Frameworks/CarbonCore.framework/Versions/A/CarbonCore
0x0000000003ae8000 	/System/Library/Frameworks/CoreServices.framework/Versions/A/Frameworks/Metadata.framework/Versions/A/Metadata
0x0000000003ae8000 	/System/Library/Frameworks/CoreServices.framework/Versions/A/Frameworks/OSServices.framework/Versions/A/OSServices
0x0000000003ae8000 	/System/Library/Frameworks/CoreServices.framework/Versions/A/Frameworks/SearchKit.framework/Versions/A/SearchKit
0x0000000003ae8000 	/System/Library/Frameworks/CoreServices.framework/Versions/A/Frameworks/AE.framework/Versions/A/AE
0x0000000003ae8000 	/System/Library/Frameworks/CoreServices.framework/Versions/A/Frameworks/LaunchServices.framework/Versions/A/LaunchServices
0x0000000003ae8000 	/System/Library/Frameworks/CoreServices.framework/Versions/A/Frameworks/DictionaryServices.framework/Versions/A/DictionaryServices
0x0000000003ae8000 	/System/Library/Frameworks/CoreServices.framework/Versions/A/Frameworks/SharedFileList.framework/Versions/A/SharedFileList
0x0000000003ae8000 	/System/Library/Frameworks/NetFS.framework/Versions/A/NetFS
0x0000000003ae8000 	/System/Library/PrivateFrameworks/NetAuth.framework/Versions/A/NetAuth
0x0000000003ae8000 	/System/Library/PrivateFrameworks/login.framework/Versions/A/Frameworks/loginsupport.framework/Versions/A/loginsupport
0x0000000003ae8000 	/System/Library/PrivateFrameworks/TCC.framework/Versions/A/TCC
0x0000000003ae8000 	/usr/lib/libmecabra.dylib
0x0000000003ae8000 	/System/Library/Frameworks/ApplicationServices.framework/Versions/A/Frameworks/ATS.framework/Versions/A/ATS
0x0000000003ae8000 	/System/Library/Frameworks/ApplicationServices.framework/Versions/A/Frameworks/ColorSync.framework/Versions/A/ColorSync
0x0000000003ae8000 	/System/Library/Frameworks/ApplicationServices.framework/Versions/A/Frameworks/HIServices.framework/Versions/A/HIServices
0x0000000003ae8000 	/System/Library/Frameworks/ApplicationServices.framework/Versions/A/Frameworks/LangAnalysis.framework/Versions/A/LangAnalysis
0x0000000003ae8000 	/System/Library/Frameworks/ApplicationServices.framework/Versions/A/Frameworks/PrintCore.framework/Versions/A/PrintCore
0x0000000003ae8000 	/System/Library/Frameworks/ApplicationServices.framework/Versions/A/Frameworks/QD.framework/Versions/A/QD
0x0000000003ae8000 	/System/Library/Frameworks/ApplicationServices.framework/Versions/A/Frameworks/SpeechSynthesis.framework/Versions/A/SpeechSynthesis
0x0000000003ae8000 	/System/Library/Frameworks/Metal.framework/Versions/A/Metal
0x0000000003ae8000 	/System/Library/Frameworks/Accelerate.framework/Versions/A/Frameworks/vImage.framework/Versions/A/vImage
0x0000000003ae8000 	/System/Library/Frameworks/Accelerate.framework/Versions/A/Frameworks/vecLib.framework/Versions/A/vecLib
0x0000000003ae8000 	/System/Library/Frameworks/Accelerate.framework/Versions/A/Frameworks/vecLib.framework/Versions/A/libvDSP.dylib
0x0000000003ae8000 	/System/Library/Frameworks/Accelerate.framework/Versions/A/Frameworks/vecLib.framework/Versions/A/libvMisc.dylib
0x0000000003ae8000 	/System/Library/Frameworks/Accelerate.framework/Versions/A/Frameworks/vecLib.framework/Versions/A/libLAPACK.dylib
0x0000000003ae8000 	/System/Library/Frameworks/Accelerate.framework/Versions/A/Frameworks/vecLib.framework/Versions/A/libBLAS.dylib
0x0000000003ae8000 	/System/Library/Frameworks/Accelerate.framework/Versions/A/Frameworks/vecLib.framework/Versions/A/libLinearAlgebra.dylib
0x0000000003ae8000 	/System/Library/Frameworks/Accelerate.framework/Versions/A/Frameworks/vecLib.framework/Versions/A/libSparseBLAS.dylib
0x0000000003ae8000 	/System/Library/PrivateFrameworks/GPUCompiler.framework/libmetal_timestamp.dylib
0x0000000003ae8000 	/System/Library/Frameworks/OpenGL.framework/Versions/A/Libraries/libCoreFSCache.dylib
0x0000000003ae8000 	/System/Library/PrivateFrameworks/IOAccelerator.framework/Versions/A/IOAccelerator
0x0000000003ae8000 	/System/Library/Frameworks/ApplicationServices.framework/Versions/A/Frameworks/ATS.framework/Versions/A/Resources/libFontParser.dylib
0x0000000003ae8000 	/System/Library/Frameworks/ApplicationServices.framework/Versions/A/Frameworks/ATS.framework/Versions/A/Resources/libFontRegistry.dylib
0x0000000003ae8000 	/System/Library/PrivateFrameworks/AppleVPA.framework/Versions/A/AppleVPA
0x0000000003ae8000 	/System/Library/PrivateFrameworks/AppleJPEG.framework/Versions/A/AppleJPEG
0x0000000003ae8000 	/System/Library/Frameworks/ImageIO.framework/Versions/A/Resources/libJPEG.dylib
0x0000000003ae8000 	/System/Library/Frameworks/ImageIO.framework/Versions/A/Resources/libTIFF.dylib
0x0000000003ae8000 	/System/Library/Frameworks/ImageIO.framework/Versions/A/Resources/libPng.dylib
0x0000000003ae8000 	/System/Library/Frameworks/ImageIO.framework/Versions/A/Resources/libGIF.dylib
0x0000000003ae8000 	/System/Library/Frameworks/ImageIO.framework/Versions/A/Resources/libJP2.dylib
0x0000000003ae8000 	/System/Library/Frameworks/ImageIO.framework/Versions/A/Resources/libRadiance.dylib
0x0000000003ae8000 	/System/Library/Frameworks/CoreVideo.framework/Versions/A/CoreVideo
0x0000000003ae8000 	/System/Library/Frameworks/OpenGL.framework/Versions/A/Libraries/libGLU.dylib
0x0000000003ae8000 	/System/Library/Frameworks/OpenGL.framework/Versions/A/Libraries/libGFXShared.dylib
0x0000000003ae8000 	/System/Library/Frameworks/OpenGL.framework/Versions/A/Libraries/libGL.dylib
0x0000000003ae8000 	/System/Library/Frameworks/OpenGL.framework/Versions/A/Libraries/libGLImage.dylib
0x0000000003ae8000 	/System/Library/Frameworks/OpenGL.framework/Versions/A/Libraries/libCVMSPluginSupport.dylib
0x0000000003ae8000 	/System/Library/Frameworks/OpenGL.framework/Versions/A/Libraries/libCoreVMClient.dylib
0x0000000003ae8000 	/usr/lib/libcups.2.dylib
0x0000000003ae8000 	/System/Library/Frameworks/Kerberos.framework/Versions/A/Kerberos
0x0000000003ae8000 	/System/Library/Frameworks/GSS.framework/Versions/A/GSS
0x0000000003ae8000 	/usr/lib/libresolv.9.dylib
0x0000000003ae8000 	/usr/lib/libiconv.2.dylib
0x0000000003ae8000 	/System/Library/PrivateFrameworks/Heimdal.framework/Versions/A/Heimdal
0x0000000003ae8000 	/usr/lib/libheimdal-asn1.dylib
0x0000000003ae8000 	/System/Library/Frameworks/OpenDirectory.framework/Versions/A/OpenDirectory
0x0000000003ae8000 	/System/Library/PrivateFrameworks/CommonAuth.framework/Versions/A/CommonAuth
0x0000000003ae8000 	/System/Library/Frameworks/OpenDirectory.framework/Versions/A/Frameworks/CFOpenDirectory.framework/Versions/A/CFOpenDirectory
0x0000000003ae8000 	/System/Library/Frameworks/SecurityFoundation.framework/Versions/A/SecurityFoundation
0x0000000003ae8000 	/System/Library/PrivateFrameworks/LanguageModeling.framework/Versions/A/LanguageModeling
0x0000000003ae8000 	/usr/lib/libmarisa.dylib
0x0000000003ae8000 	/usr/lib/libChineseTokenizer.dylib
0x0000000003ae8000 	/usr/lib/libcmph.dylib
0x0000000003ae8000 	/usr/lib/libcompression.dylib
0x0000000003ae8000 	/System/Library/Frameworks/ServiceManagement.framework/Versions/A/ServiceManagement
0x0000000003ae8000 	/usr/lib/libxslt.1.dylib
0x0000000003ae8000 	/System/Library/Frameworks/Carbon.framework/Versions/A/Frameworks/Ink.framework/Versions/A/Ink
0x0000000003ae8000 	/usr/lib/libFosl_dynamic.dylib
0x0000000003ae8000 	/System/Library/PrivateFrameworks/FaceCore.framework/Versions/A/FaceCore
0x0000000003ae8000 	/System/Library/Frameworks/OpenCL.framework/Versions/A/OpenCL
0x0000000003ae8000 	/System/Library/PrivateFrameworks/CrashReporterSupport.framework/Versions/A/CrashReporterSupport
0x0000000003ae8000 	/System/Library/PrivateFrameworks/IconServices.framework/Versions/A/IconServices
0x0000000003ae8000 	/System/Library/PrivateFrameworks/Apple80211.framework/Versions/A/Apple80211
0x0000000003ae8000 	/System/Library/Frameworks/CoreWLAN.framework/Versions/A/CoreWLAN
0x0000000003ae8000 	/System/Library/Frameworks/IOBluetooth.framework/Versions/A/IOBluetooth
0x0000000003ae8000 	/System/Library/PrivateFrameworks/CoreWiFi.framework/Versions/A/CoreWiFi
0x0000000003ae8000 	/System/Library/Frameworks/CoreBluetooth.framework/Versions/A/CoreBluetooth
0x0000000003ae8000 	/System/Library/PrivateFrameworks/ChunkingLibrary.framework/Versions/A/ChunkingLibrary
0x0000000003ae8000 	/System/Library/PrivateFrameworks/DebugSymbols.framework/Versions/A/DebugSymbols
0x0000000003ae8000 	/System/Library/PrivateFrameworks/CoreSymbolication.framework/Versions/A/CoreSymbolication
0x0000000003ae8000 	/System/Library/PrivateFrameworks/Symbolication.framework/Versions/A/Symbolication
0x0000000003ae8000 	/System/Library/PrivateFrameworks/SpeechRecognitionCore.framework/Versions/A/SpeechRecognitionCore
0x000000010f092000 	/Library/Java/JavaVirtualMachines/jdk1.8.0_102.jdk/Contents/Home/jre/lib/server/libjvm.dylib
0x0000000003ae8000 	/usr/lib/libstdc++.6.dylib
0x0000000110033000 	/Library/Java/JavaVirtualMachines/jdk1.8.0_102.jdk/Contents/Home/jre/lib/libverify.dylib
0x0000000110041000 	/Library/Java/JavaVirtualMachines/jdk1.8.0_102.jdk/Contents/Home/jre/lib/libjava.dylib
0x0000000110084000 	/Library/Java/JavaVirtualMachines/jdk1.8.0_102.jdk/Contents/Home/jre/lib/libzip.dylib
0x000000012accd000 	/System/Library/Frameworks/JavaVM.framework/Frameworks/JavaRuntimeSupport.framework/JavaRuntimeSupport
0x000000012ace8000 	/System/Library/Frameworks/JavaVM.framework/Versions/A/Frameworks/JavaNativeFoundation.framework/Versions/A/JavaNativeFoundation
0x000000012acfd000 	/System/Library/Frameworks/JavaVM.framework/Versions/A/JavaVM
0x0000000003ae8000 	/System/Library/Frameworks/Carbon.framework/Versions/A/Carbon
0x000000012ad0a000 	/System/Library/PrivateFrameworks/JavaLaunching.framework/Versions/A/JavaLaunching
0x0000000003ae8000 	/System/Library/Frameworks/Carbon.framework/Versions/A/Frameworks/CommonPanels.framework/Versions/A/CommonPanels
0x0000000003ae8000 	/System/Library/Frameworks/Carbon.framework/Versions/A/Frameworks/Help.framework/Versions/A/Help
0x0000000003ae8000 	/System/Library/Frameworks/Carbon.framework/Versions/A/Frameworks/ImageCapture.framework/Versions/A/ImageCapture
0x0000000003ae8000 	/System/Library/Frameworks/Carbon.framework/Versions/A/Frameworks/OpenScripting.framework/Versions/A/OpenScripting
0x0000000003ae8000 	/System/Library/Frameworks/Carbon.framework/Versions/A/Frameworks/Print.framework/Versions/A/Print
0x0000000003ae8000 	/System/Library/Frameworks/Carbon.framework/Versions/A/Frameworks/SecurityHI.framework/Versions/A/SecurityHI
0x000000012d1f7000 	/Library/Java/JavaVirtualMachines/jdk1.8.0_102.jdk/Contents/Home/jre/lib/libnet.dylib
0x000000012d20e000 	/Library/Java/JavaVirtualMachines/jdk1.8.0_102.jdk/Contents/Home/jre/lib/libnio.dylib
0x000000012cf29000 	/Library/Java/JavaVirtualMachines/jdk1.8.0_102.jdk/Contents/Home/jre/lib/libmanagement.dylib

VM Arguments:
jvm_args: -Dmaven.home=EMBEDDED -Dclassworlds.conf=/Users/user/Documents/workspace/.metadata/.plugins/org.eclipse.m2e.launching/launches/m2conf4028063678870079080.tmp -Dmaven.multiModuleProjectDirectory=/Users/user/Desktop/Eat-net/Spring2017 -Dfile.encoding=UTF-8 
java_command: org.codehaus.plexus.classworlds.launcher.Launcher -B tomcat7:run
java_class_path (initial): /Users/user/Desktop/Eclipse.app/Contents/Eclipse/plugins/org.eclipse.m2e.maven.runtime_1.7.0.20160603-1931/jars/plexus-classworlds-2.5.2.jar
Launcher Type: SUN_STANDARD

Environment Variables:
PATH=/usr/bin:/bin:/usr/sbin:/sbin
SHELL=/bin/bash

Signal Handlers:
SIGSEGV: [libjvm.dylib+0x5b0579], sa_mask[0]=11111111011111110111111111111111, sa_flags=SA_ONSTACK|SA_RESTART|SA_SIGINFO
SIGBUS: [libjvm.dylib+0x5b0579], sa_mask[0]=11111111011111110111111111111111, sa_flags=SA_RESTART|SA_SIGINFO
SIGFPE: [libjvm.dylib+0x4874e4], sa_mask[0]=11111111011111110111111111111111, sa_flags=SA_RESTART|SA_SIGINFO
SIGPIPE: [libjvm.dylib+0x4874e4], sa_mask[0]=11111111011111110111111111111111, sa_flags=SA_RESTART|SA_SIGINFO
SIGXFSZ: [libjvm.dylib+0x4874e4], sa_mask[0]=11111111011111110111111111111111, sa_flags=SA_RESTART|SA_SIGINFO
SIGILL: [libjvm.dylib+0x4874e4], sa_mask[0]=11111111011111110111111111111111, sa_flags=SA_RESTART|SA_SIGINFO
SIGUSR1: SIG_DFL, sa_mask[0]=00000000000000000000000000000000, sa_flags=none
SIGUSR2: [libjvm.dylib+0x487002], sa_mask[0]=00100000000000000000000000000000, sa_flags=SA_RESTART|SA_SIGINFO
SIGHUP: [libjvm.dylib+0x4855d9], sa_mask[0]=11111111011111110111111111111111, sa_flags=SA_RESTART|SA_SIGINFO
SIGINT: [libjvm.dylib+0x4855d9], sa_mask[0]=11111111011111110111111111111111, sa_flags=SA_RESTART|SA_SIGINFO
SIGTERM: [libjvm.dylib+0x4855d9], sa_mask[0]=11111111011111110111111111111111, sa_flags=SA_RESTART|SA_SIGINFO
SIGQUIT: [libjvm.dylib+0x4855d9], sa_mask[0]=11111111011111110111111111111111, sa_flags=SA_RESTART|SA_SIGINFO


---------------  S Y S T E M  ---------------

OS:Bsduname:Darwin 15.4.0 Darwin Kernel Version 15.4.0: Fri Feb 26 22:08:05 PST 2016; root:xnu-3248.40.184~3/RELEASE_X86_64 x86_64
rlimit: STACK 8192k, CORE 0k, NPROC 709, NOFILE 10240, AS infinity
load average:3.33 2.61 2.55

CPU:total 4 (2 cores per cpu, 2 threads per core) family 6 model 69 stepping 1, cmov, cx8, fxsr, mmx, sse, sse2, sse3, ssse3, sse4.1, sse4.2, popcnt, avx, avx2, aes, clmul, erms, lzcnt, ht, tsc, tscinvbit, bmi1, bmi2

Memory: 4k page, physical 16777216k(682484k free)

/proc/meminfo:


vm_info: Java HotSpot(TM) 64-Bit Server VM (25.102-b14) for bsd-amd64 JRE (1.8.0_102-b14), built on Jun 22 2016 11:42:36 by "java_re" with gcc 4.2.1 (Based on Apple Inc. build 5658) (LLVM build 2336.11.00)

time: Tue Feb 28 08:44:07 2017
elapsed time: 16 seconds (0d 0h 0m 16s)

