#
# A fatal error has been detected by the Java Runtime Environment:
#
#  SIGSEGV (0xb) at pc=0x0000000101ec2a7a, pid=4953, tid=0x0000000000002803
#
# JRE version: Java(TM) SE Runtime Environment (8.0_102-b14) (build 1.8.0_102-b14)
# Java VM: Java HotSpot(TM) 64-Bit Server VM (25.102-b14 mixed mode bsd-amd64 compressed oops)
# Problematic frame:
# V  [libjvm.dylib+0x2c2a7a]
#
# Failed to write core dump. Core dumps have been disabled. To enable core dumping, try "ulimit -c unlimited" before starting Java again
#
# If you would like to submit a bug report, please visit:
#   http://bugreport.java.com/bugreport/crash.jsp
#

---------------  T H R E A D  ---------------

Current thread (0x00007fe30c00b000):  GCTaskThread [stack: 0x0000700000423000,0x0000700000523000] [id=10243]

siginfo: si_signo: 11 (SIGSEGV), si_code: 0 (unknown), si_addr: 0x0000000000000000

Registers:
RAX=0x0000000112cb8000, RBX=0x00007fe30bf08530, RCX=0x03ffffffe5000010, RDX=0x1fffffff28000080
RSP=0x0000700000522ba0, RBP=0x0000700000522bc0, RSI=0x000000076ed6ae40, RDI=0x00007fe30bf08530
R8 =0x0000000000000000, R9 =0x000000000000039e, R10=0x0080008000008001, R11=0x0000000400000000
R12=0x000000076ed6ae40, R13=0x000000076ed6ae44, R14=0x0000000000000400, R15=0x00000007c0002180
RIP=0x0000000101ec2a7a, EFLAGS=0x0000000000010202, ERR=0x0000000000000000
  TRAPNO=0x000000000000000d

Top of Stack: (sp=0x0000700000522ba0)
0x0000700000522ba0:   000000000000000a 00007fe30bf08530
0x0000700000522bb0:   00000007c0002178 00000007c0002180
0x0000700000522bc0:   0000700000522c10 0000000101ebf481
0x0000700000522bd0:   0000700000522c00 000000076ed6ae00
0x0000700000522be0:   0000000000000000 000000076ed6ae00
0x0000700000522bf0:   000000076ed6ae00 000000010221175d
0x0000700000522c00:   00007fe30bf08530 000000010243caa0
0x0000700000522c10:   0000700000522c50 0000000101ecc092
0x0000700000522c20:   0000700000522c50 000000076eb007a0
0x0000700000522c30:   00007fe30bf08530 000000076ed6ae00
0x0000700000522c40:   00007fe30bf08538 000000010243caa0
0x0000700000522c50:   0000700000522ce0 00000001020bb53c
0x0000700000522c60:   00007fe30bf08530 00007fe30bf08570
0x0000700000522c70:   00007fe30bf085b8 00007fe30bf085f0
0x0000700000522c80:   00007fe30bf08530 0000700000522d88
0x0000700000522c90:   000000076ed6ae00 00007fe30bdae7f8
0x0000700000522ca0:   0000700000522ce0 0000000101f423e9
0x0000700000522cb0:   0000000000000000 00007fe30bf08530
0x0000700000522cc0:   0000000000000000 000000010221175d
0x0000700000522cd0:   0000700000522d88 0000000000000001
0x0000700000522ce0:   0000700000522db0 00000001020ae133
0x0000700000522cf0:   0000000000000000 0000000100000000
0x0000700000522d00:   00007fe30bc0e468 0242140000000000
0x0000700000522d10:   0000000000000000 0000000000000000
0x0000700000522d20:   0000000000000000 00007fe30bc0e484
0x0000700000522d30:   0000700000522d80 00007fe30bc0e400
0x0000700000522d40:   0000000000000000 00000001022137ba
0x0000700000522d50:   00007fe30bc0e428 0000000000000001
0x0000700000522d60:   0000700000522d80 0000000102085a82
0x0000700000522d70:   00000001024d4860 00007fe30be0be00
0x0000700000522d80:   0000700000522d88 00000001024d4830
0x0000700000522d90:   0000000000000000 00007fe30bf08530 

Instructions: (pc=0x0000000101ec2a7a)
0x0000000101ec2a5a:   10 48 c1 ea 03 48 8d 0d d2 e7 55 00 8a 09 48 d3
0x0000000101ec2a6a:   ea 48 89 d1 48 83 e1 c0 48 c1 e9 03 48 8b 40 30
0x0000000101ec2a7a:   48 8b 04 08 48 0f a3 d0 72 5d 4c 89 f7 e8 74 6d
0x0000000101ec2a8a:   ee ff 4c 63 f8 48 8d 3d 8a d2 62 00 4c 89 f6 4c 

Register to memory mapping:

RAX=0x0000000112cb8000 is an unknown value
RBX=0x00007fe30bf08530 is an unknown value
RCX=0x03ffffffe5000010 is an unknown value
RDX=0x1fffffff28000080 is an unknown value
RSP=0x0000700000522ba0 is an unknown value
RBP=0x0000700000522bc0 is an unknown value
RSI=0x000000076ed6ae40 is an oop

[error occurred during error reporting (printing register info), id 0xb]

Stack: [0x0000700000423000,0x0000700000523000],  sp=0x0000700000522ba0,  free space=1022k
Native frames: (J=compiled Java code, j=interpreted, Vv=VM code, C=native code)
V  [libjvm.dylib+0x2c2a7a]
V  [libjvm.dylib+0x2bf481]
V  [libjvm.dylib+0x2cc092]
V  [libjvm.dylib+0x4bb53c]
V  [libjvm.dylib+0x4ae133]
V  [libjvm.dylib+0x2761ff]
V  [libjvm.dylib+0x489ed2]
C  [libsystem_pthread.dylib+0x399d]  _pthread_body+0x83
C  [libsystem_pthread.dylib+0x391a]  _pthread_body+0x0
C  [libsystem_pthread.dylib+0x1351]  thread_start+0xd


---------------  P R O C E S S  ---------------

Java Threads: ( => current thread )
  0x00007fe30d025800 JavaThread "Service Thread" daemon [_thread_blocked, id=18435, stack(0x0000700000dc1000,0x0000700000ec1000)]
  0x00007fe30c828800 JavaThread "C1 CompilerThread2" daemon [_thread_blocked, id=17923, stack(0x0000700000cbe000,0x0000700000dbe000)]
  0x00007fe30c827800 JavaThread "C2 CompilerThread1" daemon [_thread_blocked, id=17411, stack(0x0000700000bbb000,0x0000700000cbb000)]
  0x00007fe30c045000 JavaThread "C2 CompilerThread0" daemon [_thread_in_native, id=16899, stack(0x0000700000ab8000,0x0000700000bb8000)]
  0x00007fe30c03e000 JavaThread "Signal Dispatcher" daemon [_thread_blocked, id=13839, stack(0x00007000009b5000,0x0000700000ab5000)]
  0x00007fe30c038000 JavaThread "Finalizer" daemon [_thread_blocked, id=12291, stack(0x000070000082f000,0x000070000092f000)]
  0x00007fe30d005800 JavaThread "Reference Handler" daemon [_thread_blocked, id=11779, stack(0x000070000072c000,0x000070000082c000)]
  0x00007fe30d003800 JavaThread "main" [_thread_blocked, id=5891, stack(0x000070000011a000,0x000070000021a000)]

Other Threads:
  0x00007fe30d831000 VMThread [stack: 0x0000700000629000,0x0000700000729000] [id=11267]
  0x00007fe30d812000 WatcherThread [stack: 0x0000700000ec4000,0x0000700000fc4000] [id=18947]

=>0x00007fe30c00b000 (exited) GCTaskThread [stack: 0x0000700000423000,0x0000700000523000] [id=10243]

VM state:at safepoint (normal execution)

VM Mutex/Monitor currently owned by a thread:  ([mutex/lock_event])
[0x00007fe30bf01ff0] Threads_lock - owner thread: 0x00007fe30d831000
[0x00007fe30bf024f0] Heap_lock - owner thread: 0x00007fe30d003800
[0x00007fe30bf02a70] MethodData_lock - owner thread: 0x00007fe30d003800

Heap:
 PSYoungGen      total 76288K, used 10747K [0x000000076ab00000, 0x0000000774000000, 0x00000007c0000000)
  eden space 65536K, 0% used [0x000000076ab00000,0x000000076ab00000,0x000000076eb00000)
  from space 10752K, 99% used [0x000000076eb00000,0x000000076f57ecb0,0x000000076f580000)
  to   space 10752K, 0% used [0x0000000773580000,0x0000000773580000,0x0000000774000000)
 ParOldGen       total 175104K, used 2319K [0x00000006c0000000, 0x00000006cab00000, 0x000000076ab00000)
  object space 175104K, 1% used [0x00000006c0000000,0x00000006c0243c48,0x00000006cab00000)
 Metaspace       used 20764K, capacity 21212K, committed 21296K, reserved 1069056K
  class space    used 2483K, capacity 2656K, committed 2688K, reserved 1048576K

Card table byte_map: [0x0000000111f61000,0x0000000112762000] byte_map_base: 0x000000010e961000

Marking Bits: (ParMarkBitMap*) 0x00000001024efd20
 Begin Bits: [0x0000000112cb8000, 0x0000000116cb8000)
 End Bits:   [0x0000000116cb8000, 0x000000011acb8000)

Polling page: 0x0000000101263000

CodeCache: size=245760Kb used=10417Kb max_used=10417Kb free=235342Kb
 bounds [0x0000000102ba1000, 0x00000001035e1000, 0x0000000111ba1000]
 total_blobs=3445 nmethods=3076 adapters=280
 compilation: enabled

Compilation events (10 events):
Event: 3.626 Thread 0x00007fe30c828800 nmethod 3071 0x00000001035d2390 code [0x00000001035d2520, 0x00000001035d2908]
Event: 3.626 Thread 0x00007fe30c828800 3079       3       org.apache.tomcat.util.digester.ArrayStack::push (8 bytes)
Event: 3.627 Thread 0x00007fe30c828800 nmethod 3079 0x00000001035d2ad0 code [0x00000001035d2c80, 0x00000001035d3288]
Event: 3.628 Thread 0x00007fe30c828800 3084       3       com.sun.org.apache.xerces.internal.util.AugmentationsImpl$SmallContainer::clear (41 bytes)
Event: 3.628 Thread 0x00007fe30c828800 nmethod 3084 0x00000001035d3590 code [0x00000001035d3720, 0x00000001035d3bd0]
Event: 3.629 Thread 0x00007fe30c828800 3082       3       com.sun.org.apache.xerces.internal.impl.XMLDocumentScannerImpl::next (10 bytes)
Event: 3.629 Thread 0x00007fe30c828800 nmethod 3082 0x00000001035d3d90 code [0x00000001035d3f00, 0x00000001035d4128]
Event: 3.629 Thread 0x00007fe30c828800 3083       3       com.sun.org.apache.xerces.internal.util.AugmentationsImpl::removeAllItems (8 bytes)
Event: 3.629 Thread 0x00007fe30c828800 nmethod 3083 0x00000001035d41d0 code [0x00000001035d4340, 0x00000001035d4568]
Event: 3.629 Thread 0x00007fe30c828800 3085       3       com.sun.org.apache.xerces.internal.util.XMLAttributesImpl::getValue (69 bytes)

GC Heap History (7 events):
Event: 1.409 GC heap before
{Heap before GC invocations=1 (full 0):
 PSYoungGen      total 76288K, used 65536K [0x000000076ab00000, 0x0000000770000000, 0x00000007c0000000)
  eden space 65536K, 100% used [0x000000076ab00000,0x000000076eb00000,0x000000076eb00000)
  from space 10752K, 0% used [0x000000076f580000,0x000000076f580000,0x0000000770000000)
  to   space 10752K, 0% used [0x000000076eb00000,0x000000076eb00000,0x000000076f580000)
 ParOldGen       total 175104K, used 0K [0x00000006c0000000, 0x00000006cab00000, 0x000000076ab00000)
  object space 175104K, 0% used [0x00000006c0000000,0x00000006c0000000,0x00000006cab00000)
 Metaspace       used 11313K, capacity 11496K, committed 11776K, reserved 1058816K
  class space    used 1421K, capacity 1508K, committed 1536K, reserved 1048576K
Event: 1.420 GC heap after
Heap after GC invocations=1 (full 0):
 PSYoungGen      total 76288K, used 9463K [0x000000076ab00000, 0x0000000770000000, 0x00000007c0000000)
  eden space 65536K, 0% used [0x000000076ab00000,0x000000076ab00000,0x000000076eb00000)
  from space 10752K, 88% used [0x000000076eb00000,0x000000076f43ddd0,0x000000076f580000)
  to   space 10752K, 0% used [0x000000076f580000,0x000000076f580000,0x0000000770000000)
 ParOldGen       total 175104K, used 16K [0x00000006c0000000, 0x00000006cab00000, 0x000000076ab00000)
  object space 175104K, 0% used [0x00000006c0000000,0x00000006c0004000,0x00000006cab00000)
 Metaspace       used 11313K, capacity 11496K, committed 11776K, reserved 1058816K
  class space    used 1421K, capacity 1508K, committed 1536K, reserved 1048576K
}
Event: 2.682 GC heap before
{Heap before GC invocations=2 (full 0):
 PSYoungGen      total 76288K, used 74999K [0x000000076ab00000, 0x0000000770000000, 0x00000007c0000000)
  eden space 65536K, 100% used [0x000000076ab00000,0x000000076eb00000,0x000000076eb00000)
  from space 10752K, 88% used [0x000000076eb00000,0x000000076f43ddd0,0x000000076f580000)
  to   space 10752K, 0% used [0x000000076f580000,0x000000076f580000,0x0000000770000000)
 ParOldGen       total 175104K, used 16K [0x00000006c0000000, 0x00000006cab00000, 0x000000076ab00000)
  object space 175104K, 0% used [0x00000006c0000000,0x00000006c0004000,0x00000006cab00000)
 Metaspace       used 15498K, capacity 15802K, committed 16128K, reserved 1062912K
  class space    used 1888K, capacity 2011K, committed 2048K, reserved 1048576K
Event: 2.697 GC heap after
Heap after GC invocations=2 (full 0):
 PSYoungGen      total 76288K, used 9526K [0x000000076ab00000, 0x0000000770000000, 0x00000007c0000000)
  eden space 65536K, 0% used [0x000000076ab00000,0x000000076ab00000,0x000000076eb00000)
  from space 10752K, 88% used [0x000000076f580000,0x000000076fecda70,0x0000000770000000)
  to   space 10752K, 0% used [0x000000076eb00000,0x000000076eb00000,0x000000076f580000)
 ParOldGen       total 175104K, used 24K [0x00000006c0000000, 0x00000006cab00000, 0x000000076ab00000)
  object space 175104K, 0% used [0x00000006c0000000,0x00000006c0006000,0x00000006cab00000)
 Metaspace       used 15498K, capacity 15802K, committed 16128K, reserved 1062912K
  class space    used 1888K, capacity 2011K, committed 2048K, reserved 1048576K
}
Event: 3.629 GC heap before
{Heap before GC invocations=3 (full 0):
 PSYoungGen      total 76288K, used 72991K [0x000000076ab00000, 0x0000000770000000, 0x00000007c0000000)
  eden space 65536K, 96% used [0x000000076ab00000,0x000000076e8fa560,0x000000076eb00000)
  from space 10752K, 88% used [0x000000076f580000,0x000000076fecda70,0x0000000770000000)
  to   space 10752K, 0% used [0x000000076eb00000,0x000000076eb00000,0x000000076f580000)
 ParOldGen       total 175104K, used 24K [0x00000006c0000000, 0x00000006cab00000, 0x000000076ab00000)
  object space 175104K, 0% used [0x00000006c0000000,0x00000006c0006000,0x00000006cab00000)
 Metaspace       used 20764K, capacity 21212K, committed 21296K, reserved 1069056K
  class space    used 2483K, capacity 2656K, committed 2688K, reserved 1048576K
Event: 3.652 GC heap after
Heap after GC invocations=3 (full 0):
 PSYoungGen      total 76288K, used 10747K [0x000000076ab00000, 0x0000000774000000, 0x00000007c0000000)
  eden space 65536K, 0% used [0x000000076ab00000,0x000000076ab00000,0x000000076eb00000)
  from space 10752K, 99% used [0x000000076eb00000,0x000000076f57ecb0,0x000000076f580000)
  to   space 10752K, 0% used [0x0000000773580000,0x0000000773580000,0x0000000774000000)
 ParOldGen       total 175104K, used 2319K [0x00000006c0000000, 0x00000006cab00000, 0x000000076ab00000)
  object space 175104K, 1% used [0x00000006c0000000,0x00000006c0243c48,0x00000006cab00000)
 Metaspace       used 20764K, capacity 21212K, committed 21296K, reserved 1069056K
  class space    used 2483K, capacity 2656K, committed 2688K, reserved 1048576K
}
Event: 3.652 GC heap before
{Heap before GC invocations=4 (full 1):
 PSYoungGen      total 76288K, used 10747K [0x000000076ab00000, 0x0000000774000000, 0x00000007c0000000)
  eden space 65536K, 0% used [0x000000076ab00000,0x000000076ab00000,0x000000076eb00000)
  from space 10752K, 99% used [0x000000076eb00000,0x000000076f57ecb0,0x000000076f580000)
  to   space 10752K, 0% used [0x0000000773580000,0x0000000773580000,0x0000000774000000)
 ParOldGen       total 175104K, used 2319K [0x00000006c0000000, 0x00000006cab00000, 0x000000076ab00000)
  object space 175104K, 1% used [0x00000006c0000000,0x00000006c0243c48,0x00000006cab00000)
 Metaspace       used 20764K, capacity 21212K, committed 21296K, reserved 1069056K
  class space    used 2483K, capacity 2656K, committed 2688K, reserved 1048576K

Deoptimization events (10 events):
Event: 3.432 Thread 0x00007fe30d003800 Uncommon trap: reason=unstable_if action=reinterpret pc=0x0000000103552530 method=java.util.Properties.loadConvert([CII[C)Ljava/lang/String; @ 57
Event: 3.449 Thread 0x00007fe30d003800 Uncommon trap: reason=class_check action=maybe_recompile pc=0x0000000103329384 method=java.util.Hashtable.get(Ljava/lang/Object;)Ljava/lang/Object; @ 6
Event: 3.451 Thread 0x00007fe30d003800 Uncommon trap: reason=class_check action=maybe_recompile pc=0x00000001032f79a4 method=java.util.Hashtable.put(Ljava/lang/Object;Ljava/lang/Object;)Ljava/lang/Object; @ 18
Event: 3.451 Thread 0x00007fe30d003800 Uncommon trap: reason=class_check action=maybe_recompile pc=0x0000000103329384 method=java.util.Hashtable.get(Ljava/lang/Object;)Ljava/lang/Object; @ 6
Event: 3.451 Thread 0x00007fe30d003800 Uncommon trap: reason=class_check action=maybe_recompile pc=0x0000000103329384 method=java.util.Hashtable.get(Ljava/lang/Object;)Ljava/lang/Object; @ 6
Event: 3.452 Thread 0x00007fe30d003800 Uncommon trap: reason=class_check action=maybe_recompile pc=0x00000001032f79a4 method=java.util.Hashtable.put(Ljava/lang/Object;Ljava/lang/Object;)Ljava/lang/Object; @ 18
Event: 3.452 Thread 0x00007fe30d003800 Uncommon trap: reason=class_check action=maybe_recompile pc=0x0000000103329384 method=java.util.Hashtable.get(Ljava/lang/Object;)Ljava/lang/Object; @ 6
Event: 3.482 Thread 0x00007fe30d003800 Uncommon trap: reason=unstable_if action=reinterpret pc=0x00000001031edbdc method=java.lang.reflect.Field.get(Ljava/lang/Object;)Ljava/lang/Object; @ 4
Event: 3.572 Thread 0x00007fe30d003800 Uncommon trap: reason=class_check action=maybe_recompile pc=0x00000001032f79a4 method=java.util.Hashtable.put(Ljava/lang/Object;Ljava/lang/Object;)Ljava/lang/Object; @ 18
Event: 3.575 Thread 0x00007fe30d003800 Uncommon trap: reason=class_check action=maybe_recompile pc=0x00000001032f79a4 method=java.util.Hashtable.put(Ljava/lang/Object;Ljava/lang/Object;)Ljava/lang/Object; @ 18

Internal exceptions (10 events):
Event: 1.777 Thread 0x00007fe30d003800 Exception <a 'java/lang/NullPointerException'> (0x000000076b8d7fa8) thrown at [/Users/java_re/workspace/8-2-build-macosx-x86_64/jdk8u102/7268/hotspot/src/share/vm/interpreter/linkResolver.cpp, line 1178]
Event: 1.777 Thread 0x00007fe30d003800 Exception <a 'java/lang/NullPointerException'> (0x000000076b8d81c0) thrown at [/Users/java_re/workspace/8-2-build-macosx-x86_64/jdk8u102/7268/hotspot/src/share/vm/interpreter/linkResolver.cpp, line 1178]
Event: 1.777 Thread 0x00007fe30d003800 Exception <a 'java/lang/NullPointerException'> (0x000000076b8d83d8) thrown at [/Users/java_re/workspace/8-2-build-macosx-x86_64/jdk8u102/7268/hotspot/src/share/vm/interpreter/linkResolver.cpp, line 1178]
Event: 1.778 Thread 0x00007fe30d003800 Exception <a 'java/lang/NullPointerException'> (0x000000076b8f13f0) thrown at [/Users/java_re/workspace/8-2-build-macosx-x86_64/jdk8u102/7268/hotspot/src/share/vm/interpreter/linkResolver.cpp, line 1178]
Event: 1.778 Thread 0x00007fe30d003800 Exception <a 'java/lang/NullPointerException'> (0x000000076b8f1608) thrown at [/Users/java_re/workspace/8-2-build-macosx-x86_64/jdk8u102/7268/hotspot/src/share/vm/interpreter/linkResolver.cpp, line 1178]
Event: 1.778 Thread 0x00007fe30d003800 Exception <a 'java/lang/NullPointerException'> (0x000000076b8f1820) thrown at [/Users/java_re/workspace/8-2-build-macosx-x86_64/jdk8u102/7268/hotspot/src/share/vm/interpreter/linkResolver.cpp, line 1178]
Event: 1.993 Thread 0x00007fe30d003800 Implicit null exception at 0x0000000102f67cf5 to 0x0000000102f67f29
Event: 1.993 Thread 0x00007fe30d003800 Implicit null exception at 0x0000000102e94f6f to 0x0000000102e94fd9
Event: 2.048 Thread 0x00007fe30d003800 Implicit null exception at 0x000000010319b54e to 0x000000010319bf75
Event: 3.297 Thread 0x00007fe30d003800 Exception <a 'java/io/FileNotFoundException'> (0x000000076dd7f588) thrown at [/Users/java_re/workspace/8-2-build-macosx-x86_64/jdk8u102/7268/hotspot/src/share/vm/prims/jni.cpp, line 709]

Events (10 events):
Event: 3.603 loading class java/util/Spliterator done
Event: 3.603 loading class java/util/function/Consumer
Event: 3.603 loading class java/util/function/Consumer done
Event: 3.603 loading class java/util/function/Predicate
Event: 3.603 loading class java/util/function/Predicate done
Event: 3.605 loading class java/util/stream/Stream
Event: 3.605 loading class java/util/stream/BaseStream
Event: 3.605 loading class java/util/stream/BaseStream done
Event: 3.605 loading class java/util/stream/Stream done
Event: 3.629 Executing VM operation: CollectForMetadataAllocation


Dynamic libraries:
0x0000000003ae8000 	/System/Library/Frameworks/Cocoa.framework/Versions/A/Cocoa
0x0000000003ae8000 	/System/Library/Frameworks/Security.framework/Versions/A/Security
0x0000000003ae8000 	/System/Library/Frameworks/ApplicationServices.framework/Versions/A/ApplicationServices
0x0000000003ae8000 	/usr/lib/libz.1.dylib
0x0000000003ae8000 	/usr/lib/libSystem.B.dylib
0x0000000003ae8000 	/usr/lib/libobjc.A.dylib
0x0000000003ae8000 	/System/Library/Frameworks/CoreFoundation.framework/Versions/A/CoreFoundation
0x0000000003ae8000 	/System/Library/Frameworks/Foundation.framework/Versions/C/Foundation
0x0000000003ae8000 	/System/Library/Frameworks/AppKit.framework/Versions/C/AppKit
0x0000000003ae8000 	/System/Library/Frameworks/CoreData.framework/Versions/A/CoreData
0x0000000003ae8000 	/System/Library/PrivateFrameworks/RemoteViewServices.framework/Versions/A/RemoteViewServices
0x0000000003ae8000 	/System/Library/PrivateFrameworks/UIFoundation.framework/Versions/A/UIFoundation
0x0000000003ae8000 	/usr/lib/libScreenReader.dylib
0x0000000003ae8000 	/System/Library/Frameworks/Accelerate.framework/Versions/A/Accelerate
0x0000000003ae8000 	/System/Library/Frameworks/IOSurface.framework/Versions/A/IOSurface
0x0000000003ae8000 	/System/Library/Frameworks/AudioToolbox.framework/Versions/A/AudioToolbox
0x0000000003ae8000 	/System/Library/Frameworks/AudioUnit.framework/Versions/A/AudioUnit
0x0000000003ae8000 	/System/Library/PrivateFrameworks/DataDetectorsCore.framework/Versions/A/DataDetectorsCore
0x0000000003ae8000 	/System/Library/PrivateFrameworks/DesktopServicesPriv.framework/Versions/A/DesktopServicesPriv
0x0000000003ae8000 	/System/Library/Frameworks/Carbon.framework/Versions/A/Frameworks/HIToolbox.framework/Versions/A/HIToolbox
0x0000000003ae8000 	/System/Library/Frameworks/QuartzCore.framework/Versions/A/QuartzCore
0x0000000003ae8000 	/System/Library/Frameworks/Carbon.framework/Versions/A/Frameworks/SpeechRecognition.framework/Versions/A/SpeechRecognition
0x0000000003ae8000 	/usr/lib/libauto.dylib
0x0000000003ae8000 	/usr/lib/libicucore.A.dylib
0x0000000003ae8000 	/usr/lib/libxml2.2.dylib
0x0000000003ae8000 	/System/Library/PrivateFrameworks/CoreUI.framework/Versions/A/CoreUI
0x0000000003ae8000 	/System/Library/Frameworks/CoreAudio.framework/Versions/A/CoreAudio
0x0000000003ae8000 	/System/Library/Frameworks/DiskArbitration.framework/Versions/A/DiskArbitration
0x0000000003ae8000 	/usr/lib/liblangid.dylib
0x0000000003ae8000 	/System/Library/PrivateFrameworks/MultitouchSupport.framework/Versions/A/MultitouchSupport
0x0000000003ae8000 	/System/Library/Frameworks/IOKit.framework/Versions/A/IOKit
0x0000000003ae8000 	/usr/lib/libDiagnosticMessagesClient.dylib
0x0000000003ae8000 	/System/Library/Frameworks/CoreServices.framework/Versions/A/CoreServices
0x0000000003ae8000 	/System/Library/PrivateFrameworks/PerformanceAnalysis.framework/Versions/A/PerformanceAnalysis
0x0000000003ae8000 	/System/Library/PrivateFrameworks/GenerationalStorage.framework/Versions/A/GenerationalStorage
0x0000000003ae8000 	/System/Library/Frameworks/OpenGL.framework/Versions/A/OpenGL
0x0000000003ae8000 	/System/Library/PrivateFrameworks/Sharing.framework/Versions/A/Sharing
0x0000000003ae8000 	/System/Library/Frameworks/CoreGraphics.framework/Versions/A/CoreGraphics
0x0000000003ae8000 	/System/Library/Frameworks/CoreImage.framework/Versions/A/CoreImage
0x0000000003ae8000 	/System/Library/Frameworks/CoreText.framework/Versions/A/CoreText
0x0000000003ae8000 	/System/Library/Frameworks/ImageIO.framework/Versions/A/ImageIO
0x0000000003ae8000 	/System/Library/PrivateFrameworks/Backup.framework/Versions/A/Backup
0x0000000003ae8000 	/usr/lib/libextension.dylib
0x0000000003ae8000 	/usr/lib/libarchive.2.dylib
0x0000000003ae8000 	/System/Library/Frameworks/CFNetwork.framework/Versions/A/CFNetwork
0x0000000003ae8000 	/System/Library/Frameworks/SystemConfiguration.framework/Versions/A/SystemConfiguration
0x0000000003ae8000 	/usr/lib/libCRFSuite.dylib
0x0000000003ae8000 	/usr/lib/libc++.1.dylib
0x0000000003ae8000 	/usr/lib/libc++abi.dylib
0x0000000003ae8000 	/usr/lib/system/libcache.dylib
0x0000000003ae8000 	/usr/lib/system/libcommonCrypto.dylib
0x0000000003ae8000 	/usr/lib/system/libcompiler_rt.dylib
0x0000000003ae8000 	/usr/lib/system/libcopyfile.dylib
0x0000000003ae8000 	/usr/lib/system/libcorecrypto.dylib
0x0000000003ae8000 	/usr/lib/system/libdispatch.dylib
0x0000000003ae8000 	/usr/lib/system/libdyld.dylib
0x0000000003ae8000 	/usr/lib/system/libkeymgr.dylib
0x0000000003ae8000 	/usr/lib/system/liblaunch.dylib
0x0000000003ae8000 	/usr/lib/system/libmacho.dylib
0x0000000003ae8000 	/usr/lib/system/libquarantine.dylib
0x0000000003ae8000 	/usr/lib/system/libremovefile.dylib
0x0000000003ae8000 	/usr/lib/system/libsystem_asl.dylib
0x0000000003ae8000 	/usr/lib/system/libsystem_blocks.dylib
0x0000000003ae8000 	/usr/lib/system/libsystem_c.dylib
0x0000000003ae8000 	/usr/lib/system/libsystem_configuration.dylib
0x0000000003ae8000 	/usr/lib/system/libsystem_coreservices.dylib
0x0000000003ae8000 	/usr/lib/system/libsystem_coretls.dylib
0x0000000003ae8000 	/usr/lib/system/libsystem_dnssd.dylib
0x0000000003ae8000 	/usr/lib/system/libsystem_info.dylib
0x0000000003ae8000 	/usr/lib/system/libsystem_kernel.dylib
0x0000000003ae8000 	/usr/lib/system/libsystem_m.dylib
0x0000000003ae8000 	/usr/lib/system/libsystem_malloc.dylib
0x0000000003ae8000 	/usr/lib/system/libsystem_network.dylib
0x0000000003ae8000 	/usr/lib/system/libsystem_networkextension.dylib
0x0000000003ae8000 	/usr/lib/system/libsystem_notify.dylib
0x0000000003ae8000 	/usr/lib/system/libsystem_platform.dylib
0x0000000003ae8000 	/usr/lib/system/libsystem_pthread.dylib
0x0000000003ae8000 	/usr/lib/system/libsystem_sandbox.dylib
0x0000000003ae8000 	/usr/lib/system/libsystem_secinit.dylib
0x0000000003ae8000 	/usr/lib/system/libsystem_trace.dylib
0x0000000003ae8000 	/usr/lib/system/libunc.dylib
0x0000000003ae8000 	/usr/lib/system/libunwind.dylib
0x0000000003ae8000 	/usr/lib/system/libxpc.dylib
0x0000000003ae8000 	/usr/lib/libenergytrace.dylib
0x0000000003ae8000 	/usr/lib/libbsm.0.dylib
0x0000000003ae8000 	/usr/lib/system/libkxld.dylib
0x0000000003ae8000 	/usr/lib/libxar.1.dylib
0x0000000003ae8000 	/usr/lib/libsqlite3.dylib
0x0000000003ae8000 	/usr/lib/libpam.2.dylib
0x0000000003ae8000 	/usr/lib/libOpenScriptingUtil.dylib
0x0000000003ae8000 	/usr/lib/libbz2.1.0.dylib
0x0000000003ae8000 	/usr/lib/liblzma.5.dylib
0x0000000003ae8000 	/System/Library/Frameworks/CoreServices.framework/Versions/A/Frameworks/FSEvents.framework/Versions/A/FSEvents
0x0000000003ae8000 	/System/Library/Frameworks/CoreServices.framework/Versions/A/Frameworks/CarbonCore.framework/Versions/A/CarbonCore
0x0000000003ae8000 	/System/Library/Frameworks/CoreServices.framework/Versions/A/Frameworks/Metadata.framework/Versions/A/Metadata
0x0000000003ae8000 	/System/Library/Frameworks/CoreServices.framework/Versions/A/Frameworks/OSServices.framework/Versions/A/OSServices
0x0000000003ae8000 	/System/Library/Frameworks/CoreServices.framework/Versions/A/Frameworks/SearchKit.framework/Versions/A/SearchKit
0x0000000003ae8000 	/System/Library/Frameworks/CoreServices.framework/Versions/A/Frameworks/AE.framework/Versions/A/AE
0x0000000003ae8000 	/System/Library/Frameworks/CoreServices.framework/Versions/A/Frameworks/LaunchServices.framework/Versions/A/LaunchServices
0x0000000003ae8000 	/System/Library/Frameworks/CoreServices.framework/Versions/A/Frameworks/DictionaryServices.framework/Versions/A/DictionaryServices
0x0000000003ae8000 	/System/Library/Frameworks/CoreServices.framework/Versions/A/Frameworks/SharedFileList.framework/Versions/A/SharedFileList
0x0000000003ae8000 	/System/Library/Frameworks/NetFS.framework/Versions/A/NetFS
0x0000000003ae8000 	/System/Library/PrivateFrameworks/NetAuth.framework/Versions/A/NetAuth
0x0000000003ae8000 	/System/Library/PrivateFrameworks/login.framework/Versions/A/Frameworks/loginsupport.framework/Versions/A/loginsupport
0x0000000003ae8000 	/System/Library/PrivateFrameworks/TCC.framework/Versions/A/TCC
0x0000000003ae8000 	/usr/lib/libmecabra.dylib
0x0000000003ae8000 	/System/Library/Frameworks/ApplicationServices.framework/Versions/A/Frameworks/ATS.framework/Versions/A/ATS
0x0000000003ae8000 	/System/Library/Frameworks/ApplicationServices.framework/Versions/A/Frameworks/ColorSync.framework/Versions/A/ColorSync
0x0000000003ae8000 	/System/Library/Frameworks/ApplicationServices.framework/Versions/A/Frameworks/HIServices.framework/Versions/A/HIServices
0x0000000003ae8000 	/System/Library/Frameworks/ApplicationServices.framework/Versions/A/Frameworks/LangAnalysis.framework/Versions/A/LangAnalysis
0x0000000003ae8000 	/System/Library/Frameworks/ApplicationServices.framework/Versions/A/Frameworks/PrintCore.framework/Versions/A/PrintCore
0x0000000003ae8000 	/System/Library/Frameworks/ApplicationServices.framework/Versions/A/Frameworks/QD.framework/Versions/A/QD
0x0000000003ae8000 	/System/Library/Frameworks/ApplicationServices.framework/Versions/A/Frameworks/SpeechSynthesis.framework/Versions/A/SpeechSynthesis
0x0000000003ae8000 	/System/Library/Frameworks/Metal.framework/Versions/A/Metal
0x0000000003ae8000 	/System/Library/Frameworks/Accelerate.framework/Versions/A/Frameworks/vImage.framework/Versions/A/vImage
0x0000000003ae8000 	/System/Library/Frameworks/Accelerate.framework/Versions/A/Frameworks/vecLib.framework/Versions/A/vecLib
0x0000000003ae8000 	/System/Library/Frameworks/Accelerate.framework/Versions/A/Frameworks/vecLib.framework/Versions/A/libvDSP.dylib
0x0000000003ae8000 	/System/Library/Frameworks/Accelerate.framework/Versions/A/Frameworks/vecLib.framework/Versions/A/libvMisc.dylib
0x0000000003ae8000 	/System/Library/Frameworks/Accelerate.framework/Versions/A/Frameworks/vecLib.framework/Versions/A/libLAPACK.dylib
0x0000000003ae8000 	/System/Library/Frameworks/Accelerate.framework/Versions/A/Frameworks/vecLib.framework/Versions/A/libBLAS.dylib
0x0000000003ae8000 	/System/Library/Frameworks/Accelerate.framework/Versions/A/Frameworks/vecLib.framework/Versions/A/libLinearAlgebra.dylib
0x0000000003ae8000 	/System/Library/Frameworks/Accelerate.framework/Versions/A/Frameworks/vecLib.framework/Versions/A/libSparseBLAS.dylib
0x0000000003ae8000 	/System/Library/PrivateFrameworks/GPUCompiler.framework/libmetal_timestamp.dylib
0x0000000003ae8000 	/System/Library/Frameworks/OpenGL.framework/Versions/A/Libraries/libCoreFSCache.dylib
0x0000000003ae8000 	/System/Library/PrivateFrameworks/IOAccelerator.framework/Versions/A/IOAccelerator
0x0000000003ae8000 	/System/Library/Frameworks/ApplicationServices.framework/Versions/A/Frameworks/ATS.framework/Versions/A/Resources/libFontParser.dylib
0x0000000003ae8000 	/System/Library/Frameworks/ApplicationServices.framework/Versions/A/Frameworks/ATS.framework/Versions/A/Resources/libFontRegistry.dylib
0x0000000003ae8000 	/System/Library/PrivateFrameworks/AppleVPA.framework/Versions/A/AppleVPA
0x0000000003ae8000 	/System/Library/PrivateFrameworks/AppleJPEG.framework/Versions/A/AppleJPEG
0x0000000003ae8000 	/System/Library/Frameworks/ImageIO.framework/Versions/A/Resources/libJPEG.dylib
0x0000000003ae8000 	/System/Library/Frameworks/ImageIO.framework/Versions/A/Resources/libTIFF.dylib
0x0000000003ae8000 	/System/Library/Frameworks/ImageIO.framework/Versions/A/Resources/libPng.dylib
0x0000000003ae8000 	/System/Library/Frameworks/ImageIO.framework/Versions/A/Resources/libGIF.dylib
0x0000000003ae8000 	/System/Library/Frameworks/ImageIO.framework/Versions/A/Resources/libJP2.dylib
0x0000000003ae8000 	/System/Library/Frameworks/ImageIO.framework/Versions/A/Resources/libRadiance.dylib
0x0000000003ae8000 	/System/Library/Frameworks/CoreVideo.framework/Versions/A/CoreVideo
0x0000000003ae8000 	/System/Library/Frameworks/OpenGL.framework/Versions/A/Libraries/libGLU.dylib
0x0000000003ae8000 	/System/Library/Frameworks/OpenGL.framework/Versions/A/Libraries/libGFXShared.dylib
0x0000000003ae8000 	/System/Library/Frameworks/OpenGL.framework/Versions/A/Libraries/libGL.dylib
0x0000000003ae8000 	/System/Library/Frameworks/OpenGL.framework/Versions/A/Libraries/libGLImage.dylib
0x0000000003ae8000 	/System/Library/Frameworks/OpenGL.framework/Versions/A/Libraries/libCVMSPluginSupport.dylib
0x0000000003ae8000 	/System/Library/Frameworks/OpenGL.framework/Versions/A/Libraries/libCoreVMClient.dylib
0x0000000003ae8000 	/usr/lib/libcups.2.dylib
0x0000000003ae8000 	/System/Library/Frameworks/Kerberos.framework/Versions/A/Kerberos
0x0000000003ae8000 	/System/Library/Frameworks/GSS.framework/Versions/A/GSS
0x0000000003ae8000 	/usr/lib/libresolv.9.dylib
0x0000000003ae8000 	/usr/lib/libiconv.2.dylib
0x0000000003ae8000 	/System/Library/PrivateFrameworks/Heimdal.framework/Versions/A/Heimdal
0x0000000003ae8000 	/usr/lib/libheimdal-asn1.dylib
0x0000000003ae8000 	/System/Library/Frameworks/OpenDirectory.framework/Versions/A/OpenDirectory
0x0000000003ae8000 	/System/Library/PrivateFrameworks/CommonAuth.framework/Versions/A/CommonAuth
0x0000000003ae8000 	/System/Library/Frameworks/OpenDirectory.framework/Versions/A/Frameworks/CFOpenDirectory.framework/Versions/A/CFOpenDirectory
0x0000000003ae8000 	/System/Library/Frameworks/SecurityFoundation.framework/Versions/A/SecurityFoundation
0x0000000003ae8000 	/System/Library/PrivateFrameworks/LanguageModeling.framework/Versions/A/LanguageModeling
0x0000000003ae8000 	/usr/lib/libmarisa.dylib
0x0000000003ae8000 	/usr/lib/libChineseTokenizer.dylib
0x0000000003ae8000 	/usr/lib/libcmph.dylib
0x0000000003ae8000 	/usr/lib/libcompression.dylib
0x0000000003ae8000 	/System/Library/Frameworks/ServiceManagement.framework/Versions/A/ServiceManagement
0x0000000003ae8000 	/usr/lib/libxslt.1.dylib
0x0000000003ae8000 	/System/Library/Frameworks/Carbon.framework/Versions/A/Frameworks/Ink.framework/Versions/A/Ink
0x0000000003ae8000 	/usr/lib/libFosl_dynamic.dylib
0x0000000003ae8000 	/System/Library/PrivateFrameworks/FaceCore.framework/Versions/A/FaceCore
0x0000000003ae8000 	/System/Library/Frameworks/OpenCL.framework/Versions/A/OpenCL
0x0000000003ae8000 	/System/Library/PrivateFrameworks/CrashReporterSupport.framework/Versions/A/CrashReporterSupport
0x0000000003ae8000 	/System/Library/PrivateFrameworks/IconServices.framework/Versions/A/IconServices
0x0000000003ae8000 	/System/Library/PrivateFrameworks/Apple80211.framework/Versions/A/Apple80211
0x0000000003ae8000 	/System/Library/Frameworks/CoreWLAN.framework/Versions/A/CoreWLAN
0x0000000003ae8000 	/System/Library/Frameworks/IOBluetooth.framework/Versions/A/IOBluetooth
0x0000000003ae8000 	/System/Library/PrivateFrameworks/CoreWiFi.framework/Versions/A/CoreWiFi
0x0000000003ae8000 	/System/Library/Frameworks/CoreBluetooth.framework/Versions/A/CoreBluetooth
0x0000000003ae8000 	/System/Library/PrivateFrameworks/ChunkingLibrary.framework/Versions/A/ChunkingLibrary
0x0000000003ae8000 	/System/Library/PrivateFrameworks/DebugSymbols.framework/Versions/A/DebugSymbols
0x0000000003ae8000 	/System/Library/PrivateFrameworks/CoreSymbolication.framework/Versions/A/CoreSymbolication
0x0000000003ae8000 	/System/Library/PrivateFrameworks/Symbolication.framework/Versions/A/Symbolication
0x0000000003ae8000 	/System/Library/PrivateFrameworks/SpeechRecognitionCore.framework/Versions/A/SpeechRecognitionCore
0x0000000101c00000 	/Library/Java/JavaVirtualMachines/jdk1.8.0_102.jdk/Contents/Home/jre/lib/server/libjvm.dylib
0x0000000003ae8000 	/usr/lib/libstdc++.6.dylib
0x0000000101220000 	/Library/Java/JavaVirtualMachines/jdk1.8.0_102.jdk/Contents/Home/jre/lib/libverify.dylib
0x000000010122e000 	/Library/Java/JavaVirtualMachines/jdk1.8.0_102.jdk/Contents/Home/jre/lib/libjava.dylib
0x000000010126d000 	/Library/Java/JavaVirtualMachines/jdk1.8.0_102.jdk/Contents/Home/jre/lib/libzip.dylib
0x000000011ce4e000 	/System/Library/Frameworks/JavaVM.framework/Frameworks/JavaRuntimeSupport.framework/JavaRuntimeSupport
0x000000011ce69000 	/System/Library/Frameworks/JavaVM.framework/Versions/A/Frameworks/JavaNativeFoundation.framework/Versions/A/JavaNativeFoundation
0x000000011ce7e000 	/System/Library/Frameworks/JavaVM.framework/Versions/A/JavaVM
0x0000000003ae8000 	/System/Library/Frameworks/Carbon.framework/Versions/A/Carbon
0x000000011ce8b000 	/System/Library/PrivateFrameworks/JavaLaunching.framework/Versions/A/JavaLaunching
0x0000000003ae8000 	/System/Library/Frameworks/Carbon.framework/Versions/A/Frameworks/CommonPanels.framework/Versions/A/CommonPanels
0x0000000003ae8000 	/System/Library/Frameworks/Carbon.framework/Versions/A/Frameworks/Help.framework/Versions/A/Help
0x0000000003ae8000 	/System/Library/Frameworks/Carbon.framework/Versions/A/Frameworks/ImageCapture.framework/Versions/A/ImageCapture
0x0000000003ae8000 	/System/Library/Frameworks/Carbon.framework/Versions/A/Frameworks/OpenScripting.framework/Versions/A/OpenScripting
0x0000000003ae8000 	/System/Library/Frameworks/Carbon.framework/Versions/A/Frameworks/Print.framework/Versions/A/Print
0x0000000003ae8000 	/System/Library/Frameworks/Carbon.framework/Versions/A/Frameworks/SecurityHI.framework/Versions/A/SecurityHI
0x000000011eb44000 	/Library/Java/JavaVirtualMachines/jdk1.8.0_102.jdk/Contents/Home/jre/lib/libnet.dylib
0x000000011eb5b000 	/Library/Java/JavaVirtualMachines/jdk1.8.0_102.jdk/Contents/Home/jre/lib/libnio.dylib
0x000000011ea6a000 	/Library/Java/JavaVirtualMachines/jdk1.8.0_102.jdk/Contents/Home/jre/lib/libmanagement.dylib

VM Arguments:
jvm_args: -Dmaven.home=EMBEDDED -Dclassworlds.conf=/Users/user/Documents/workspace/.metadata/.plugins/org.eclipse.m2e.launching/launches/m2conf310928719371646491.tmp -Dmaven.multiModuleProjectDirectory=/Users/user/Desktop/Eat-net/Spring2017 -Dfile.encoding=UTF-8 
java_command: org.codehaus.plexus.classworlds.launcher.Launcher -B tomcat7:run
java_class_path (initial): /Users/user/Desktop/Eclipse.app/Contents/Eclipse/plugins/org.eclipse.m2e.maven.runtime_1.7.0.20160603-1931/jars/plexus-classworlds-2.5.2.jar
Launcher Type: SUN_STANDARD

Environment Variables:
PATH=/usr/bin:/bin:/usr/sbin:/sbin
SHELL=/bin/bash

Signal Handlers:
SIGSEGV: [libjvm.dylib+0x5b0579], sa_mask[0]=11111111011111110111111111111111, sa_flags=SA_ONSTACK|SA_RESTART|SA_SIGINFO
SIGBUS: [libjvm.dylib+0x5b0579], sa_mask[0]=11111111011111110111111111111111, sa_flags=SA_RESTART|SA_SIGINFO
SIGFPE: [libjvm.dylib+0x4874e4], sa_mask[0]=11111111011111110111111111111111, sa_flags=SA_RESTART|SA_SIGINFO
SIGPIPE: [libjvm.dylib+0x4874e4], sa_mask[0]=11111111011111110111111111111111, sa_flags=SA_RESTART|SA_SIGINFO
SIGXFSZ: [libjvm.dylib+0x4874e4], sa_mask[0]=11111111011111110111111111111111, sa_flags=SA_RESTART|SA_SIGINFO
SIGILL: [libjvm.dylib+0x4874e4], sa_mask[0]=11111111011111110111111111111111, sa_flags=SA_RESTART|SA_SIGINFO
SIGUSR1: SIG_DFL, sa_mask[0]=00000000000000000000000000000000, sa_flags=none
SIGUSR2: [libjvm.dylib+0x487002], sa_mask[0]=00100000000000000000000000000000, sa_flags=SA_RESTART|SA_SIGINFO
SIGHUP: [libjvm.dylib+0x4855d9], sa_mask[0]=11111111011111110111111111111111, sa_flags=SA_RESTART|SA_SIGINFO
SIGINT: [libjvm.dylib+0x4855d9], sa_mask[0]=11111111011111110111111111111111, sa_flags=SA_RESTART|SA_SIGINFO
SIGTERM: [libjvm.dylib+0x4855d9], sa_mask[0]=11111111011111110111111111111111, sa_flags=SA_RESTART|SA_SIGINFO
SIGQUIT: [libjvm.dylib+0x4855d9], sa_mask[0]=11111111011111110111111111111111, sa_flags=SA_RESTART|SA_SIGINFO


---------------  S Y S T E M  ---------------

OS:Bsduname:Darwin 15.4.0 Darwin Kernel Version 15.4.0: Fri Feb 26 22:08:05 PST 2016; root:xnu-3248.40.184~3/RELEASE_X86_64 x86_64
rlimit: STACK 8192k, CORE 0k, NPROC 709, NOFILE 10240, AS infinity
load average:3.57 3.10 2.73

CPU:total 4 (2 cores per cpu, 2 threads per core) family 6 model 69 stepping 1, cmov, cx8, fxsr, mmx, sse, sse2, sse3, ssse3, sse4.1, sse4.2, popcnt, avx, avx2, aes, clmul, erms, lzcnt, ht, tsc, tscinvbit, bmi1, bmi2

Memory: 4k page, physical 16777216k(929116k free)

/proc/meminfo:


vm_info: Java HotSpot(TM) 64-Bit Server VM (25.102-b14) for bsd-amd64 JRE (1.8.0_102-b14), built on Jun 22 2016 11:42:36 by "java_re" with gcc 4.2.1 (Based on Apple Inc. build 5658) (LLVM build 2336.11.00)

time: Tue Feb 28 08:22:17 2017
elapsed time: 3 seconds (0d 0h 0m 3s)

