2017-02-23 16:04:03,190 [Worker-15] INFO  o.e.m.c.i.l.LifecycleMappingFactory - Using org.maven.ide.eclipse.wtp.WarLifecycleMapping lifecycle mapping for MavenProject: com.DeliveryGuys:Spring2017:0.0.1-SNAPSHOT @ /Users/user/Desktop/OOD/Eat-net/Spring2017/pom.xml.
2017-02-23 16:04:04,511 [Worker-15] WARN  o.e.m.c.i.embedder.EclipseLogger - Using platform encoding (UTF-8 actually) to copy filtered resources, i.e. build is platform dependent!
2017-02-23 16:04:04,531 [Worker-15] INFO  o.e.m.c.i.embedder.EclipseLogger - Copying 0 resource
2017-02-23 16:04:04,534 [Worker-15] WARN  o.e.m.c.i.embedder.EclipseLogger - Using platform encoding (UTF-8 actually) to copy filtered resources, i.e. build is platform dependent!
2017-02-23 16:04:04,536 [Worker-15] INFO  o.e.m.c.i.embedder.EclipseLogger - skip non existing resourceDirectory /Users/user/Desktop/OOD/Eat-net/Spring2017/src/test/resources
2017-02-23 16:04:04,906 [Worker-3] WARN  o.e.m.c.i.embedder.EclipseLogger - Using platform encoding (UTF-8 actually) to copy filtered resources, i.e. build is platform dependent!
2017-02-23 16:04:04,914 [Worker-3] INFO  o.e.m.c.i.embedder.EclipseLogger - Copying 0 resource
2017-02-23 16:04:04,917 [Worker-3] WARN  o.e.m.c.i.embedder.EclipseLogger - Using platform encoding (UTF-8 actually) to copy filtered resources, i.e. build is platform dependent!
2017-02-23 16:04:04,918 [Worker-3] INFO  o.e.m.c.i.embedder.EclipseLogger - skip non existing resourceDirectory /Users/user/Desktop/OOD/Eat-net/Spring2017/src/test/resources
2017-02-23 16:04:05,724 [Worker-6] INFO  o.e.m.c.i.l.LifecycleMappingFactory - Using org.maven.ide.eclipse.wtp.WarLifecycleMapping lifecycle mapping for MavenProject: com.DeliveryGuys:Spring2017:0.0.1-SNAPSHOT @ /Users/user/Desktop/OOD/Eat-net/Spring2017/pom.xml.
2017-02-23 16:04:07,414 [Worker-10] WARN  o.e.m.c.i.embedder.EclipseLogger - Using platform encoding (UTF-8 actually) to copy filtered resources, i.e. build is platform dependent!
2017-02-23 16:04:07,418 [Worker-10] INFO  o.e.m.c.i.embedder.EclipseLogger - Copying 0 resource
2017-02-23 16:04:07,421 [Worker-10] WARN  o.e.m.c.i.embedder.EclipseLogger - Using platform encoding (UTF-8 actually) to copy filtered resources, i.e. build is platform dependent!
2017-02-23 16:04:07,422 [Worker-10] INFO  o.e.m.c.i.embedder.EclipseLogger - skip non existing resourceDirectory /Users/user/Desktop/OOD/Eat-net/Spring2017/src/test/resources
2017-02-23 16:04:08,452 [Worker-2] WARN  o.e.m.c.i.embedder.EclipseLogger - Using platform encoding (UTF-8 actually) to copy filtered resources, i.e. build is platform dependent!
2017-02-23 16:04:08,457 [Worker-2] INFO  o.e.m.c.i.embedder.EclipseLogger - Copying 0 resource
2017-02-23 16:04:08,459 [Worker-2] WARN  o.e.m.c.i.embedder.EclipseLogger - Using platform encoding (UTF-8 actually) to copy filtered resources, i.e. build is platform dependent!
2017-02-23 16:04:08,460 [Worker-2] INFO  o.e.m.c.i.embedder.EclipseLogger - skip non existing resourceDirectory /Users/user/Desktop/OOD/Eat-net/Spring2017/src/test/resources
2017-02-23 16:05:02,289 [main] INFO  o.e.m2e.actions.ExecutePomAction - Creating new launch configuration
2017-02-23 16:05:11,451 [Worker-11] INFO  o.e.m.i.launch.MavenLaunchDelegate - /Users/user/Desktop/OOD/Eat-net/Spring2017
2017-02-23 16:05:11,453 [Worker-11] INFO  o.e.m.i.launch.MavenLaunchDelegate -  mvn -B tomcat7:run
2017-02-23 16:22:58,730 [Worker-9] WARN  o.e.m.c.i.embedder.EclipseLogger - Using platform encoding (UTF-8 actually) to copy filtered resources, i.e. build is platform dependent!
2017-02-23 16:22:58,734 [Worker-9] INFO  o.e.m.c.i.embedder.EclipseLogger - Copying 0 resource
2017-02-23 16:22:58,735 [Worker-9] WARN  o.e.m.c.i.embedder.EclipseLogger - Using platform encoding (UTF-8 actually) to copy filtered resources, i.e. build is platform dependent!
2017-02-23 16:22:58,736 [Worker-9] INFO  o.e.m.c.i.embedder.EclipseLogger - skip non existing resourceDirectory /Users/user/Desktop/OOD/Eat-net/Spring2017/src/test/resources
2017-02-23 16:23:10,788 [Worker-9] INFO  o.e.m.i.launch.MavenLaunchDelegate - /Users/user/Desktop/OOD/Eat-net/Spring2017
2017-02-23 16:23:10,788 [Worker-9] INFO  o.e.m.i.launch.MavenLaunchDelegate -  mvn -B tomcat7:run
2017-02-23 16:30:01,591 [Worker-26] WARN  o.e.m.c.i.embedder.EclipseLogger - Using platform encoding (UTF-8 actually) to copy filtered resources, i.e. build is platform dependent!
2017-02-23 16:30:01,599 [Worker-26] INFO  o.e.m.c.i.embedder.EclipseLogger - Copying 0 resource
2017-02-23 16:30:01,600 [Worker-26] WARN  o.e.m.c.i.embedder.EclipseLogger - Using platform encoding (UTF-8 actually) to copy filtered resources, i.e. build is platform dependent!
2017-02-23 16:30:01,602 [Worker-26] INFO  o.e.m.c.i.embedder.EclipseLogger - skip non existing resourceDirectory /Users/user/Desktop/OOD/Eat-net/Spring2017/src/test/resources
2017-02-23 16:32:52,237 [Worker-15] WARN  o.e.m.c.i.embedder.EclipseLogger - Using platform encoding (UTF-8 actually) to copy filtered resources, i.e. build is platform dependent!
2017-02-23 16:32:52,241 [Worker-15] INFO  o.e.m.c.i.embedder.EclipseLogger - Copying 0 resource
2017-02-23 16:32:52,242 [Worker-15] WARN  o.e.m.c.i.embedder.EclipseLogger - Using platform encoding (UTF-8 actually) to copy filtered resources, i.e. build is platform dependent!
2017-02-23 16:32:52,244 [Worker-15] INFO  o.e.m.c.i.embedder.EclipseLogger - skip non existing resourceDirectory /Users/user/Desktop/OOD/Eat-net/Spring2017/src/test/resources
2017-02-23 16:32:53,267 [Worker-25] WARN  o.e.m.c.i.embedder.EclipseLogger - Using platform encoding (UTF-8 actually) to copy filtered resources, i.e. build is platform dependent!
2017-02-23 16:32:53,270 [Worker-25] INFO  o.e.m.c.i.embedder.EclipseLogger - Copying 0 resource
2017-02-23 16:32:53,272 [Worker-25] WARN  o.e.m.c.i.embedder.EclipseLogger - Using platform encoding (UTF-8 actually) to copy filtered resources, i.e. build is platform dependent!
2017-02-23 16:32:53,273 [Worker-25] INFO  o.e.m.c.i.embedder.EclipseLogger - skip non existing resourceDirectory /Users/user/Desktop/OOD/Eat-net/Spring2017/src/test/resources
2017-02-23 17:21:35,530 [Worker-46] WARN  o.e.m.c.i.embedder.EclipseLogger - Using platform encoding (UTF-8 actually) to copy filtered resources, i.e. build is platform dependent!
2017-02-23 17:21:35,544 [Worker-46] INFO  o.e.m.c.i.embedder.EclipseLogger - Copying 0 resource
2017-02-23 17:21:35,546 [Worker-46] WARN  o.e.m.c.i.embedder.EclipseLogger - Using platform encoding (UTF-8 actually) to copy filtered resources, i.e. build is platform dependent!
2017-02-23 17:21:35,551 [Worker-46] INFO  o.e.m.c.i.embedder.EclipseLogger - skip non existing resourceDirectory /Users/user/Desktop/OOD/Eat-net/Spring2017/src/test/resources
2017-02-23 17:21:36,570 [Worker-40] WARN  o.e.m.c.i.embedder.EclipseLogger - Using platform encoding (UTF-8 actually) to copy filtered resources, i.e. build is platform dependent!
2017-02-23 17:21:36,572 [Worker-40] INFO  o.e.m.c.i.embedder.EclipseLogger - Copying 0 resource
2017-02-23 17:21:36,573 [Worker-40] WARN  o.e.m.c.i.embedder.EclipseLogger - Using platform encoding (UTF-8 actually) to copy filtered resources, i.e. build is platform dependent!
2017-02-23 17:21:36,575 [Worker-40] INFO  o.e.m.c.i.embedder.EclipseLogger - skip non existing resourceDirectory /Users/user/Desktop/OOD/Eat-net/Spring2017/src/test/resources
2017-02-23 17:22:50,035 [Worker-43] WARN  o.e.m.c.i.embedder.EclipseLogger - Using platform encoding (UTF-8 actually) to copy filtered resources, i.e. build is platform dependent!
2017-02-23 17:22:50,036 [Worker-43] INFO  o.e.m.c.i.embedder.EclipseLogger - Copying 0 resource
2017-02-23 17:22:50,038 [Worker-43] WARN  o.e.m.c.i.embedder.EclipseLogger - Using platform encoding (UTF-8 actually) to copy filtered resources, i.e. build is platform dependent!
2017-02-23 17:22:50,041 [Worker-43] INFO  o.e.m.c.i.embedder.EclipseLogger - skip non existing resourceDirectory /Users/user/Desktop/OOD/Eat-net/Spring2017/src/test/resources
2017-02-23 17:24:45,891 [Worker-40] WARN  o.e.m.c.i.embedder.EclipseLogger - Using platform encoding (UTF-8 actually) to copy filtered resources, i.e. build is platform dependent!
2017-02-23 17:24:45,893 [Worker-40] INFO  o.e.m.c.i.embedder.EclipseLogger - Copying 0 resource
2017-02-23 17:24:45,894 [Worker-40] WARN  o.e.m.c.i.embedder.EclipseLogger - Using platform encoding (UTF-8 actually) to copy filtered resources, i.e. build is platform dependent!
2017-02-23 17:24:45,895 [Worker-40] INFO  o.e.m.c.i.embedder.EclipseLogger - skip non existing resourceDirectory /Users/user/Desktop/OOD/Eat-net/Spring2017/src/test/resources
2017-02-23 17:25:50,698 [main] INFO  o.e.m2e.actions.ExecutePomAction - Creating new launch configuration
2017-02-23 17:26:01,658 [Worker-46] INFO  o.e.m.i.launch.MavenLaunchDelegate - /Users/user/Desktop/OOD/Eat-net/Spring2017
2017-02-23 17:26:01,658 [Worker-46] INFO  o.e.m.i.launch.MavenLaunchDelegate -  mvn -B tomcat7:run
2017-02-23 17:26:01,757 [Worker-48] WARN  o.e.m.c.i.embedder.EclipseLogger - Using platform encoding (UTF-8 actually) to copy filtered resources, i.e. build is platform dependent!
2017-02-23 17:26:01,759 [Worker-48] INFO  o.e.m.c.i.embedder.EclipseLogger - Copying 0 resource
2017-02-23 17:26:01,760 [Worker-48] WARN  o.e.m.c.i.embedder.EclipseLogger - Using platform encoding (UTF-8 actually) to copy filtered resources, i.e. build is platform dependent!
2017-02-23 17:26:01,764 [Worker-48] INFO  o.e.m.c.i.embedder.EclipseLogger - skip non existing resourceDirectory /Users/user/Desktop/OOD/Eat-net/Spring2017/src/test/resources
2017-02-23 17:28:07,632 [Worker-48] WARN  o.e.m.c.i.embedder.EclipseLogger - Using platform encoding (UTF-8 actually) to copy filtered resources, i.e. build is platform dependent!
2017-02-23 17:28:07,636 [Worker-48] INFO  o.e.m.c.i.embedder.EclipseLogger - Copying 0 resource
2017-02-23 17:28:07,637 [Worker-48] WARN  o.e.m.c.i.embedder.EclipseLogger - Using platform encoding (UTF-8 actually) to copy filtered resources, i.e. build is platform dependent!
2017-02-23 17:28:07,638 [Worker-48] INFO  o.e.m.c.i.embedder.EclipseLogger - skip non existing resourceDirectory /Users/user/Desktop/OOD/Eat-net/Spring2017/src/test/resources
2017-02-23 17:28:26,827 [Worker-43] INFO  o.e.m.i.launch.MavenLaunchDelegate - /Users/user/Desktop/OOD/Eat-net/Spring2017
2017-02-23 17:28:26,827 [Worker-43] INFO  o.e.m.i.launch.MavenLaunchDelegate -  mvn -B tomcat7:run
2017-02-23 17:29:57,324 [Worker-47] WARN  o.e.m.c.i.embedder.EclipseLogger - Using platform encoding (UTF-8 actually) to copy filtered resources, i.e. build is platform dependent!
2017-02-23 17:29:57,326 [Worker-47] INFO  o.e.m.c.i.embedder.EclipseLogger - Copying 0 resource
2017-02-23 17:29:57,328 [Worker-47] WARN  o.e.m.c.i.embedder.EclipseLogger - Using platform encoding (UTF-8 actually) to copy filtered resources, i.e. build is platform dependent!
2017-02-23 17:29:57,330 [Worker-47] INFO  o.e.m.c.i.embedder.EclipseLogger - skip non existing resourceDirectory /Users/user/Desktop/OOD/Eat-net/Spring2017/src/test/resources
2017-02-23 17:29:58,351 [Worker-44] WARN  o.e.m.c.i.embedder.EclipseLogger - Using platform encoding (UTF-8 actually) to copy filtered resources, i.e. build is platform dependent!
2017-02-23 17:29:58,352 [Worker-44] INFO  o.e.m.c.i.embedder.EclipseLogger - Copying 0 resource
2017-02-23 17:29:58,355 [Worker-44] WARN  o.e.m.c.i.embedder.EclipseLogger - Using platform encoding (UTF-8 actually) to copy filtered resources, i.e. build is platform dependent!
2017-02-23 17:29:58,357 [Worker-44] INFO  o.e.m.c.i.embedder.EclipseLogger - skip non existing resourceDirectory /Users/user/Desktop/OOD/Eat-net/Spring2017/src/test/resources
2017-02-23 17:31:55,161 [Worker-44] WARN  o.e.m.c.i.embedder.EclipseLogger - Using platform encoding (UTF-8 actually) to copy filtered resources, i.e. build is platform dependent!
2017-02-23 17:31:55,163 [Worker-44] INFO  o.e.m.c.i.embedder.EclipseLogger - Copying 0 resource
2017-02-23 17:31:55,164 [Worker-44] WARN  o.e.m.c.i.embedder.EclipseLogger - Using platform encoding (UTF-8 actually) to copy filtered resources, i.e. build is platform dependent!
2017-02-23 17:31:55,165 [Worker-44] INFO  o.e.m.c.i.embedder.EclipseLogger - skip non existing resourceDirectory /Users/user/Desktop/OOD/Eat-net/Spring2017/src/test/resources
2017-02-23 17:32:02,453 [Worker-49] INFO  o.e.m.i.launch.MavenLaunchDelegate - /Users/user/Desktop/OOD/Eat-net/Spring2017
2017-02-23 17:32:02,453 [Worker-49] INFO  o.e.m.i.launch.MavenLaunchDelegate -  mvn -B tomcat7:run
